#
# There is insufficient memory for the Java Runtime Environment to continue.
# Native memory allocation (malloc) failed to allocate 713456 bytes for Chunk::new
# Possible reasons:
#   The system is out of physical RAM or swap space
#   The process is running with CompressedOops enabled, and the Java Heap may be blocking the growth of the native heap
# Possible solutions:
#   Reduce memory load on the system
#   Increase physical memory or swap space
#   Check if swap backing store is full
#   Decrease Java heap size (-Xmx/-Xms)
#   Decrease number of Java threads
#   Decrease Java thread stack sizes (-Xss)
#   Set larger code cache with -XX:ReservedCodeCacheSize=
#   JVM is running with Unscaled Compressed Oops mode in which the Java heap is
#     placed in the first 4GB address space. The Java Heap base address is the
#     maximum limit for the native heap growth. Please use -XX:HeapBaseMinAddress
#     to set the Java Heap base and to place the Java Heap above 4GB virtual address.
# This output file may be truncated or incomplete.
#
#  Out of Memory Error (arena.cpp:184), pid=23984, tid=25144
#
# JRE version: Java(TM) SE Runtime Environment (18.0.1.1+2) (build 18.0.1.1+2-6)
# Java VM: Java HotSpot(TM) 64-Bit Server VM (18.0.1.1+2-6, mixed mode, sharing, tiered, compressed oops, compressed class ptrs, g1 gc, windows-amd64)
# No core dump will be written. Minidumps are not enabled by default on client versions of Windows
#

---------------  S U M M A R Y ------------

Command Line: org.jetbrains.kotlin.cli.jvm.K2JVMCompiler @C:\Users\lenovo\Preventhi\node_modules\expo-application\android\build\20240204_11245918635205282473.compiler.options

Host: AMD Ryzen 5 5600H with Radeon Graphics         , 12 cores, 5G,  Windows 11 , 64 bit Build 22621 (10.0.22621.2506)
Time: Sun Feb  4 19:54:33 2024 Malay Peninsula Standard Time elapsed time: 17.743594 seconds (0d 0h 0m 17s)

---------------  T H R E A D  ---------------

Current thread (0x000002587e9d33e0):  JavaThread "C2 CompilerThread0" daemon [_thread_in_native, id=25144, stack(0x000000a982900000,0x000000a982a00000)]


Current CompileTask:
C2:  17743 3059       4       jdk.internal.loader.BuiltinClassLoader::loadClassOrNull (7 bytes)

Stack: [0x000000a982900000,0x000000a982a00000]
Native frames: (J=compiled Java code, j=interpreted, Vv=VM code, C=native code)
V  [jvm.dll+0x69887a]
V  [jvm.dll+0x7f38bd]
V  [jvm.dll+0x7f51ce]
V  [jvm.dll+0x7f5883]
V  [jvm.dll+0x25ca3f]
V  [jvm.dll+0xb8c2f]
V  [jvm.dll+0xb8fa5]
V  [jvm.dll+0x2c794f]
V  [jvm.dll+0x5a05b0]
V  [jvm.dll+0x237f1e]
V  [jvm.dll+0x231672]
V  [jvm.dll+0x22eeeb]
V  [jvm.dll+0x1b9cfc]
V  [jvm.dll+0x23e8ca]
V  [jvm.dll+0x23cbb5]
V  [jvm.dll+0x7a5fb1]
V  [jvm.dll+0x7a03ea]
V  [jvm.dll+0x697725]
C  [ucrtbase.dll+0x29363]
C  [KERNEL32.DLL+0x1257d]
C  [ntdll.dll+0x5aa58]


---------------  P R O C E S S  ---------------

Threads class SMR info:
_java_thread_list=0x000002587ebf3550, length=12, elements={
0x000002586e61e7f0, 0x000002587e9b45b0, 0x000002587e9b7220, 0x000002587e9cba10,
0x000002587e9cd3c0, 0x000002587e9d1d70, 0x000002587e9d2710, 0x000002587e9d33e0,
0x000002587e9dccf0, 0x000002587e9e4b00, 0x000002587ec1aa80, 0x000002587ec23220
}

Java Threads: ( => current thread )
  0x000002586e61e7f0 JavaThread "main" [_thread_in_Java, id=24888, stack(0x000000a981c00000,0x000000a981d00000)]
  0x000002587e9b45b0 JavaThread "Reference Handler" daemon [_thread_blocked, id=25064, stack(0x000000a982300000,0x000000a982400000)]
  0x000002587e9b7220 JavaThread "Finalizer" daemon [_thread_blocked, id=25068, stack(0x000000a982400000,0x000000a982500000)]
  0x000002587e9cba10 JavaThread "Signal Dispatcher" daemon [_thread_blocked, id=25128, stack(0x000000a982500000,0x000000a982600000)]
  0x000002587e9cd3c0 JavaThread "Attach Listener" daemon [_thread_blocked, id=25132, stack(0x000000a982600000,0x000000a982700000)]
  0x000002587e9d1d70 JavaThread "Service Thread" daemon [_thread_blocked, id=25136, stack(0x000000a982700000,0x000000a982800000)]
  0x000002587e9d2710 JavaThread "Monitor Deflation Thread" daemon [_thread_blocked, id=25140, stack(0x000000a982800000,0x000000a982900000)]
=>0x000002587e9d33e0 JavaThread "C2 CompilerThread0" daemon [_thread_in_native, id=25144, stack(0x000000a982900000,0x000000a982a00000)]
  0x000002587e9dccf0 JavaThread "C1 CompilerThread0" daemon [_thread_blocked, id=25148, stack(0x000000a982a00000,0x000000a982b00000)]
  0x000002587e9e4b00 JavaThread "Sweeper thread" daemon [_thread_blocked, id=25152, stack(0x000000a982b00000,0x000000a982c00000)]
  0x000002587ec1aa80 JavaThread "Notification Thread" daemon [_thread_blocked, id=25172, stack(0x000000a982c00000,0x000000a982d00000)]
  0x000002587ec23220 JavaThread "Common-Cleaner" daemon [_thread_blocked, id=25188, stack(0x000000a982e00000,0x000000a982f00000)]

Other Threads:
  0x000002587e9adbd0 VMThread "VM Thread" [stack: 0x000000a982200000,0x000000a982300000] [id=25036]
  0x000002587ec1eb90 WatcherThread "VM Periodic Task Thread" [stack: 0x000000a982d00000,0x000000a982e00000] [id=25184]
  0x000002586e82e340 WorkerThread "GC Thread#0" [stack: 0x000000a981d00000,0x000000a981e00000] [id=24988]
  0x000002587f10be50 WorkerThread "GC Thread#1" [stack: 0x000000a982f00000,0x000000a983000000] [id=25352]
  0x000002587f10a410 WorkerThread "GC Thread#2" [stack: 0x000000a983000000,0x000000a983100000] [id=25404]
  0x000002587f10bbb0 WorkerThread "GC Thread#3" [stack: 0x000000a983100000,0x000000a983200000] [id=25408]
  0x000002587f10a6b0 WorkerThread "GC Thread#4" [stack: 0x000000a983200000,0x000000a983300000] [id=25412]
  0x000002587f10ae90 WorkerThread "GC Thread#5" [stack: 0x000000a983300000,0x000000a983400000] [id=25416]
  0x000002587f10a950 WorkerThread "GC Thread#6" [stack: 0x000000a983400000,0x000000a983500000] [id=25528]
  0x000002587f10b130 WorkerThread "GC Thread#7" [stack: 0x000000a983500000,0x000000a983600000] [id=25524]
  0x000002587f10abf0 WorkerThread "GC Thread#8" [stack: 0x000000a983600000,0x000000a983700000] [id=25532]
  0x000002587f10b3d0 WorkerThread "GC Thread#9" [stack: 0x000000a983700000,0x000000a983800000] [id=25512]
  0x000002586e83adf0 ConcurrentGCThread "G1 Main Marker" [stack: 0x000000a981e00000,0x000000a981f00000] [id=24996]
  0x000002586e83b7e0 WorkerThread "G1 Conc#0" [stack: 0x000000a981f00000,0x000000a982000000] [id=25004]
  0x000002587f10c0f0 WorkerThread "G1 Conc#1" [stack: 0x000000a983800000,0x000000a983900000] [id=3612]
  0x0000025813600800 WorkerThread "G1 Conc#2" [stack: 0x000000a983900000,0x000000a983a00000] [id=22376]
  0x000002586e882c90 ConcurrentGCThread "G1 Refine#0" [stack: 0x000000a982000000,0x000000a982100000] [id=25020]
  0x000002587f143a40 ConcurrentGCThread "G1 Refine#1" [stack: 0x000000a983a00000,0x000000a983b00000] [id=22584]
  0x000002586e8834b0 ConcurrentGCThread "G1 Service" [stack: 0x000000a982100000,0x000000a982200000] [id=25024]

Threads with active compile tasks:
C2 CompilerThread0    17811 3059       4       jdk.internal.loader.BuiltinClassLoader::loadClassOrNull (7 bytes)

VM state: not at safepoint (normal execution)

VM Mutex/Monitor currently owned by a thread: None

Heap address: 0x00000000a2400000, size: 1500 MB, Compressed Oops mode: 32-bit

CDS archive(s) mapped at: [0x0000000800000000-0x0000000800ba0000-0x0000000800ba0000), size 12189696, SharedBaseAddress: 0x0000000800000000, ArchiveRelocationMode: 0.
Compressed class space mapped at: 0x0000000800c00000-0x0000000840c00000, reserved size: 1073741824
Narrow klass base: 0x0000000800000000, Narrow klass shift: 0, Narrow klass range: 0x100000000

GC Precious Log:
 CardTable entry size: 512
 Card Set container configuration: InlinePtr #cards 5 size 8 Array Of Cards #cards 12 size 40 Howl #buckets 4 coarsen threshold 1843 Howl Bitmap #cards 512 size 80 coarsen threshold 460 Card regions per heap region 1 cards per card region 2048
 CPUs: 12 total, 12 available
 Memory: 5996M
 Large Page Support: Disabled
 NUMA Support: Disabled
 Compressed Oops: Enabled (32-bit)
 Heap Region Size: 1M
 Heap Min Capacity: 8M
 Heap Initial Capacity: 94M
 Heap Max Capacity: 1500M
 Pre-touch: Disabled
 Parallel Workers: 10
 Concurrent Workers: 3
 Concurrent Refinement Workers: 10
 Periodic GC: Disabled

Heap:
 garbage-first heap   total 96256K, used 29148K [0x00000000a2400000, 0x0000000100000000)
  region size 1024K, 8 young (8192K), 5 survivors (5120K)
 Metaspace       used 36517K, committed 37184K, reserved 1114112K
  class space    used 4596K, committed 4928K, reserved 1048576K

Heap Regions: E=young(eden), S=young(survivor), O=old, HS=humongous(starts), HC=humongous(continues), CS=collection set, F=free, OA=open archive, CA=closed archive, TAMS=top-at-mark-start (previous, next)
|   0|0x00000000a2400000, 0x00000000a2500000, 0x00000000a2500000|100%|HS|  |TAMS 0x00000000a2500000, 0x00000000a2400000| Complete 
|   1|0x00000000a2500000, 0x00000000a2600000, 0x00000000a2600000|100%|HC|  |TAMS 0x00000000a2600000, 0x00000000a2500000| Complete 
|   2|0x00000000a2600000, 0x00000000a2700000, 0x00000000a2700000|100%|HC|  |TAMS 0x00000000a2700000, 0x00000000a2600000| Complete 
|   3|0x00000000a2700000, 0x00000000a2800000, 0x00000000a2800000|100%|HC|  |TAMS 0x00000000a2800000, 0x00000000a2700000| Complete 
|   4|0x00000000a2800000, 0x00000000a2900000, 0x00000000a2900000|100%| O|  |TAMS 0x00000000a2900000, 0x00000000a2800000| Untracked 
|   5|0x00000000a2900000, 0x00000000a2a00000, 0x00000000a2a00000|100%| O|  |TAMS 0x00000000a2a00000, 0x00000000a2900000| Untracked 
|   6|0x00000000a2a00000, 0x00000000a2a00000, 0x00000000a2b00000|  0%| F|  |TAMS 0x00000000a2a00000, 0x00000000a2a00000| Untracked 
|   7|0x00000000a2b00000, 0x00000000a2c00000, 0x00000000a2c00000|100%|HS|  |TAMS 0x00000000a2c00000, 0x00000000a2b00000| Complete 
|   8|0x00000000a2c00000, 0x00000000a2d00000, 0x00000000a2d00000|100%|HC|  |TAMS 0x00000000a2d00000, 0x00000000a2c00000| Complete 
|   9|0x00000000a2d00000, 0x00000000a2e00000, 0x00000000a2e00000|100%|HC|  |TAMS 0x00000000a2e00000, 0x00000000a2d00000| Complete 
|  10|0x00000000a2e00000, 0x00000000a2f00000, 0x00000000a2f00000|100%|HC|  |TAMS 0x00000000a2f00000, 0x00000000a2e00000| Complete 
|  11|0x00000000a2f00000, 0x00000000a2f00000, 0x00000000a3000000|  0%| F|  |TAMS 0x00000000a2f00000, 0x00000000a2f00000| Untracked 
|  12|0x00000000a3000000, 0x00000000a3000000, 0x00000000a3100000|  0%| F|  |TAMS 0x00000000a3000000, 0x00000000a3000000| Untracked 
|  13|0x00000000a3100000, 0x00000000a3200000, 0x00000000a3200000|100%| O|  |TAMS 0x00000000a3200000, 0x00000000a3100000| Untracked 
|  14|0x00000000a3200000, 0x00000000a3300000, 0x00000000a3300000|100%| O|  |TAMS 0x00000000a3300000, 0x00000000a3200000| Untracked 
|  15|0x00000000a3300000, 0x00000000a3400000, 0x00000000a3400000|100%| O|  |TAMS 0x00000000a3400000, 0x00000000a3300000| Untracked 
|  16|0x00000000a3400000, 0x00000000a3500000, 0x00000000a3500000|100%| O|  |TAMS 0x00000000a3500000, 0x00000000a3400000| Untracked 
|  17|0x00000000a3500000, 0x00000000a3600000, 0x00000000a3600000|100%| O|  |TAMS 0x00000000a3600000, 0x00000000a3500000| Untracked 
|  18|0x00000000a3600000, 0x00000000a3700000, 0x00000000a3700000|100%| O|  |TAMS 0x00000000a3700000, 0x00000000a3600000| Untracked 
|  19|0x00000000a3700000, 0x00000000a3700000, 0x00000000a3800000|  0%| F|  |TAMS 0x00000000a3700000, 0x00000000a3700000| Untracked 
|  20|0x00000000a3800000, 0x00000000a3800000, 0x00000000a3900000|  0%| F|  |TAMS 0x00000000a3800000, 0x00000000a3800000| Untracked 
|  21|0x00000000a3900000, 0x00000000a3900000, 0x00000000a3a00000|  0%| F|  |TAMS 0x00000000a3900000, 0x00000000a3900000| Untracked 
|  22|0x00000000a3a00000, 0x00000000a3a00000, 0x00000000a3b00000|  0%| F|  |TAMS 0x00000000a3a00000, 0x00000000a3a00000| Untracked 
|  23|0x00000000a3b00000, 0x00000000a3b00000, 0x00000000a3c00000|  0%| F|  |TAMS 0x00000000a3b00000, 0x00000000a3b00000| Untracked 
|  24|0x00000000a3c00000, 0x00000000a3d00000, 0x00000000a3d00000|100%| O|  |TAMS 0x00000000a3d00000, 0x00000000a3c00000| Untracked 
|  25|0x00000000a3d00000, 0x00000000a3e00000, 0x00000000a3e00000|100%| O|  |TAMS 0x00000000a3e00000, 0x00000000a3d00000| Untracked 
|  26|0x00000000a3e00000, 0x00000000a3f00000, 0x00000000a3f00000|100%| O|  |TAMS 0x00000000a3f00000, 0x00000000a3e00000| Untracked 
|  27|0x00000000a3f00000, 0x00000000a4000000, 0x00000000a4000000|100%| O|  |TAMS 0x00000000a4000000, 0x00000000a3f00000| Untracked 
|  28|0x00000000a4000000, 0x00000000a4100000, 0x00000000a4100000|100%| O|  |TAMS 0x00000000a4100000, 0x00000000a4000000| Untracked 
|  29|0x00000000a4100000, 0x00000000a41d2600, 0x00000000a4200000| 82%| O|  |TAMS 0x00000000a41d2600, 0x00000000a4100000| Untracked 
|  30|0x00000000a4200000, 0x00000000a4200000, 0x00000000a4300000|  0%| F|  |TAMS 0x00000000a4200000, 0x00000000a4200000| Untracked 
|  31|0x00000000a4300000, 0x00000000a4300000, 0x00000000a4400000|  0%| F|  |TAMS 0x00000000a4300000, 0x00000000a4300000| Untracked 
|  32|0x00000000a4400000, 0x00000000a4400000, 0x00000000a4500000|  0%| F|  |TAMS 0x00000000a4400000, 0x00000000a4400000| Untracked 
|  33|0x00000000a4500000, 0x00000000a4500000, 0x00000000a4600000|  0%| F|  |TAMS 0x00000000a4500000, 0x00000000a4500000| Untracked 
|  34|0x00000000a4600000, 0x00000000a4600000, 0x00000000a4700000|  0%| F|  |TAMS 0x00000000a4600000, 0x00000000a4600000| Untracked 
|  35|0x00000000a4700000, 0x00000000a4700000, 0x00000000a4800000|  0%| F|  |TAMS 0x00000000a4700000, 0x00000000a4700000| Untracked 
|  36|0x00000000a4800000, 0x00000000a4800000, 0x00000000a4900000|  0%| F|  |TAMS 0x00000000a4800000, 0x00000000a4800000| Untracked 
|  37|0x00000000a4900000, 0x00000000a4900000, 0x00000000a4a00000|  0%| F|  |TAMS 0x00000000a4900000, 0x00000000a4900000| Untracked 
|  38|0x00000000a4a00000, 0x00000000a4a00000, 0x00000000a4b00000|  0%| F|  |TAMS 0x00000000a4a00000, 0x00000000a4a00000| Untracked 
|  39|0x00000000a4b00000, 0x00000000a4b00000, 0x00000000a4c00000|  0%| F|  |TAMS 0x00000000a4b00000, 0x00000000a4b00000| Untracked 
|  40|0x00000000a4c00000, 0x00000000a4c00000, 0x00000000a4d00000|  0%| F|  |TAMS 0x00000000a4c00000, 0x00000000a4c00000| Untracked 
|  41|0x00000000a4d00000, 0x00000000a4d00000, 0x00000000a4e00000|  0%| F|  |TAMS 0x00000000a4d00000, 0x00000000a4d00000| Untracked 
|  42|0x00000000a4e00000, 0x00000000a4e00000, 0x00000000a4f00000|  0%| F|  |TAMS 0x00000000a4e00000, 0x00000000a4e00000| Untracked 
|  43|0x00000000a4f00000, 0x00000000a4f00000, 0x00000000a5000000|  0%| F|  |TAMS 0x00000000a4f00000, 0x00000000a4f00000| Untracked 
|  44|0x00000000a5000000, 0x00000000a5000000, 0x00000000a5100000|  0%| F|  |TAMS 0x00000000a5000000, 0x00000000a5000000| Untracked 
|  45|0x00000000a5100000, 0x00000000a5100000, 0x00000000a5200000|  0%| F|  |TAMS 0x00000000a5100000, 0x00000000a5100000| Untracked 
|  46|0x00000000a5200000, 0x00000000a5200000, 0x00000000a5300000|  0%| F|  |TAMS 0x00000000a5200000, 0x00000000a5200000| Untracked 
|  47|0x00000000a5300000, 0x00000000a5300000, 0x00000000a5400000|  0%| F|  |TAMS 0x00000000a5300000, 0x00000000a5300000| Untracked 
|  48|0x00000000a5400000, 0x00000000a5400000, 0x00000000a5500000|  0%| F|  |TAMS 0x00000000a5400000, 0x00000000a5400000| Untracked 
|  49|0x00000000a5500000, 0x00000000a5500000, 0x00000000a5600000|  0%| F|  |TAMS 0x00000000a5500000, 0x00000000a5500000| Untracked 
|  50|0x00000000a5600000, 0x00000000a5600000, 0x00000000a5700000|  0%| F|  |TAMS 0x00000000a5600000, 0x00000000a5600000| Untracked 
|  51|0x00000000a5700000, 0x00000000a5700000, 0x00000000a5800000|  0%| F|  |TAMS 0x00000000a5700000, 0x00000000a5700000| Untracked 
|  52|0x00000000a5800000, 0x00000000a5800000, 0x00000000a5900000|  0%| F|  |TAMS 0x00000000a5800000, 0x00000000a5800000| Untracked 
|  53|0x00000000a5900000, 0x00000000a5900000, 0x00000000a5a00000|  0%| F|  |TAMS 0x00000000a5900000, 0x00000000a5900000| Untracked 
|  54|0x00000000a5a00000, 0x00000000a5a00000, 0x00000000a5b00000|  0%| F|  |TAMS 0x00000000a5a00000, 0x00000000a5a00000| Untracked 
|  55|0x00000000a5b00000, 0x00000000a5b00000, 0x00000000a5c00000|  0%| F|  |TAMS 0x00000000a5b00000, 0x00000000a5b00000| Untracked 
|  56|0x00000000a5c00000, 0x00000000a5c00000, 0x00000000a5d00000|  0%| F|  |TAMS 0x00000000a5c00000, 0x00000000a5c00000| Untracked 
|  57|0x00000000a5d00000, 0x00000000a5d00000, 0x00000000a5e00000|  0%| F|  |TAMS 0x00000000a5d00000, 0x00000000a5d00000| Untracked 
|  58|0x00000000a5e00000, 0x00000000a5e00000, 0x00000000a5f00000|  0%| F|  |TAMS 0x00000000a5e00000, 0x00000000a5e00000| Untracked 
|  59|0x00000000a5f00000, 0x00000000a5f00000, 0x00000000a6000000|  0%| F|  |TAMS 0x00000000a5f00000, 0x00000000a5f00000| Untracked 
|  60|0x00000000a6000000, 0x00000000a6000000, 0x00000000a6100000|  0%| F|  |TAMS 0x00000000a6000000, 0x00000000a6000000| Untracked 
|  61|0x00000000a6100000, 0x00000000a6100000, 0x00000000a6200000|  0%| F|  |TAMS 0x00000000a6100000, 0x00000000a6100000| Untracked 
|  62|0x00000000a6200000, 0x00000000a62a4c88, 0x00000000a6300000| 64%| S|CS|TAMS 0x00000000a6200000, 0x00000000a6200000| Complete 
|  63|0x00000000a6300000, 0x00000000a6400000, 0x00000000a6400000|100%| S|CS|TAMS 0x00000000a6300000, 0x00000000a6300000| Complete 
|  64|0x00000000a6400000, 0x00000000a6500000, 0x00000000a6500000|100%| S|CS|TAMS 0x00000000a6400000, 0x00000000a6400000| Complete 
|  65|0x00000000a6500000, 0x00000000a6600000, 0x00000000a6600000|100%| S|CS|TAMS 0x00000000a6500000, 0x00000000a6500000| Complete 
|  66|0x00000000a6600000, 0x00000000a6700000, 0x00000000a6700000|100%| S|CS|TAMS 0x00000000a6600000, 0x00000000a6600000| Complete 
|  67|0x00000000a6700000, 0x00000000a6700000, 0x00000000a6800000|  0%| F|  |TAMS 0x00000000a6700000, 0x00000000a6700000| Untracked 
|  68|0x00000000a6800000, 0x00000000a6800000, 0x00000000a6900000|  0%| F|  |TAMS 0x00000000a6800000, 0x00000000a6800000| Untracked 
|  69|0x00000000a6900000, 0x00000000a6900000, 0x00000000a6a00000|  0%| F|  |TAMS 0x00000000a6900000, 0x00000000a6900000| Untracked 
|  70|0x00000000a6a00000, 0x00000000a6a00000, 0x00000000a6b00000|  0%| F|  |TAMS 0x00000000a6a00000, 0x00000000a6a00000| Untracked 
|  71|0x00000000a6b00000, 0x00000000a6b00000, 0x00000000a6c00000|  0%| F|  |TAMS 0x00000000a6b00000, 0x00000000a6b00000| Untracked 
|  72|0x00000000a6c00000, 0x00000000a6c00000, 0x00000000a6d00000|  0%| F|  |TAMS 0x00000000a6c00000, 0x00000000a6c00000| Untracked 
|  73|0x00000000a6d00000, 0x00000000a6d00000, 0x00000000a6e00000|  0%| F|  |TAMS 0x00000000a6d00000, 0x00000000a6d00000| Untracked 
|  74|0x00000000a6e00000, 0x00000000a6e00000, 0x00000000a6f00000|  0%| F|  |TAMS 0x00000000a6e00000, 0x00000000a6e00000| Untracked 
|  75|0x00000000a6f00000, 0x00000000a6f00000, 0x00000000a7000000|  0%| F|  |TAMS 0x00000000a6f00000, 0x00000000a6f00000| Untracked 
|  76|0x00000000a7000000, 0x00000000a7000000, 0x00000000a7100000|  0%| F|  |TAMS 0x00000000a7000000, 0x00000000a7000000| Untracked 
|  77|0x00000000a7100000, 0x00000000a7100000, 0x00000000a7200000|  0%| F|  |TAMS 0x00000000a7100000, 0x00000000a7100000| Untracked 
|  78|0x00000000a7200000, 0x00000000a7200000, 0x00000000a7300000|  0%| F|  |TAMS 0x00000000a7200000, 0x00000000a7200000| Untracked 
|  79|0x00000000a7300000, 0x00000000a7300000, 0x00000000a7400000|  0%| F|  |TAMS 0x00000000a7300000, 0x00000000a7300000| Untracked 
|  80|0x00000000a7400000, 0x00000000a7400000, 0x00000000a7500000|  0%| F|  |TAMS 0x00000000a7400000, 0x00000000a7400000| Untracked 
|  81|0x00000000a7500000, 0x00000000a7500000, 0x00000000a7600000|  0%| F|  |TAMS 0x00000000a7500000, 0x00000000a7500000| Untracked 
|  82|0x00000000a7600000, 0x00000000a7600000, 0x00000000a7700000|  0%| F|  |TAMS 0x00000000a7600000, 0x00000000a7600000| Untracked 
|  83|0x00000000a7700000, 0x00000000a7700000, 0x00000000a7800000|  0%| F|  |TAMS 0x00000000a7700000, 0x00000000a7700000| Untracked 
|  84|0x00000000a7800000, 0x00000000a7800000, 0x00000000a7900000|  0%| F|  |TAMS 0x00000000a7800000, 0x00000000a7800000| Untracked 
|  85|0x00000000a7900000, 0x00000000a7900000, 0x00000000a7a00000|  0%| F|  |TAMS 0x00000000a7900000, 0x00000000a7900000| Untracked 
|  86|0x00000000a7a00000, 0x00000000a7a00000, 0x00000000a7b00000|  0%| F|  |TAMS 0x00000000a7a00000, 0x00000000a7a00000| Untracked 
|  87|0x00000000a7b00000, 0x00000000a7b00000, 0x00000000a7c00000|  0%| F|  |TAMS 0x00000000a7b00000, 0x00000000a7b00000| Untracked 
|  88|0x00000000a7c00000, 0x00000000a7c00000, 0x00000000a7d00000|  0%| F|  |TAMS 0x00000000a7c00000, 0x00000000a7c00000| Untracked 
|  89|0x00000000a7d00000, 0x00000000a7d00000, 0x00000000a7e00000|  0%| F|  |TAMS 0x00000000a7d00000, 0x00000000a7d00000| Untracked 
|  90|0x00000000a7e00000, 0x00000000a7e00000, 0x00000000a7f00000|  0%| F|  |TAMS 0x00000000a7e00000, 0x00000000a7e00000| Untracked 
|  91|0x00000000a7f00000, 0x00000000a8000000, 0x00000000a8000000|100%| E|  |TAMS 0x00000000a7f00000, 0x00000000a7f00000| Complete 
|  92|0x00000000a8000000, 0x00000000a8100000, 0x00000000a8100000|100%| E|CS|TAMS 0x00000000a8000000, 0x00000000a8000000| Complete 
|  94|0x00000000a8200000, 0x00000000a8300000, 0x00000000a8300000|100%| E|CS|TAMS 0x00000000a8200000, 0x00000000a8200000| Complete 

Card table byte_map: [0x0000025878860000,0x0000025878b50000] _byte_map_base: 0x000002587834e000

Marking Bits (Prev, Next): (CMBitMap*) 0x000002586e82e940, (CMBitMap*) 0x000002586e82e980
 Prev Bits: [0x0000025878e40000, 0x000002587a5b0000)
 Next Bits: [0x000002587a5b0000, 0x000002587bd20000)

Polling page: 0x000002586e890000

Metaspace:

Usage:
  Non-class:     31.17 MB used.
      Class:      4.49 MB used.
       Both:     35.66 MB used.

Virtual space:
  Non-class space:       64.00 MB reserved,      31.50 MB ( 49%) committed,  1 nodes.
      Class space:        1.00 GB reserved,       4.81 MB ( <1%) committed,  1 nodes.
             Both:        1.06 GB reserved,      36.31 MB (  3%) committed. 

Chunk freelists:
   Non-Class:  3.89 MB
       Class:  3.19 MB
        Both:  7.08 MB

MaxMetaspaceSize: unlimited
CompressedClassSpaceSize: 1.00 GB
Initial GC threshold: 21.00 MB
Current GC threshold: 59.19 MB
CDS: on
MetaspaceReclaimPolicy: balanced
 - commit_granule_bytes: 65536.
 - commit_granule_words: 8192.
 - virtual_space_node_default_size: 8388608.
 - enlarge_chunks_in_place: 1.
 - new_chunks_are_fully_committed: 0.
 - uncommit_free_chunks: 1.
 - use_allocation_guard: 0.


Internal statistics:

num_allocs_failed_limit: 6.
num_arena_births: 1200.
num_arena_deaths: 0.
num_vsnodes_births: 2.
num_vsnodes_deaths: 0.
num_space_committed: 580.
num_space_uncommitted: 0.
num_chunks_returned_to_freelist: 6.
num_chunks_taken_from_freelist: 2642.
num_chunk_merges: 6.
num_chunk_splits: 1929.
num_chunks_enlarged: 1378.
num_inconsistent_stats: 0.

CodeHeap 'non-profiled nmethods': size=120000Kb used=1254Kb max_used=1254Kb free=118745Kb
 bounds [0x0000025807ad0000, 0x0000025807d40000, 0x000002580f000000]
CodeHeap 'profiled nmethods': size=120000Kb used=5670Kb max_used=5670Kb free=114329Kb
 bounds [0x00000258005a0000, 0x0000025800b30000, 0x0000025807ad0000]
CodeHeap 'non-nmethods': size=5760Kb used=1288Kb max_used=1317Kb free=4472Kb
 bounds [0x0000025800000000, 0x0000025800270000, 0x00000258005a0000]
 total_blobs=3732 nmethods=3141 adapters=503
 compilation: enabled
              stopped_count=0, restarted_count=0
 full_count=0

Compilation events (20 events):
Event: 17.578 Thread 0x000002587e9dccf0 3164       2       org.jetbrains.kotlin.com.intellij.psi.impl.source.tree.CompositeElement::rawAddChildrenWithoutNotifications (47 bytes)
Event: 17.578 Thread 0x000002587e9dccf0 nmethod 3164 0x0000025800b1e210 code [0x0000025800b1e400, 0x0000025800b1e648]
Event: 17.578 Thread 0x000002587e9dccf0 3166       2       org.jetbrains.kotlin.com.intellij.openapi.util.UserDataHolderBase::putUserData (60 bytes)
Event: 17.579 Thread 0x000002587e9dccf0 nmethod 3166 0x0000025800b1e810 code [0x0000025800b1ea00, 0x0000025800b1ece8]
Event: 17.579 Thread 0x000002587e9dccf0 3172       1       org.jetbrains.kotlin.com.intellij.psi.impl.source.tree.CompositeElement::setCachedLength (6 bytes)
Event: 17.579 Thread 0x000002587e9dccf0 nmethod 3172 0x0000025807c09090 code [0x0000025807c09220, 0x0000025807c092f8]
Event: 17.579 Thread 0x000002587e9dccf0 3167       2       org.jetbrains.kotlin.com.intellij.util.keyFMap.EmptyFMap::minus (18 bytes)
Event: 17.579 Thread 0x000002587e9dccf0 nmethod 3167 0x0000025800b1ee90 code [0x0000025800b1f020, 0x0000025800b1f168]
Event: 17.579 Thread 0x000002587e9dccf0 3165       2       org.jetbrains.kotlin.com.intellij.psi.impl.source.CharTableImpl::subSequenceHashCode (35 bytes)
Event: 17.586 Thread 0x000002587e9dccf0 nmethod 3165 0x0000025800b1f210 code [0x0000025800b1f3e0, 0x0000025800b1f618]
Event: 17.586 Thread 0x000002587e9dccf0 3168       2       org.jetbrains.kotlin.com.intellij.psi.impl.source.tree.SharedImplUtil::findFileElement (65 bytes)
Event: 17.589 Thread 0x000002587e9dccf0 nmethod 3168 0x0000025800b1f790 code [0x0000025800b1f940, 0x0000025800b1fc28]
Event: 17.589 Thread 0x000002587e9dccf0 3169       2       org.jetbrains.kotlin.com.intellij.psi.impl.source.tree.TreeElement::rawRemoveUpToWithoutNotifications (247 bytes)
Event: 17.591 Thread 0x000002587e9dccf0 nmethod 3169 0x0000025800b1fd90 code [0x0000025800b20020, 0x0000025800b20948]
Event: 17.620 Thread 0x000002587e9dccf0 3174       2       jdk.internal.org.objectweb.asm.ClassReader::<init> (371 bytes)
Event: 17.622 Thread 0x000002587e9dccf0 nmethod 3174 0x0000025800b20f90 code [0x0000025800b21200, 0x0000025800b21dd8]
Event: 17.622 Thread 0x000002587e9dccf0 3173       2       java.lang.invoke.MethodHandles$Lookup$ClassFile::readUnsignedShort (39 bytes)
Event: 17.622 Thread 0x000002587e9dccf0 nmethod 3173 0x0000025800b22290 code [0x0000025800b22440, 0x0000025800b22608]
Event: 17.622 Thread 0x000002587e9dccf0 3175       1       jdk.internal.org.objectweb.asm.ClassReader::getMaxStringLength (5 bytes)
Event: 17.622 Thread 0x000002587e9dccf0 nmethod 3175 0x0000025807c09390 code [0x0000025807c09520, 0x0000025807c095f8]

GC Heap History (14 events):
Event: 2.406 GC heap before
{Heap before GC invocations=0 (full 0):
 garbage-first heap   total 96256K, used 27648K [0x00000000a2400000, 0x0000000100000000)
  region size 1024K, 23 young (23552K), 0 survivors (0K)
 Metaspace       used 6571K, committed 6720K, reserved 1114112K
  class space    used 647K, committed 768K, reserved 1048576K
}
Event: 2.435 GC heap after
{Heap after GC invocations=1 (full 0):
 garbage-first heap   total 96256K, used 7104K [0x00000000a2400000, 0x0000000100000000)
  region size 1024K, 3 young (3072K), 3 survivors (3072K)
 Metaspace       used 6571K, committed 6720K, reserved 1114112K
  class space    used 647K, committed 768K, reserved 1048576K
}
Event: 5.138 GC heap before
{Heap before GC invocations=1 (full 0):
 garbage-first heap   total 96256K, used 38848K [0x00000000a2400000, 0x0000000100000000)
  region size 1024K, 35 young (35840K), 3 survivors (3072K)
 Metaspace       used 13804K, committed 14016K, reserved 1114112K
  class space    used 1554K, committed 1664K, reserved 1048576K
}
Event: 5.162 GC heap after
{Heap after GC invocations=2 (full 0):
 garbage-first heap   total 96256K, used 10308K [0x00000000a2400000, 0x0000000100000000)
  region size 1024K, 4 young (4096K), 4 survivors (4096K)
 Metaspace       used 13804K, committed 14016K, reserved 1114112K
  class space    used 1554K, committed 1664K, reserved 1048576K
}
Event: 11.576 GC heap before
{Heap before GC invocations=2 (full 0):
 garbage-first heap   total 96256K, used 40004K [0x00000000a2400000, 0x0000000100000000)
  region size 1024K, 30 young (30720K), 4 survivors (4096K)
 Metaspace       used 21288K, committed 21504K, reserved 1114112K
  class space    used 2744K, committed 2880K, reserved 1048576K
}
Event: 11.593 GC heap after
{Heap after GC invocations=3 (full 0):
 garbage-first heap   total 96256K, used 16678K [0x00000000a2400000, 0x0000000100000000)
  region size 1024K, 6 young (6144K), 6 survivors (6144K)
 Metaspace       used 21288K, committed 21504K, reserved 1114112K
  class space    used 2744K, committed 2880K, reserved 1048576K
}
Event: 13.733 GC heap before
{Heap before GC invocations=4 (full 0):
 garbage-first heap   total 61440K, used 49446K [0x00000000a2400000, 0x0000000100000000)
  region size 1024K, 36 young (36864K), 6 survivors (6144K)
 Metaspace       used 26264K, committed 26560K, reserved 1114112K
  class space    used 3497K, committed 3648K, reserved 1048576K
}
Event: 13.889 GC heap after
{Heap after GC invocations=5 (full 0):
 garbage-first heap   total 61440K, used 24101K [0x00000000a2400000, 0x0000000100000000)
  region size 1024K, 5 young (5120K), 5 survivors (5120K)
 Metaspace       used 26264K, committed 26560K, reserved 1114112K
  class space    used 3497K, committed 3648K, reserved 1048576K
}
Event: 13.979 GC heap before
{Heap before GC invocations=5 (full 0):
 garbage-first heap   total 61440K, used 25125K [0x00000000a2400000, 0x0000000100000000)
  region size 1024K, 6 young (6144K), 5 survivors (5120K)
 Metaspace       used 26367K, committed 26624K, reserved 1114112K
  class space    used 3507K, committed 3648K, reserved 1048576K
}
Event: 13.992 GC heap after
{Heap after GC invocations=6 (full 0):
 garbage-first heap   total 61440K, used 23321K [0x00000000a2400000, 0x0000000100000000)
  region size 1024K, 1 young (1024K), 1 survivors (1024K)
 Metaspace       used 26367K, committed 26624K, reserved 1114112K
  class space    used 3507K, committed 3648K, reserved 1048576K
}
Event: 15.731 GC heap before
{Heap before GC invocations=6 (full 0):
 garbage-first heap   total 61440K, used 44825K [0x00000000a2400000, 0x0000000100000000)
  region size 1024K, 23 young (23552K), 1 survivors (1024K)
 Metaspace       used 30948K, committed 31232K, reserved 1114112K
  class space    used 3910K, committed 4032K, reserved 1048576K
}
Event: 15.741 GC heap after
{Heap after GC invocations=7 (full 0):
 garbage-first heap   total 97280K, used 24970K [0x00000000a2400000, 0x0000000100000000)
  region size 1024K, 3 young (3072K), 3 survivors (3072K)
 Metaspace       used 30948K, committed 31232K, reserved 1114112K
  class space    used 3910K, committed 4032K, reserved 1048576K
}
Event: 17.416 GC heap before
{Heap before GC invocations=7 (full 0):
 garbage-first heap   total 97280K, used 52618K [0x00000000a2400000, 0x0000000100000000)
  region size 1024K, 31 young (31744K), 3 survivors (3072K)
 Metaspace       used 35583K, committed 36288K, reserved 1114112K
  class space    used 4502K, committed 4864K, reserved 1048576K
}
Event: 17.432 GC heap after
{Heap after GC invocations=8 (full 0):
 garbage-first heap   total 97280K, used 27100K [0x00000000a2400000, 0x0000000100000000)
  region size 1024K, 5 young (5120K), 5 survivors (5120K)
 Metaspace       used 35583K, committed 36288K, reserved 1114112K
  class space    used 4502K, committed 4864K, reserved 1048576K
}

Deoptimization events (20 events):
Event: 17.094 Thread 0x000002586e61e7f0 Uncommon trap: trap_request=0xffffff45 fr.pc=0x0000025807bad8cc relative=0x00000000000000ac
Event: 17.094 Thread 0x000002586e61e7f0 Uncommon trap: reason=unstable_if action=reinterpret pc=0x0000025807bad8cc method=java.lang.StringConcatHelper.newString([BJ)Ljava/lang/String; @ 3 c2
Event: 17.094 Thread 0x000002586e61e7f0 DEOPT PACKING pc=0x0000025807bad8cc sp=0x000000a981cf5680
Event: 17.094 Thread 0x000002586e61e7f0 DEOPT UNPACKING pc=0x00000258000523a3 sp=0x000000a981cf5608 mode 2
Event: 17.094 Thread 0x000002586e61e7f0 Uncommon trap: trap_request=0xffffff45 fr.pc=0x0000025807b7968c relative=0x000000000000024c
Event: 17.094 Thread 0x000002586e61e7f0 Uncommon trap: reason=unstable_if action=reinterpret pc=0x0000025807b7968c method=sun.net.www.ParseUtil.firstEncodeIndex(Ljava/lang/String;)I @ 27 c2
Event: 17.094 Thread 0x000002586e61e7f0 DEOPT PACKING pc=0x0000025807b7968c sp=0x000000a981cf55b0
Event: 17.094 Thread 0x000002586e61e7f0 DEOPT UNPACKING pc=0x00000258000523a3 sp=0x000000a981cf5418 mode 2
Event: 17.094 Thread 0x000002586e61e7f0 Uncommon trap: trap_request=0xffffff45 fr.pc=0x0000025807b5df54 relative=0x0000000000000154
Event: 17.094 Thread 0x000002586e61e7f0 Uncommon trap: reason=unstable_if action=reinterpret pc=0x0000025807b5df54 method=java.lang.String.indexOf(II)I @ 4 c2
Event: 17.094 Thread 0x000002586e61e7f0 DEOPT PACKING pc=0x0000025807b5df54 sp=0x000000a981cf52d0
Event: 17.094 Thread 0x000002586e61e7f0 DEOPT UNPACKING pc=0x00000258000523a3 sp=0x000000a981cf5200 mode 2
Event: 17.094 Thread 0x000002586e61e7f0 Uncommon trap: trap_request=0xffffff45 fr.pc=0x0000025807b9f2bc relative=0x000000000000019c
Event: 17.094 Thread 0x000002586e61e7f0 Uncommon trap: reason=unstable_if action=reinterpret pc=0x0000025807b9f2bc method=java.lang.String.startsWith(Ljava/lang/String;I)Z @ 50 c2
Event: 17.094 Thread 0x000002586e61e7f0 DEOPT PACKING pc=0x0000025807b9f2bc sp=0x000000a981cf5340
Event: 17.094 Thread 0x000002586e61e7f0 DEOPT UNPACKING pc=0x00000258000523a3 sp=0x000000a981cf52a0 mode 2
Event: 17.094 Thread 0x000002586e61e7f0 Uncommon trap: trap_request=0xffffff45 fr.pc=0x0000025807bb56c8 relative=0x0000000000000688
Event: 17.094 Thread 0x000002586e61e7f0 Uncommon trap: reason=unstable_if action=reinterpret pc=0x0000025807bb56c8 method=java.lang.String.lastIndexOf(II)I @ 4 c2
Event: 17.094 Thread 0x000002586e61e7f0 DEOPT PACKING pc=0x0000025807bb56c8 sp=0x000000a981cf5380
Event: 17.094 Thread 0x000002586e61e7f0 DEOPT UNPACKING pc=0x00000258000523a3 sp=0x000000a981cf5270 mode 2

Classes loaded (20 events):
Event: 16.645 Loading class java/lang/invoke/BoundMethodHandle$Species_LLLLLLLLLLLLLLLLLLLLL
Event: 16.645 Loading class java/lang/invoke/BoundMethodHandle$Species_LLLLLLLLLLLLLLLLLLLLL done
Event: 16.653 Loading class java/lang/invoke/BoundMethodHandle$Species_LLLLLLLLLLLLLLLLLLLLLL
Event: 16.653 Loading class java/lang/invoke/BoundMethodHandle$Species_LLLLLLLLLLLLLLLLLLLLLL done
Event: 16.681 Loading class java/lang/invoke/BoundMethodHandle$Species_LLLLLLLLLLLLLLLLLLLLLLL
Event: 16.681 Loading class java/lang/invoke/BoundMethodHandle$Species_LLLLLLLLLLLLLLLLLLLLLLL done
Event: 16.912 Loading class java/lang/invoke/BoundMethodHandle$Species_LLLLLLLLLLLLLLLLLLLLLLLL
Event: 16.912 Loading class java/lang/invoke/BoundMethodHandle$Species_LLLLLLLLLLLLLLLLLLLLLLLL done
Event: 16.917 Loading class java/lang/invoke/BoundMethodHandle$Species_LLLLLLLLLLLLLLLLLLLLLLLLL
Event: 16.917 Loading class java/lang/invoke/BoundMethodHandle$Species_LLLLLLLLLLLLLLLLLLLLLLLLL done
Event: 17.203 Loading class java/util/EmptyStackException
Event: 17.203 Loading class java/util/EmptyStackException done
Event: 17.215 Loading class java/util/BitSet
Event: 17.216 Loading class java/util/BitSet done
Event: 17.218 Loading class java/util/PrimitiveIterator$OfInt
Event: 17.218 Loading class java/util/PrimitiveIterator
Event: 17.218 Loading class java/util/PrimitiveIterator done
Event: 17.218 Loading class java/util/PrimitiveIterator$OfInt done
Event: 17.540 Loading class java/util/function/IntUnaryOperator
Event: 17.542 Loading class java/util/function/IntUnaryOperator done

Classes unloaded (0 events):
No events

Classes redefined (0 events):
No events

Internal exceptions (20 events):
Event: 16.644 Thread 0x000002586e61e7f0 Exception <a 'java/lang/NoSuchMethodError'{0x00000000a74322e0}: 'java.lang.Object java.lang.invoke.DirectMethodHandle$Holder.invokeStatic(java.lang.Object, java.lang.Object, java.lang.Object, java.lang.Object, java.lang.Object, java.lang.Object, java.lang.Object, java.lang.Object, java.lang.Object, java.lang.Object, java.lang.Object, java.lang.Object, java.lang.Object, java.lang.Object, java.lang.Object, java.lang.Object, java.lang.Object, java.lang.Object, java.lang.Object, java.lang.Object, java.lang.Obj
Event: 16.646 Thread 0x000002586e61e7f0 Exception <a 'java/lang/NoSuchMethodError'{0x00000000a745fdb8}: 'java.lang.Object java.lang.invoke.DirectMethodHandle$Holder.invokeStatic(java.lang.Object, java.lang.Object, java.lang.Object, java.lang.Object, java.lang.Object, java.lang.Object, java.lang.Object, java.lang.Object, java.lang.Object, java.lang.Object, java.lang.Object, java.lang.Object, java.lang.Object, java.lang.Object, java.lang.Object, java.lang.Object, java.lang.Object, java.lang.Object, java.lang.Object, java.lang.Object, java.lang.Obj
Event: 16.679 Thread 0x000002586e61e7f0 Exception <a 'java/lang/NoSuchMethodError'{0x00000000a748eb10}: 'java.lang.Object java.lang.invoke.DirectMethodHandle$Holder.invokeStatic(java.lang.Object, java.lang.Object, java.lang.Object, java.lang.Object, java.lang.Object, java.lang.Object, java.lang.Object, java.lang.Object, java.lang.Object, java.lang.Object, java.lang.Object, java.lang.Object, java.lang.Object, java.lang.Object, java.lang.Object, java.lang.Object, java.lang.Object, java.lang.Object, java.lang.Object, java.lang.Object, java.lang.Obj
Event: 16.683 Thread 0x000002586e61e7f0 Exception <a 'java/lang/NoSuchMethodError'{0x00000000a74bef08}: 'java.lang.Object java.lang.invoke.DirectMethodHandle$Holder.invokeStatic(java.lang.Object, java.lang.Object, java.lang.Object, java.lang.Object, java.lang.Object, java.lang.Object, java.lang.Object, java.lang.Object, java.lang.Object, java.lang.Object, java.lang.Object, java.lang.Object, java.lang.Object, java.lang.Object, java.lang.Object, java.lang.Object, java.lang.Object, java.lang.Object, java.lang.Object, java.lang.Object, java.lang.Obj
Event: 16.804 Thread 0x000002586e61e7f0 Exception <a 'java/lang/NoSuchMethodError'{0x00000000a73f84a8}: 'java.lang.Object java.lang.invoke.DirectMethodHandle$Holder.newInvokeSpecial(java.lang.Object, java.lang.Object, java.lang.Object, java.lang.Object, java.lang.Object, java.lang.Object, java.lang.Object, java.lang.Object, java.lang.Object, java.lang.Object, java.lang.Object, java.lang.Object, java.lang.Object, java.lang.Object, java.lang.Object, java.lang.Object, java.lang.Object, java.lang.Object, java.lang.Object, java.lang.Object)'> (0x0000
Event: 16.805 Thread 0x000002586e61e7f0 Exception <a 'java/lang/NoSuchMethodError'{0x00000000a73fe750}: 'java.lang.Object java.lang.invoke.DirectMethodHandle$Holder.invokeSpecial(java.lang.Object, java.lang.Object, java.lang.Object, java.lang.Object, java.lang.Object, java.lang.Object, java.lang.Object, java.lang.Object, java.lang.Object, java.lang.Object, java.lang.Object, java.lang.Object, java.lang.Object, java.lang.Object, java.lang.Object, java.lang.Object, java.lang.Object, java.lang.Object, java.lang.Object, java.lang.Object, java.lang.Ob
Event: 16.805 Thread 0x000002586e61e7f0 Exception <a 'java/lang/NoSuchMethodError'{0x00000000a7203e10}: 'java.lang.Object java.lang.invoke.DelegatingMethodHandle$Holder.reinvoke_L(java.lang.Object, java.lang.Object, java.lang.Object, java.lang.Object, java.lang.Object, java.lang.Object, java.lang.Object, java.lang.Object, java.lang.Object, java.lang.Object, java.lang.Object, java.lang.Object, java.lang.Object, java.lang.Object, java.lang.Object, java.lang.Object, java.lang.Object, java.lang.Object, java.lang.Object, java.lang.Object)'> (0x000000
Event: 16.860 Thread 0x000002586e61e7f0 Exception <a 'java/lang/NoSuchMethodError'{0x00000000a71d2908}: 'java.lang.Object java.lang.invoke.DirectMethodHandle$Holder.newInvokeSpecial(java.lang.Object, java.lang.Object, java.lang.Object, java.lang.Object, java.lang.Object, java.lang.Object, java.lang.Object, java.lang.Object, java.lang.Object, java.lang.Object, java.lang.Object, java.lang.Object, java.lang.Object, java.lang.Object, java.lang.Object, java.lang.Object)'> (0x00000000a71d2908) 
thrown [s\open\src\hotspot\share\interpreter\linkResolver
Event: 16.861 Thread 0x000002586e61e7f0 Exception <a 'java/lang/NoSuchMethodError'{0x00000000a71d8290}: 'java.lang.Object java.lang.invoke.DirectMethodHandle$Holder.invokeSpecial(java.lang.Object, java.lang.Object, java.lang.Object, java.lang.Object, java.lang.Object, java.lang.Object, java.lang.Object, java.lang.Object, java.lang.Object, java.lang.Object, java.lang.Object, java.lang.Object, java.lang.Object, java.lang.Object, java.lang.Object, java.lang.Object, java.lang.Object)'> (0x00000000a71d8290) 
thrown [s\open\src\hotspot\share\interpret
Event: 16.882 Thread 0x000002586e61e7f0 Exception <a 'java/lang/NoSuchMethodError'{0x00000000a70e72e0}: 'java.lang.Object java.lang.invoke.DirectMethodHandle$Holder.newInvokeSpecial(java.lang.Object, java.lang.Object, java.lang.Object, java.lang.Object, java.lang.Object, java.lang.Object, java.lang.Object, java.lang.Object, java.lang.Object, java.lang.Object, java.lang.Object, java.lang.Object, java.lang.Object, java.lang.Object, java.lang.Object, java.lang.Object, java.lang.Object, java.lang.Object, java.lang.Object, java.lang.Object, java.lang
Event: 16.883 Thread 0x000002586e61e7f0 Exception <a 'java/lang/NoSuchMethodError'{0x00000000a70ee290}: 'java.lang.Object java.lang.invoke.DirectMethodHandle$Holder.invokeSpecial(java.lang.Object, java.lang.Object, java.lang.Object, java.lang.Object, java.lang.Object, java.lang.Object, java.lang.Object, java.lang.Object, java.lang.Object, java.lang.Object, java.lang.Object, java.lang.Object, java.lang.Object, java.lang.Object, java.lang.Object, java.lang.Object, java.lang.Object, java.lang.Object, java.lang.Object, java.lang.Object, java.lang.Ob
Event: 16.883 Thread 0x000002586e61e7f0 Exception <a 'java/lang/NoSuchMethodError'{0x00000000a70f3be8}: 'java.lang.Object java.lang.invoke.DelegatingMethodHandle$Holder.reinvoke_L(java.lang.Object, java.lang.Object, java.lang.Object, java.lang.Object, java.lang.Object, java.lang.Object, java.lang.Object, java.lang.Object, java.lang.Object, java.lang.Object, java.lang.Object, java.lang.Object, java.lang.Object, java.lang.Object, java.lang.Object, java.lang.Object, java.lang.Object, java.lang.Object, java.lang.Object, java.lang.Object, java.lang.O
Event: 16.915 Thread 0x000002586e61e7f0 Exception <a 'java/lang/NoSuchMethodError'{0x00000000a6fc5160}: 'java.lang.Object java.lang.invoke.DirectMethodHandle$Holder.invokeStatic(java.lang.Object, java.lang.Object, java.lang.Object, java.lang.Object, java.lang.Object, java.lang.Object, java.lang.Object, java.lang.Object, java.lang.Object, java.lang.Object, java.lang.Object, java.lang.Object, java.lang.Object, java.lang.Object, java.lang.Object, java.lang.Object, java.lang.Object, java.lang.Object, java.lang.Object, java.lang.Object, java.lang.Obj
Event: 16.919 Thread 0x000002586e61e7f0 Exception <a 'java/lang/NoSuchMethodError'{0x00000000a6ff7c50}: 'java.lang.Object java.lang.invoke.DirectMethodHandle$Holder.invokeStatic(java.lang.Object, java.lang.Object, java.lang.Object, java.lang.Object, java.lang.Object, java.lang.Object, java.lang.Object, java.lang.Object, java.lang.Object, java.lang.Object, java.lang.Object, java.lang.Object, java.lang.Object, java.lang.Object, java.lang.Object, java.lang.Object, java.lang.Object, java.lang.Object, java.lang.Object, java.lang.Object, java.lang.Obj
Event: 16.931 Thread 0x000002586e61e7f0 Exception <a 'java/lang/NoSuchMethodError'{0x00000000a6e5a338}: 'java.lang.Object java.lang.invoke.DirectMethodHandle$Holder.newInvokeSpecial(java.lang.Object, java.lang.Object, java.lang.Object, java.lang.Object, java.lang.Object, java.lang.Object, java.lang.Object, java.lang.Object, java.lang.Object, java.lang.Object, java.lang.Object, java.lang.Object, java.lang.Object)'> (0x00000000a6e5a338) 
thrown [s\open\src\hotspot\share\interpreter\linkResolver.cpp, line 766]
Event: 16.932 Thread 0x000002586e61e7f0 Exception <a 'java/lang/NoSuchMethodError'{0x00000000a6e5f4a8}: 'java.lang.Object java.lang.invoke.DirectMethodHandle$Holder.invokeSpecial(java.lang.Object, java.lang.Object, java.lang.Object, java.lang.Object, java.lang.Object, java.lang.Object, java.lang.Object, java.lang.Object, java.lang.Object, java.lang.Object, java.lang.Object, java.lang.Object, java.lang.Object, java.lang.Object)'> (0x00000000a6e5f4a8) 
thrown [s\open\src\hotspot\share\interpreter\linkResolver.cpp, line 766]
Event: 16.983 Thread 0x000002586e61e7f0 Exception <a 'java/lang/NoSuchMethodError'{0x00000000a6db3ea8}: 'java.lang.Object java.lang.invoke.DirectMethodHandle$Holder.newInvokeSpecial(java.lang.Object, java.lang.Object, java.lang.Object, java.lang.Object, java.lang.Object, java.lang.Object, java.lang.Object, java.lang.Object, java.lang.Object, java.lang.Object, java.lang.Object, java.lang.Object, java.lang.Object, java.lang.Object, java.lang.Object, java.lang.Object, java.lang.Object, java.lang.Object, java.lang.Object)'> (0x00000000a6db3ea8) 
thr
Event: 16.983 Thread 0x000002586e61e7f0 Exception <a 'java/lang/NoSuchMethodError'{0x00000000a6db9ea8}: 'java.lang.Object java.lang.invoke.DirectMethodHandle$Holder.invokeSpecial(java.lang.Object, java.lang.Object, java.lang.Object, java.lang.Object, java.lang.Object, java.lang.Object, java.lang.Object, java.lang.Object, java.lang.Object, java.lang.Object, java.lang.Object, java.lang.Object, java.lang.Object, java.lang.Object, java.lang.Object, java.lang.Object, java.lang.Object, java.lang.Object, java.lang.Object, java.lang.Object)'> (0x0000000
Event: 16.983 Thread 0x000002586e61e7f0 Exception <a 'java/lang/NoSuchMethodError'{0x00000000a6dbeea8}: 'java.lang.Object java.lang.invoke.DelegatingMethodHandle$Holder.reinvoke_L(java.lang.Object, java.lang.Object, java.lang.Object, java.lang.Object, java.lang.Object, java.lang.Object, java.lang.Object, java.lang.Object, java.lang.Object, java.lang.Object, java.lang.Object, java.lang.Object, java.lang.Object, java.lang.Object, java.lang.Object, java.lang.Object, java.lang.Object, java.lang.Object, java.lang.Object)'> (0x00000000a6dbeea8) 
throw
Event: 17.546 Thread 0x000002586e61e7f0 Exception <a 'java/lang/NoSuchMethodError'{0x00000000a822d198}: 'java.lang.Object java.lang.invoke.DirectMethodHandle$Holder.newInvokeSpecial(java.lang.Object, java.lang.Object, int)'> (0x00000000a822d198) 
thrown [s\open\src\hotspot\share\interpreter\linkResolver.cpp, line 766]

VM Operations (20 events):
Event: 13.702 Executing VM operation: Cleanup
Event: 13.717 Executing VM operation: Cleanup done
Event: 13.724 Executing VM operation: G1CollectForAllocation
Event: 13.890 Executing VM operation: G1CollectForAllocation done
Event: 13.979 Executing VM operation: G1CollectForAllocation
Event: 13.992 Executing VM operation: G1CollectForAllocation done
Event: 14.992 Executing VM operation: Cleanup
Event: 14.994 Executing VM operation: Cleanup done
Event: 15.542 Executing VM operation: HandshakeAllThreads
Event: 15.542 Executing VM operation: HandshakeAllThreads done
Event: 15.730 Executing VM operation: G1CollectForAllocation
Event: 15.742 Executing VM operation: G1CollectForAllocation done
Event: 16.751 Executing VM operation: Cleanup
Event: 16.771 Executing VM operation: Cleanup done
Event: 17.416 Executing VM operation: CollectForMetadataAllocation
Event: 17.432 Executing VM operation: CollectForMetadataAllocation done
Event: 17.451 Executing VM operation: G1Concurrent
Event: 17.521 Executing VM operation: G1Concurrent done
Event: 17.526 Executing VM operation: G1Concurrent
Event: 17.526 Executing VM operation: G1Concurrent done

Events (19 events):
Event: 0.012 Loaded shared library C:\Program Files\Java\jdk-18.0.1.1\bin\java.dll
Event: 0.026 Loaded shared library C:\Program Files\Java\jdk-18.0.1.1\bin\jsvml.dll
Event: 0.026 Thread 0x000002586e61e7f0 Thread added: 0x000002586e61e7f0
Event: 0.029 Thread 0x000002587e9b45b0 Thread added: 0x000002587e9b45b0
Event: 0.029 Thread 0x000002587e9b7220 Thread added: 0x000002587e9b7220
Event: 0.040 Thread 0x000002587e9cba10 Thread added: 0x000002587e9cba10
Event: 0.040 Thread 0x000002587e9cd3c0 Thread added: 0x000002587e9cd3c0
Event: 0.040 Thread 0x000002587e9d1d70 Thread added: 0x000002587e9d1d70
Event: 0.040 Thread 0x000002587e9d2710 Thread added: 0x000002587e9d2710
Event: 0.040 Thread 0x000002587e9d33e0 Thread added: 0x000002587e9d33e0
Event: 0.041 Thread 0x000002587e9dccf0 Thread added: 0x000002587e9dccf0
Event: 0.041 Thread 0x000002587e9e4b00 Thread added: 0x000002587e9e4b00
Event: 0.067 Thread 0x000002587ec1aa80 Thread added: 0x000002587ec1aa80
Event: 0.071 Thread 0x000002587ec23220 Thread added: 0x000002587ec23220
Event: 0.075 Loaded shared library C:\Program Files\Java\jdk-18.0.1.1\bin\net.dll
Event: 0.077 Loaded shared library C:\Program Files\Java\jdk-18.0.1.1\bin\nio.dll
Event: 0.170 Loaded shared library C:\Program Files\Java\jdk-18.0.1.1\bin\zip.dll
Event: 0.237 Loaded shared library C:\Program Files\Java\jdk-18.0.1.1\bin\jimage.dll
Event: 3.521 Loaded shared library C:\Program Files\Java\jdk-18.0.1.1\bin\verify.dll


Dynamic libraries:
0x00007ff6445a0000 - 0x00007ff6445b0000 	C:\Program Files\Java\jdk-18.0.1.1\bin\java.exe
0x00007ffe9f5f0000 - 0x00007ffe9f807000 	C:\WINDOWS\SYSTEM32\ntdll.dll
0x00007ffe9d6f0000 - 0x00007ffe9d7b4000 	C:\WINDOWS\System32\KERNEL32.DLL
0x00007ffe9cc80000 - 0x00007ffe9d026000 	C:\WINDOWS\System32\KERNELBASE.dll
0x00007ffe9ca40000 - 0x00007ffe9cb51000 	C:\WINDOWS\System32\ucrtbase.dll
0x00007ffe47db0000 - 0x00007ffe47dc8000 	C:\Program Files\Java\jdk-18.0.1.1\bin\jli.dll
0x00007ffe9d910000 - 0x00007ffe9d9c3000 	C:\WINDOWS\System32\ADVAPI32.dll
0x00007ffe9e420000 - 0x00007ffe9e4c7000 	C:\WINDOWS\System32\msvcrt.dll
0x00007ffe9d7c0000 - 0x00007ffe9d868000 	C:\WINDOWS\System32\sechost.dll
0x00007ffdd3680000 - 0x00007ffdd369a000 	C:\Program Files\Java\jdk-18.0.1.1\bin\VCRUNTIME140.dll
0x00007ffe9cc50000 - 0x00007ffe9cc78000 	C:\WINDOWS\System32\bcrypt.dll
0x00007ffe9e2f0000 - 0x00007ffe9e407000 	C:\WINDOWS\System32\RPCRT4.dll
0x00007ffe9f0f0000 - 0x00007ffe9f29e000 	C:\WINDOWS\System32\USER32.dll
0x00007ffe9cc20000 - 0x00007ffe9cc46000 	C:\WINDOWS\System32\win32u.dll
0x00007ffe8cdb0000 - 0x00007ffe8d043000 	C:\WINDOWS\WinSxS\amd64_microsoft.windows.common-controls_6595b64144ccf1df_6.0.22621.2506_none_270c5ae97388e100\COMCTL32.dll
0x00007ffe9e1c0000 - 0x00007ffe9e1e9000 	C:\WINDOWS\System32\GDI32.dll
0x00007ffe9d220000 - 0x00007ffe9d338000 	C:\WINDOWS\System32\gdi32full.dll
0x00007ffe9c9a0000 - 0x00007ffe9ca3a000 	C:\WINDOWS\System32\msvcp_win.dll
0x00007ffe95610000 - 0x00007ffe9561a000 	C:\WINDOWS\SYSTEM32\VERSION.dll
0x00007ffe9da20000 - 0x00007ffe9da51000 	C:\WINDOWS\System32\IMM32.DLL
0x00007ffe45f90000 - 0x00007ffe45f9c000 	C:\Program Files\Java\jdk-18.0.1.1\bin\vcruntime140_1.dll
0x00007ffdcbe80000 - 0x00007ffdcbf0d000 	C:\Program Files\Java\jdk-18.0.1.1\bin\msvcp140.dll
0x00007ffdcb1d0000 - 0x00007ffdcbde0000 	C:\Program Files\Java\jdk-18.0.1.1\bin\server\jvm.dll
0x00007ffe9da60000 - 0x00007ffe9da68000 	C:\WINDOWS\System32\PSAPI.DLL
0x00007ffe71780000 - 0x00007ffe71789000 	C:\WINDOWS\SYSTEM32\WSOCK32.dll
0x00007ffe9e270000 - 0x00007ffe9e2e1000 	C:\WINDOWS\System32\WS2_32.dll
0x00007ffe95b90000 - 0x00007ffe95bc4000 	C:\WINDOWS\SYSTEM32\WINMM.dll
0x00007ffe9b960000 - 0x00007ffe9b978000 	C:\WINDOWS\SYSTEM32\kernel.appcore.dll
0x00007ffdf9b10000 - 0x00007ffdf9b1a000 	C:\Program Files\Java\jdk-18.0.1.1\bin\jimage.dll
0x00007ffe9a4e0000 - 0x00007ffe9a713000 	C:\WINDOWS\SYSTEM32\DBGHELP.DLL
0x00007ffe9d360000 - 0x00007ffe9d6e9000 	C:\WINDOWS\System32\combase.dll
0x00007ffe9dfc0000 - 0x00007ffe9e097000 	C:\WINDOWS\System32\OLEAUT32.dll
0x00007ffe79120000 - 0x00007ffe79152000 	C:\WINDOWS\SYSTEM32\dbgcore.DLL
0x00007ffe9d1a0000 - 0x00007ffe9d21a000 	C:\WINDOWS\System32\bcryptPrimitives.dll
0x00007ffdd32f0000 - 0x00007ffdd3315000 	C:\Program Files\Java\jdk-18.0.1.1\bin\java.dll
0x00007ffdcb0f0000 - 0x00007ffdcb1c6000 	C:\Program Files\Java\jdk-18.0.1.1\bin\jsvml.dll
0x00007ffe9e890000 - 0x00007ffe9f0ea000 	C:\WINDOWS\System32\SHELL32.dll
0x00007ffe9a880000 - 0x00007ffe9b176000 	C:\WINDOWS\SYSTEM32\windows.storage.dll
0x00007ffe9a740000 - 0x00007ffe9a87e000 	C:\WINDOWS\SYSTEM32\wintypes.dll
0x00007ffe9e540000 - 0x00007ffe9e633000 	C:\WINDOWS\System32\SHCORE.dll
0x00007ffe9def0000 - 0x00007ffe9df4e000 	C:\WINDOWS\System32\shlwapi.dll
0x00007ffe9c860000 - 0x00007ffe9c886000 	C:\WINDOWS\SYSTEM32\profapi.dll
0x00007ffdd28c0000 - 0x00007ffdd28d3000 	C:\Program Files\Java\jdk-18.0.1.1\bin\net.dll
0x00007ffe964a0000 - 0x00007ffe965d7000 	C:\WINDOWS\SYSTEM32\WINHTTP.dll
0x00007ffe9bde0000 - 0x00007ffe9be49000 	C:\WINDOWS\system32\mswsock.dll
0x00007ffdd0ec0000 - 0x00007ffdd0ed6000 	C:\Program Files\Java\jdk-18.0.1.1\bin\nio.dll
0x00007ffdcbe60000 - 0x00007ffdcbe78000 	C:\Program Files\Java\jdk-18.0.1.1\bin\zip.dll
0x00007ffdd0eb0000 - 0x00007ffdd0ec0000 	C:\Program Files\Java\jdk-18.0.1.1\bin\verify.dll

dbghelp: loaded successfully - version: 4.0.5 - missing functions: none
symbol engine: initialized successfully - sym options: 0x614 - pdb path: .;C:\Program Files\Java\jdk-18.0.1.1\bin;C:\WINDOWS\SYSTEM32;C:\WINDOWS\WinSxS\amd64_microsoft.windows.common-controls_6595b64144ccf1df_6.0.22621.2506_none_270c5ae97388e100;C:\Program Files\Java\jdk-18.0.1.1\bin\server

VM Arguments:
java_command: org.jetbrains.kotlin.cli.jvm.K2JVMCompiler @C:\Users\lenovo\Preventhi\node_modules\expo-application\android\build\20240204_11245918635205282473.compiler.options
java_class_path (initial): C:\Users\lenovo\.gradle\caches\modules-2\files-2.1\org.jetbrains.kotlin\kotlin-compiler-embeddable\1.8.10\b0757fd774344d54ce93f5ad6c30ba1c1731c8ff\kotlin-compiler-embeddable-1.8.10.jar;C:\Users\lenovo\.gradle\caches\modules-2\files-2.1\org.jetbrains.kotlin\kotlin-stdlib\1.8.10\6d5560a229477df9406943d5feda5618e98eb64c\kotlin-stdlib-1.8.10.jar;C:\Users\lenovo\.gradle\caches\modules-2\files-2.1\org.jetbrains.kotlin\kotlin-script-runtime\1.8.10\b13ea9c7e46d589139e56086a878763290e20bd5\kotlin-script-runtime-1.8.10.jar;C:\Users\lenovo\.gradle\caches\modules-2\files-2.1\org.jetbrains.kotlin\kotlin-reflect\1.6.10\1cbe9c92c12a94eea200d23c2bbaedaf3daf5132\kotlin-reflect-1.6.10.jar;C:\Users\lenovo\.gradle\caches\modules-2\files-2.1\org.jetbrains.kotlin\kotlin-daemon-embeddable\1.8.10\ad8541d9bc1cf9e52c3204161247910c2cf601d4\kotlin-daemon-embeddable-1.8.10.jar;C:\Users\lenovo\.gradle\caches\modules-2\files-2.1\org.jetbrains.intellij.deps\trove4j\1.0.20200330\3afb14d5f9ceb459d724e907a21145e8ff394f02\trove4j-1.0.20200330.jar;C:\Users\lenovo\.gradle\caches\modules-2\files-2.1\net.java.dev.jna\jna\5.6.0\330f2244e9030119ab3030fc3fededc86713d9cc\jna-5.6.0.jar;C:\Users\lenovo\.gradle\caches\modules-2\files-2.1\org.jetbrains.kotlin\kotlin-stdlib-common\1.8.10\a61b182458550492c12aee66157d7b524a63a5ec\kotlin-stdlib-common-1.8.10.jar;C:\Users\lenovo\.gradle\caches\modules-2\files-2.1\org.jetbrains\annotations\13.0\919f0dfe192fb4e063e7dacadee7f8bb9a2672a9\annotations-13.0.jar
Launcher Type: SUN_STANDARD

[Global flags]
     intx CICompilerCount                          = 4                                         {product} {ergonomic}
     uint ConcGCThreads                            = 3                                         {product} {ergonomic}
     uint G1ConcRefinementThreads                  = 10                                        {product} {ergonomic}
   size_t G1HeapRegionSize                         = 1048576                                   {product} {ergonomic}
    uintx GCDrainStackTargetSize                   = 64                                        {product} {ergonomic}
   size_t InitialHeapSize                          = 98566144                                  {product} {ergonomic}
   size_t MarkStackSize                            = 4194304                                   {product} {ergonomic}
   size_t MaxHeapSize                              = 1572864000                                {product} {ergonomic}
   size_t MaxNewSize                               = 943718400                                 {product} {ergonomic}
   size_t MinHeapDeltaBytes                        = 1048576                                   {product} {ergonomic}
   size_t MinHeapSize                              = 8388608                                   {product} {ergonomic}
    uintx NonNMethodCodeHeapSize                   = 5839372                                {pd product} {ergonomic}
    uintx NonProfiledCodeHeapSize                  = 122909434                              {pd product} {ergonomic}
    uintx ProfiledCodeHeapSize                     = 122909434                              {pd product} {ergonomic}
    uintx ReservedCodeCacheSize                    = 251658240                              {pd product} {ergonomic}
     bool SegmentedCodeCache                       = true                                      {product} {ergonomic}
   size_t SoftMaxHeapSize                          = 1572864000                             {manageable} {ergonomic}
     bool UseCompressedClassPointers               = true                           {product lp64_product} {ergonomic}
     bool UseCompressedOops                        = true                           {product lp64_product} {ergonomic}
     bool UseG1GC                                  = true                                      {product} {ergonomic}
     bool UseLargePagesIndividualAllocation        = false                                  {pd product} {ergonomic}

Logging:
Log output configuration:
 #0: stdout all=warning uptime,level,tags foldmultilines=false
 #1: stderr all=off uptime,level,tags foldmultilines=false

Environment Variables:
CLASSPATH=C:\Users\lenovo\Preventhi\android\\gradle\wrapper\gradle-wrapper.jar
PATH=C:\Users\lenovo\Preventhi\node_modules\.bin;C:\Users\lenovo\Preventhi\node_modules\.bin;C:\Users\lenovo\node_modules\.bin;C:\Users\node_modules\.bin;C:\node_modules\.bin;C:\Users\lenovo\AppData\Roaming\npm\node_modules\npm\node_modules\@npmcli\run-script\lib\node-gyp-bin;C:\Users\lenovo\bin;C:\Program Files\Git\mingw64\bin;C:\Program Files\Git\usr\local\bin;C:\Program Files\Git\usr\bin;C:\Program Files\Git\usr\bin;C:\Program Files\Git\mingw64\bin;C:\Program Files\Git\usr\bin;C:\Users\lenovo\bin;C:\Python311\Scripts;C:\Python311;C:\Program Files\Common Files\Oracle\Java\javapath;C:\Windows\system32;C:\Windows;C:\Windows\System32\Wbem;C:\Windows\System32\WindowsPowerShell\v1.0;C:\Windows\System32\OpenSSH;C:\Program Files (x86)\NVIDIA Corporation\PhysX\Common;C:\Program Files\Java\jdk-18.0.1.1\bin;C:\Program Files\NVIDIA Corporation\NVIDIA NvDLISR;C:\Program Files (x86)\SMLNJ\bin;C:\WINDOWS\system32;C:\WINDOWS;C:\WINDOWS\System32\Wbem;C:\WINDOWS\System32\WindowsPowerShell\v1.0;C:\WINDOWS\System32\OpenSSH;C:\Program Files\nodejs;C:\ProgramData\chocolatey\bin;C:\Program Files\Git\cmd;C:\Users\lenovo\AppData\Local\Android\Sdk\platform-tools;C:\Users\lenovo\AppData\Local\Microsoft\WindowsApps;C:\Users\lenovo\AppData\Local\Programs\Microsoft VS Code\bin;C:\Users\lenovo\AppData\Roaming\npm;C:\Program Files\Git\usr\bin\vendor_perl;C:\Program Files\Git\usr\bin\core_perl
USERNAME=lenovo
SHELL=C:\Program Files\Git\usr\bin\bash.exe
DISPLAY=needs-to-be-defined
LANG=en_US.UTF-8
OS=Windows_NT
PROCESSOR_IDENTIFIER=AMD64 Family 25 Model 80 Stepping 0, AuthenticAMD



---------------  S Y S T E M  ---------------

OS:
 Windows 11 , 64 bit Build 22621 (10.0.22621.2506)
OS uptime: 0 days 0:06 hours

CPU: total 12 (initial active 12) (12 cores per cpu, 2 threads per core) family 25 model 80 stepping 0 microcode 0x0, cx8, cmov, fxsr, ht, mmx, 3dnowpref, sse, sse2, sse3, ssse3, sse4a, sse4.1, sse4.2, popcnt, lzcnt, tsc, tscinvbit, avx, avx2, aes, erms, clmul, bmi1, bmi2, adx, sha, fma, vzeroupper, clflush, clflushopt

Memory: 4k page, system-wide physical 5996M (102M free)
TotalPageFile size 24428M (AvailPageFile size 0M)
current process WorkingSet (physical memory assigned to process): 147M, peak: 152M
current process commit charge ("private bytes"): 249M, peak: 254M

vm_info: Java HotSpot(TM) 64-Bit Server VM (18.0.1.1+2-6) for windows-amd64 JRE (18.0.1.1+2-6), built on Apr 25 2022 21:53:15 by "mach5one" with MS VC++ 16.8 / 16.9 (VS2019)

END.
