#
# There is insufficient memory for the Java Runtime Environment to continue.
# Native memory allocation (mmap) failed to map 65536 bytes for Failed to commit metaspace.
# Possible reasons:
#   The system is out of physical RAM or swap space
#   The process is running with CompressedOops enabled, and the Java Heap may be blocking the growth of the native heap
# Possible solutions:
#   Reduce memory load on the system
#   Increase physical memory or swap space
#   Check if swap backing store is full
#   Decrease Java heap size (-Xmx/-Xms)
#   Decrease Java thread stack sizes (-Xss)
#   Set larger code cache with -XX:ReservedCodeCacheSize=
#   JVM is running with Unscaled Compressed Oops mode in which the Java heap is
#     placed in the first 4GB address space. The Java Heap base address is the
#     maximum limit for the native heap growth. Please use -XX:HeapBaseMinAddress
#     to set the Java Heap base and to place the Java Heap above 4GB virtual address.
# This output file may be truncated or incomplete.
#
#  Out of Memory Error (virtualSpaceNode.cpp:110), pid=24124, tid=22728
#
# JRE version: Java(TM) SE Runtime Environment (18.0.1.1+2) (build 18.0.1.1+2-6)
# Java VM: Java HotSpot(TM) 64-Bit Server VM (18.0.1.1+2-6, mixed mode, sharing, tiered, compressed oops, compressed class ptrs, g1 gc, windows-amd64)
# No core dump will be written. Minidumps are not enabled by default on client versions of Windows
#

---------------  S U M M A R Y ------------

Command Line: org.jetbrains.kotlin.cli.jvm.K2JVMCompiler @C:\Users\lenovo\Preventhi\node_modules\expo-notifications\android\build\20240204_17081500904999419658.compiler.options

Host: AMD Ryzen 5 5600H with Radeon Graphics         , 12 cores, 5G,  Windows 11 , 64 bit Build 22621 (10.0.22621.2506)
Time: Sun Feb  4 19:54:33 2024 Malay Peninsula Standard Time elapsed time: 18.081445 seconds (0d 0h 0m 18s)

---------------  T H R E A D  ---------------

Current thread (0x0000029efe53d560):  JavaThread "main" [_thread_in_vm, id=22728, stack(0x000000a20f600000,0x000000a20f700000)]

Stack: [0x000000a20f600000,0x000000a20f700000]
Native frames: (J=compiled Java code, j=interpreted, Vv=VM code, C=native code)
V  [jvm.dll+0x69887a]
V  [jvm.dll+0x7f38bd]
V  [jvm.dll+0x7f51ce]
V  [jvm.dll+0x7f5883]
V  [jvm.dll+0x25ca3f]
V  [jvm.dll+0x7ef5cb]
V  [jvm.dll+0x63ea76]
V  [jvm.dll+0x1d721e]
V  [jvm.dll+0x64141b]
V  [jvm.dll+0x64121e]
V  [jvm.dll+0x63f43e]
V  [jvm.dll+0x649ab7]
V  [jvm.dll+0x2650d7]
V  [jvm.dll+0x2665f5]
V  [jvm.dll+0x1faa6a]
V  [jvm.dll+0x1fa05d]
V  [jvm.dll+0x55d6ae]
V  [jvm.dll+0x76db23]
V  [jvm.dll+0x76dc04]
V  [jvm.dll+0x42d234]
V  [jvm.dll+0x432f3f]
C  [java.dll+0x17ec]

Java frames: (J=compiled Java code, j=interpreted, Vv=VM code)
J 559  java.lang.ClassLoader.defineClass1(Ljava/lang/ClassLoader;Ljava/lang/String;[BIILjava/security/ProtectionDomain;Ljava/lang/String;)Ljava/lang/Class; java.base@18.0.1.1 (0 bytes) @ 0x0000029e8f364ce3 [0x0000029e8f364c20+0x00000000000000c3]
J 542 c1 java.lang.ClassLoader.defineClass(Ljava/lang/String;[BIILjava/security/ProtectionDomain;)Ljava/lang/Class; java.base@18.0.1.1 (43 bytes) @ 0x0000029e87effd54 [0x0000029e87effa00+0x0000000000000354]
J 557 c1 java.security.SecureClassLoader.defineClass(Ljava/lang/String;[BIILjava/security/CodeSource;)Ljava/lang/Class; java.base@18.0.1.1 (16 bytes) @ 0x0000029e87f05f0c [0x0000029e87f05e40+0x00000000000000cc]
J 1957 c1 jdk.internal.loader.BuiltinClassLoader.defineClass(Ljava/lang/String;Ljdk/internal/loader/Resource;)Ljava/lang/Class; java.base@18.0.1.1 (121 bytes) @ 0x0000029e881674e4 [0x0000029e88166580+0x0000000000000f64]
J 428 c1 jdk.internal.loader.BuiltinClassLoader.findClassOnClassPathOrNull(Ljava/lang/String;)Ljava/lang/Class; java.base@18.0.1.1 (64 bytes) @ 0x0000029e87eb4634 [0x0000029e87eb3960+0x0000000000000cd4]
J 1950 c2 jdk.internal.loader.BuiltinClassLoader.loadClassOrNull(Ljava/lang/String;Z)Ljava/lang/Class; java.base@18.0.1.1 (143 bytes) @ 0x0000029e8f3f3f24 [0x0000029e8f3f1fe0+0x0000000000001f44]
J 335 c1 jdk.internal.loader.ClassLoaders$AppClassLoader.loadClass(Ljava/lang/String;Z)Ljava/lang/Class; java.base@18.0.1.1 (40 bytes) @ 0x0000029e87e82544 [0x0000029e87e82360+0x00000000000001e4]
J 334 c1 java.lang.ClassLoader.loadClass(Ljava/lang/String;)Ljava/lang/Class; java.base@18.0.1.1 (7 bytes) @ 0x0000029e87e8204c [0x0000029e87e81f40+0x000000000000010c]
v  ~StubRoutines::call_stub
J 2606  java.lang.Class.getDeclaredMethods0(Z)[Ljava/lang/reflect/Method; java.base@18.0.1.1 (0 bytes) @ 0x0000029e8f442863 [0x0000029e8f442820+0x0000000000000043]
J 2577 c1 java.lang.Class.privateGetDeclaredMethods(Z)[Ljava/lang/reflect/Method; java.base@18.0.1.1 (64 bytes) @ 0x0000029e882a0554 [0x0000029e882a03c0+0x0000000000000194]
J 2600 c1 java.lang.Class.privateGetPublicMethods()[Ljava/lang/reflect/Method; java.base@18.0.1.1 (224 bytes) @ 0x0000029e882b5ff4 [0x0000029e882b5c60+0x0000000000000394]
J 2600 c1 java.lang.Class.privateGetPublicMethods()[Ljava/lang/reflect/Method; java.base@18.0.1.1 (224 bytes) @ 0x0000029e882b6164 [0x0000029e882b5c60+0x0000000000000504]
J 2600 c1 java.lang.Class.privateGetPublicMethods()[Ljava/lang/reflect/Method; java.base@18.0.1.1 (224 bytes) @ 0x0000029e882b6164 [0x0000029e882b5c60+0x0000000000000504]
J 2600 c1 java.lang.Class.privateGetPublicMethods()[Ljava/lang/reflect/Method; java.base@18.0.1.1 (224 bytes) @ 0x0000029e882b6164 [0x0000029e882b5c60+0x0000000000000504]
j  java.lang.Class.getMethods()[Ljava/lang/reflect/Method;+19 java.base@18.0.1.1
J 2700 c1 org.jetbrains.kotlin.container.CacheKt.getSetterInfos(Ljava/lang/Class;)Ljava/util/List; (154 bytes) @ 0x0000029e882f65c4 [0x0000029e882f63e0+0x00000000000001e4]
j  org.jetbrains.kotlin.container.CacheKt.traverseClass(Ljava/lang/Class;)Lorg/jetbrains/kotlin/container/ClassInfo;+9
J 2686 c1 org.jetbrains.kotlin.container.ClassTraversalCache.getClassInfo(Ljava/lang/Class;)Lorg/jetbrains/kotlin/container/ClassInfo; (43 bytes) @ 0x0000029e882ed8e4 [0x0000029e882ed3e0+0x0000000000000504]
J 2685 c1 org.jetbrains.kotlin.container.CacheKt.getInfo(Ljava/lang/Class;)Lorg/jetbrains/kotlin/container/ClassInfo; (14 bytes) @ 0x0000029e882ecc74 [0x0000029e882ec9a0+0x00000000000002d4]
j  org.jetbrains.kotlin.container.SingletonTypeComponentDescriptor.getDependencies(Lorg/jetbrains/kotlin/container/ValueResolveContext;)Ljava/util/Collection;+10
J 2721 c1 org.jetbrains.kotlin.container.ComponentStorage.collectAdhocComponents(Lorg/jetbrains/kotlin/container/ComponentResolveContext;Lorg/jetbrains/kotlin/container/ComponentDescriptor;Ljava/util/HashSet;Ljava/util/LinkedHashSet;)V (190 bytes) @ 0x0000029e88310824 [0x0000029e88310700+0x0000000000000124]
j  org.jetbrains.kotlin.container.ComponentStorage.collectAdhocComponents(Lorg/jetbrains/kotlin/container/ComponentResolveContext;Lorg/jetbrains/kotlin/container/ComponentDescriptor;Ljava/util/HashSet;Ljava/util/LinkedHashSet;)V+183
j  org.jetbrains.kotlin.container.ComponentStorage.collectAdhocComponents(Lorg/jetbrains/kotlin/container/ComponentResolveContext;Lorg/jetbrains/kotlin/container/ComponentDescriptor;Ljava/util/HashSet;Ljava/util/LinkedHashSet;)V+183
j  org.jetbrains.kotlin.container.ComponentStorage.collectAdhocComponents(Lorg/jetbrains/kotlin/container/ComponentResolveContext;Lorg/jetbrains/kotlin/container/ComponentDescriptor;Ljava/util/HashSet;Ljava/util/LinkedHashSet;)V+183
j  org.jetbrains.kotlin.container.ComponentStorage.collectAdhocComponents(Lorg/jetbrains/kotlin/container/ComponentResolveContext;Lorg/jetbrains/kotlin/container/ComponentDescriptor;Ljava/util/HashSet;Ljava/util/LinkedHashSet;)V+183
j  org.jetbrains.kotlin.container.ComponentStorage.inspectDependenciesAndRegisterAdhoc(Lorg/jetbrains/kotlin/container/ComponentResolveContext;Ljava/util/Collection;)Ljava/util/LinkedHashSet;+54
j  org.jetbrains.kotlin.container.ComponentStorage.composeDescriptors(Lorg/jetbrains/kotlin/container/ComponentResolveContext;Ljava/util/Collection;)V+21
j  org.jetbrains.kotlin.container.ComponentStorage.compose(Lorg/jetbrains/kotlin/container/ComponentResolveContext;)V+69
j  org.jetbrains.kotlin.container.StorageComponentContainer.compose()Lorg/jetbrains/kotlin/container/StorageComponentContainer;+8
j  org.jetbrains.kotlin.container.DslKt.composeContainer(Ljava/lang/String;Lorg/jetbrains/kotlin/container/StorageComponentContainer;Lkotlin/jvm/functions/Function1;)Lorg/jetbrains/kotlin/container/StorageComponentContainer;+31
j  org.jetbrains.kotlin.resolve.PlatformConfiguratorBaseKt.createContainer(Ljava/lang/String;Lorg/jetbrains/kotlin/resolve/PlatformDependentAnalyzerServices;Lkotlin/jvm/functions/Function1;)Lorg/jetbrains/kotlin/container/StorageComponentContainer;+29
j  org.jetbrains.kotlin.frontend.java.di.InjectionKt.createContainerForLazyResolveWithJava(Lorg/jetbrains/kotlin/platform/TargetPlatform;Lorg/jetbrains/kotlin/context/ModuleContext;Lorg/jetbrains/kotlin/resolve/BindingTrace;Lorg/jetbrains/kotlin/resolve/lazy/declarations/DeclarationProviderFactory;Lorg/jetbrains/kotlin/com/intellij/psi/search/GlobalSearchScope;Lorg/jetbrains/kotlin/load/java/lazy/ModuleClassResolver;Lorg/jetbrains/kotlin/resolve/TargetEnvironment;Lorg/jetbrains/kotlin/incremental/components/LookupTracker;Lorg/jetbrains/kotlin/incremental/components/ExpectActualTracker;Lorg/jetbrains/kotlin/incremental/components/InlineConstTracker;Lorg/jetbrains/kotlin/incremental/components/EnumWhenTracker;Lorg/jetbrains/kotlin/load/kotlin/PackagePartProvider;Lorg/jetbrains/kotlin/config/LanguageVersionSettings;ZLkotlin/jvm/functions/Function1;Lorg/jetbrains/kotlin/load/java/JavaClassesTracker;Lorg/jetbrains/kotlin/resolve/calls/tower/ImplicitsExtensionsResolutionFilter;Lorg/jetbrains/kotlin/resolve/SealedClassInheritorsProvider;)Lorg/jetbrains/kotlin/container/StorageComponentContainer;+144
j  org.jetbrains.kotlin.frontend.java.di.InjectionKt.createContainerForLazyResolveWithJava$default(Lorg/jetbrains/kotlin/platform/TargetPlatform;Lorg/jetbrains/kotlin/context/ModuleContext;Lorg/jetbrains/kotlin/resolve/BindingTrace;Lorg/jetbrains/kotlin/resolve/lazy/declarations/DeclarationProviderFactory;Lorg/jetbrains/kotlin/com/intellij/psi/search/GlobalSearchScope;Lorg/jetbrains/kotlin/load/java/lazy/ModuleClassResolver;Lorg/jetbrains/kotlin/resolve/TargetEnvironment;Lorg/jetbrains/kotlin/incremental/components/LookupTracker;Lorg/jetbrains/kotlin/incremental/components/ExpectActualTracker;Lorg/jetbrains/kotlin/incremental/components/InlineConstTracker;Lorg/jetbrains/kotlin/incremental/components/EnumWhenTracker;Lorg/jetbrains/kotlin/load/kotlin/PackagePartProvider;Lorg/jetbrains/kotlin/config/LanguageVersionSettings;ZLkotlin/jvm/functions/Function1;Lorg/jetbrains/kotlin/load/java/JavaClassesTracker;Lorg/jetbrains/kotlin/resolve/calls/tower/ImplicitsExtensionsResolutionFilter;Lorg/jetbrains/kotlin/resolve/SealedClassInheritorsProvider;ILjava/lang/Object;)Lorg/jetbrains/kotlin/container/StorageComponentContainer;+82
j  org.jetbrains.kotlin.cli.jvm.compiler.TopDownAnalyzerFacadeForJVM.createContainer(Lorg/jetbrains/kotlin/com/intellij/openapi/project/Project;Ljava/util/Collection;Lorg/jetbrains/kotlin/resolve/BindingTrace;Lorg/jetbrains/kotlin/config/CompilerConfiguration;Lkotlin/jvm/functions/Function1;Lkotlin/jvm/functions/Function2;Lorg/jetbrains/kotlin/resolve/TargetEnvironment;Lorg/jetbrains/kotlin/com/intellij/psi/search/GlobalSearchScope;Ljava/util/List;Lorg/jetbrains/kotlin/resolve/calls/tower/ImplicitsExtensionsResolutionFilter;Ljava/util/List;Ljava/util/List;Ljava/util/Map;)Lorg/jetbrains/kotlin/container/ComponentProvider;+668
j  org.jetbrains.kotlin.cli.jvm.compiler.TopDownAnalyzerFacadeForJVM.createContainer$default(Lorg/jetbrains/kotlin/cli/jvm/compiler/TopDownAnalyzerFacadeForJVM;Lorg/jetbrains/kotlin/com/intellij/openapi/project/Project;Ljava/util/Collection;Lorg/jetbrains/kotlin/resolve/BindingTrace;Lorg/jetbrains/kotlin/config/CompilerConfiguration;Lkotlin/jvm/functions/Function1;Lkotlin/jvm/functions/Function2;Lorg/jetbrains/kotlin/resolve/TargetEnvironment;Lorg/jetbrains/kotlin/com/intellij/psi/search/GlobalSearchScope;Ljava/util/List;Lorg/jetbrains/kotlin/resolve/calls/tower/ImplicitsExtensionsResolutionFilter;Ljava/util/List;Ljava/util/List;Ljava/util/Map;ILjava/lang/Object;)Lorg/jetbrains/kotlin/container/ComponentProvider;+128
j  org.jetbrains.kotlin.cli.jvm.compiler.TopDownAnalyzerFacadeForJVM.analyzeFilesWithJavaIntegration(Lorg/jetbrains/kotlin/com/intellij/openapi/project/Project;Ljava/util/Collection;Lorg/jetbrains/kotlin/resolve/BindingTrace;Lorg/jetbrains/kotlin/config/CompilerConfiguration;Lkotlin/jvm/functions/Function1;Lkotlin/jvm/functions/Function2;Lorg/jetbrains/kotlin/com/intellij/psi/search/GlobalSearchScope;Ljava/util/List;Ljava/util/List;Ljava/util/List;Lorg/jetbrains/kotlin/resolve/TargetEnvironment;)Lorg/jetbrains/kotlin/analyzer/AnalysisResult;+100
j  org.jetbrains.kotlin.cli.jvm.compiler.TopDownAnalyzerFacadeForJVM.analyzeFilesWithJavaIntegration$default(Lorg/jetbrains/kotlin/com/intellij/openapi/project/Project;Ljava/util/Collection;Lorg/jetbrains/kotlin/resolve/BindingTrace;Lorg/jetbrains/kotlin/config/CompilerConfiguration;Lkotlin/jvm/functions/Function1;Lkotlin/jvm/functions/Function2;Lorg/jetbrains/kotlin/com/intellij/psi/search/GlobalSearchScope;Ljava/util/List;Ljava/util/List;Ljava/util/List;Lorg/jetbrains/kotlin/resolve/TargetEnvironment;ILjava/lang/Object;)Lorg/jetbrains/kotlin/analyzer/AnalysisResult;+111
j  org.jetbrains.kotlin.cli.jvm.compiler.KotlinToJVMBytecodeCompiler$analyze$1.invoke()Lorg/jetbrains/kotlin/analyzer/AnalysisResult;+274
j  org.jetbrains.kotlin.cli.jvm.compiler.KotlinToJVMBytecodeCompiler$analyze$1.invoke()Ljava/lang/Object;+1
j  org.jetbrains.kotlin.cli.common.messages.AnalyzerWithCompilerReport.analyzeAndReport(Ljava/util/Collection;Lkotlin/jvm/functions/Function0;)V+16
j  org.jetbrains.kotlin.cli.jvm.compiler.KotlinToJVMBytecodeCompiler.analyze(Lorg/jetbrains/kotlin/cli/jvm/compiler/KotlinCoreEnvironment;)Lorg/jetbrains/kotlin/analyzer/AnalysisResult;+153
j  org.jetbrains.kotlin.cli.jvm.compiler.KotlinToJVMBytecodeCompiler.compileModules$cli(Lorg/jetbrains/kotlin/cli/jvm/compiler/KotlinCoreEnvironment;Ljava/io/File;Ljava/util/List;Z)Z+420
j  org.jetbrains.kotlin.cli.jvm.compiler.KotlinToJVMBytecodeCompiler.compileModules$cli$default(Lorg/jetbrains/kotlin/cli/jvm/compiler/KotlinToJVMBytecodeCompiler;Lorg/jetbrains/kotlin/cli/jvm/compiler/KotlinCoreEnvironment;Ljava/io/File;Ljava/util/List;ZILjava/lang/Object;)Z+17
j  org.jetbrains.kotlin.cli.jvm.K2JVMCompiler.doExecute(Lorg/jetbrains/kotlin/cli/common/arguments/K2JVMCompilerArguments;Lorg/jetbrains/kotlin/config/CompilerConfiguration;Lorg/jetbrains/kotlin/com/intellij/openapi/Disposable;Lorg/jetbrains/kotlin/utils/KotlinPaths;)Lorg/jetbrains/kotlin/cli/common/ExitCode;+1041
j  org.jetbrains.kotlin.cli.jvm.K2JVMCompiler.doExecute(Lorg/jetbrains/kotlin/cli/common/arguments/CommonCompilerArguments;Lorg/jetbrains/kotlin/config/CompilerConfiguration;Lorg/jetbrains/kotlin/com/intellij/openapi/Disposable;Lorg/jetbrains/kotlin/utils/KotlinPaths;)Lorg/jetbrains/kotlin/cli/common/ExitCode;+9
j  org.jetbrains.kotlin.cli.common.CLICompiler.execImpl(Lorg/jetbrains/kotlin/cli/common/messages/MessageCollector;Lorg/jetbrains/kotlin/config/Services;Lorg/jetbrains/kotlin/cli/common/arguments/CommonCompilerArguments;)Lorg/jetbrains/kotlin/cli/common/ExitCode;+219
j  org.jetbrains.kotlin.cli.common.CLICompiler.execImpl(Lorg/jetbrains/kotlin/cli/common/messages/MessageCollector;Lorg/jetbrains/kotlin/config/Services;Lorg/jetbrains/kotlin/cli/common/arguments/CommonToolArguments;)Lorg/jetbrains/kotlin/cli/common/ExitCode;+7
j  org.jetbrains.kotlin.cli.common.CLITool.exec(Lorg/jetbrains/kotlin/cli/common/messages/MessageCollector;Lorg/jetbrains/kotlin/config/Services;Lorg/jetbrains/kotlin/cli/common/arguments/CommonToolArguments;)Lorg/jetbrains/kotlin/cli/common/ExitCode;+76
j  org.jetbrains.kotlin.cli.common.CLITool.exec(Ljava/io/PrintStream;Lorg/jetbrains/kotlin/config/Services;Lorg/jetbrains/kotlin/cli/common/messages/MessageRenderer;[Ljava/lang/String;)Lorg/jetbrains/kotlin/cli/common/ExitCode;+224
j  org.jetbrains.kotlin.cli.common.CLITool.exec(Ljava/io/PrintStream;Lorg/jetbrains/kotlin/cli/common/messages/MessageRenderer;[Ljava/lang/String;)Lorg/jetbrains/kotlin/cli/common/ExitCode;+25
j  org.jetbrains.kotlin.cli.common.CLITool$Companion.doMainNoExit(Lorg/jetbrains/kotlin/cli/common/CLITool;[Ljava/lang/String;Lorg/jetbrains/kotlin/cli/common/messages/MessageRenderer;)Lorg/jetbrains/kotlin/cli/common/ExitCode;+39
j  org.jetbrains.kotlin.cli.common.CLITool$Companion.doMainNoExit$default(Lorg/jetbrains/kotlin/cli/common/CLITool$Companion;Lorg/jetbrains/kotlin/cli/common/CLITool;[Ljava/lang/String;Lorg/jetbrains/kotlin/cli/common/messages/MessageRenderer;ILjava/lang/Object;)Lorg/jetbrains/kotlin/cli/common/ExitCode;+16
j  org.jetbrains.kotlin.cli.common.CLITool$Companion.doMain(Lorg/jetbrains/kotlin/cli/common/CLITool;[Ljava/lang/String;)V+57
j  org.jetbrains.kotlin.cli.jvm.K2JVMCompiler$Companion.main([Ljava/lang/String;)V+20
j  org.jetbrains.kotlin.cli.jvm.K2JVMCompiler.main([Ljava/lang/String;)V+4
v  ~StubRoutines::call_stub

---------------  P R O C E S S  ---------------

Threads class SMR info:
_java_thread_list=0x0000029e9fc6d870, length=12, elements={
0x0000029efe53d560, 0x0000029e9b895b70, 0x0000029e9b896f70, 0x0000029e9b8ab390,
0x0000029e9b8b1060, 0x0000029e9b8b1a00, 0x0000029e9b8b23a0, 0x0000029e9b8b3f90,
0x0000029e9b8b7070, 0x0000029e9b8bf990, 0x0000029e9fc96150, 0x0000029e9fc9de70
}

Java Threads: ( => current thread )
=>0x0000029efe53d560 JavaThread "main" [_thread_in_vm, id=22728, stack(0x000000a20f600000,0x000000a20f700000)]
  0x0000029e9b895b70 JavaThread "Reference Handler" daemon [_thread_blocked, id=20420, stack(0x000000a20fd00000,0x000000a20fe00000)]
  0x0000029e9b896f70 JavaThread "Finalizer" daemon [_thread_blocked, id=13244, stack(0x000000a20fe00000,0x000000a20ff00000)]
  0x0000029e9b8ab390 JavaThread "Signal Dispatcher" daemon [_thread_blocked, id=21532, stack(0x000000a20ff00000,0x000000a210000000)]
  0x0000029e9b8b1060 JavaThread "Attach Listener" daemon [_thread_blocked, id=12976, stack(0x000000a210000000,0x000000a210100000)]
  0x0000029e9b8b1a00 JavaThread "Service Thread" daemon [_thread_blocked, id=1244, stack(0x000000a210100000,0x000000a210200000)]
  0x0000029e9b8b23a0 JavaThread "Monitor Deflation Thread" daemon [_thread_blocked, id=4764, stack(0x000000a210200000,0x000000a210300000)]
  0x0000029e9b8b3f90 JavaThread "C2 CompilerThread0" daemon [_thread_blocked, id=22264, stack(0x000000a210300000,0x000000a210400000)]
  0x0000029e9b8b7070 JavaThread "C1 CompilerThread0" daemon [_thread_blocked, id=24292, stack(0x000000a210400000,0x000000a210500000)]
  0x0000029e9b8bf990 JavaThread "Sweeper thread" daemon [_thread_blocked, id=24220, stack(0x000000a210500000,0x000000a210600000)]
  0x0000029e9fc96150 JavaThread "Notification Thread" daemon [_thread_blocked, id=24908, stack(0x000000a210600000,0x000000a210700000)]
  0x0000029e9fc9de70 JavaThread "Common-Cleaner" daemon [_thread_blocked, id=24936, stack(0x000000a210800000,0x000000a210900000)]

Other Threads:
  0x0000029e9b88e9f0 VMThread "VM Thread" [stack: 0x000000a20fc00000,0x000000a20fd00000] [id=24304]
  0x0000029e9fc9ca40 WatcherThread "VM Periodic Task Thread" [stack: 0x000000a210700000,0x000000a210800000] [id=24916]
  0x0000029efe58f1d0 WorkerThread "GC Thread#0" [stack: 0x000000a20f700000,0x000000a20f800000] [id=23740]
  0x0000029ea009a0e0 WorkerThread "GC Thread#1" [stack: 0x000000a210900000,0x000000a210a00000] [id=25332]
  0x0000029ea01cbfc0 WorkerThread "GC Thread#2" [stack: 0x000000a210a00000,0x000000a210b00000] [id=25384]
  0x0000029ea01cc260 WorkerThread "GC Thread#3" [stack: 0x000000a210b00000,0x000000a210c00000] [id=25392]
  0x0000029ea01ecad0 WorkerThread "GC Thread#4" [stack: 0x000000a210c00000,0x000000a210d00000] [id=25396]
  0x0000029ea01ecd70 WorkerThread "GC Thread#5" [stack: 0x000000a210d00000,0x000000a210e00000] [id=25400]
  0x0000029ea07b9c10 WorkerThread "GC Thread#6" [stack: 0x000000a210e00000,0x000000a210f00000] [id=19528]
  0x0000029ea04bd310 WorkerThread "GC Thread#7" [stack: 0x000000a210f00000,0x000000a211000000] [id=22772]
  0x0000029ea0778b10 WorkerThread "GC Thread#8" [stack: 0x000000a211000000,0x000000a211100000] [id=1548]
  0x0000029ea0778db0 WorkerThread "GC Thread#9" [stack: 0x000000a211100000,0x000000a211200000] [id=19948]
  0x0000029efe59bc80 ConcurrentGCThread "G1 Main Marker" [stack: 0x000000a20f800000,0x000000a20f900000] [id=23600]
  0x0000029efe59c670 WorkerThread "G1 Conc#0" [stack: 0x000000a20f900000,0x000000a20fa00000] [id=24536]
  0x0000029ea056d460 WorkerThread "G1 Conc#1" [stack: 0x000000a211200000,0x000000a211300000] [id=4016]
  0x0000029ea0364780 WorkerThread "G1 Conc#2" [stack: 0x000000a211300000,0x000000a211400000] [id=21776]
  0x0000029efe5e9280 ConcurrentGCThread "G1 Refine#0" [stack: 0x000000a20fa00000,0x000000a20fb00000] [id=24076]
  0x0000029ea02896a0 ConcurrentGCThread "G1 Refine#1" [stack: 0x000000a211400000,0x000000a211500000] [id=20080]
  0x0000029efe5e9b90 ConcurrentGCThread "G1 Service" [stack: 0x000000a20fb00000,0x000000a20fc00000] [id=8396]

Threads with active compile tasks:

VM state: not at safepoint (normal execution)

VM Mutex/Monitor currently owned by a thread:  ([mutex/lock_event])
[0x0000029efc34e890] Metaspace_lock - owner thread: 0x0000029efe53d560

Heap address: 0x00000000a2400000, size: 1500 MB, Compressed Oops mode: 32-bit

CDS archive(s) mapped at: [0x0000000800000000-0x0000000800ba0000-0x0000000800ba0000), size 12189696, SharedBaseAddress: 0x0000000800000000, ArchiveRelocationMode: 0.
Compressed class space mapped at: 0x0000000800c00000-0x0000000840c00000, reserved size: 1073741824
Narrow klass base: 0x0000000800000000, Narrow klass shift: 0, Narrow klass range: 0x100000000

GC Precious Log:
 CardTable entry size: 512
 Card Set container configuration: InlinePtr #cards 5 size 8 Array Of Cards #cards 12 size 40 Howl #buckets 4 coarsen threshold 1843 Howl Bitmap #cards 512 size 80 coarsen threshold 460 Card regions per heap region 1 cards per card region 2048
 CPUs: 12 total, 12 available
 Memory: 5996M
 Large Page Support: Disabled
 NUMA Support: Disabled
 Compressed Oops: Enabled (32-bit)
 Heap Region Size: 1M
 Heap Min Capacity: 8M
 Heap Initial Capacity: 94M
 Heap Max Capacity: 1500M
 Pre-touch: Disabled
 Parallel Workers: 10
 Concurrent Workers: 3
 Concurrent Refinement Workers: 10
 Periodic GC: Disabled

Heap:
 garbage-first heap   total 134144K, used 27390K [0x00000000a2400000, 0x0000000100000000)
  region size 1024K, 7 young (7168K), 3 survivors (3072K)
 Metaspace       used 31316K, committed 31552K, reserved 1114112K
  class space    used 3924K, committed 4032K, reserved 1048576K

Heap Regions: E=young(eden), S=young(survivor), O=old, HS=humongous(starts), HC=humongous(continues), CS=collection set, F=free, OA=open archive, CA=closed archive, TAMS=top-at-mark-start (previous, next)
|   0|0x00000000a2400000, 0x00000000a2500000, 0x00000000a2500000|100%|HS|  |TAMS 0x00000000a2500000, 0x00000000a2400000| Complete 
|   1|0x00000000a2500000, 0x00000000a2600000, 0x00000000a2600000|100%|HC|  |TAMS 0x00000000a2600000, 0x00000000a2500000| Complete 
|   2|0x00000000a2600000, 0x00000000a2700000, 0x00000000a2700000|100%|HC|  |TAMS 0x00000000a2700000, 0x00000000a2600000| Complete 
|   3|0x00000000a2700000, 0x00000000a2800000, 0x00000000a2800000|100%|HC|  |TAMS 0x00000000a2800000, 0x00000000a2700000| Complete 
|   4|0x00000000a2800000, 0x00000000a2900000, 0x00000000a2900000|100%| O|  |TAMS 0x00000000a2900000, 0x00000000a2800000| Untracked 
|   5|0x00000000a2900000, 0x00000000a2a00000, 0x00000000a2a00000|100%| O|  |TAMS 0x00000000a2a00000, 0x00000000a2900000| Untracked 
|   6|0x00000000a2a00000, 0x00000000a2a00000, 0x00000000a2b00000|  0%| F|  |TAMS 0x00000000a2a00000, 0x00000000a2a00000| Untracked 
|   7|0x00000000a2b00000, 0x00000000a2c00000, 0x00000000a2c00000|100%|HS|  |TAMS 0x00000000a2c00000, 0x00000000a2b00000| Complete 
|   8|0x00000000a2c00000, 0x00000000a2d00000, 0x00000000a2d00000|100%|HC|  |TAMS 0x00000000a2d00000, 0x00000000a2c00000| Complete 
|   9|0x00000000a2d00000, 0x00000000a2e00000, 0x00000000a2e00000|100%|HC|  |TAMS 0x00000000a2e00000, 0x00000000a2d00000| Complete 
|  10|0x00000000a2e00000, 0x00000000a2f00000, 0x00000000a2f00000|100%|HC|  |TAMS 0x00000000a2f00000, 0x00000000a2e00000| Complete 
|  11|0x00000000a2f00000, 0x00000000a2f00000, 0x00000000a3000000|  0%| F|  |TAMS 0x00000000a2f00000, 0x00000000a2f00000| Untracked 
|  12|0x00000000a3000000, 0x00000000a3000000, 0x00000000a3100000|  0%| F|  |TAMS 0x00000000a3000000, 0x00000000a3000000| Untracked 
|  13|0x00000000a3100000, 0x00000000a3200000, 0x00000000a3200000|100%| O|  |TAMS 0x00000000a3100000, 0x00000000a3100000| Untracked 
|  14|0x00000000a3200000, 0x00000000a3300000, 0x00000000a3300000|100%| O|  |TAMS 0x00000000a3200000, 0x00000000a3200000| Untracked 
|  15|0x00000000a3300000, 0x00000000a3400000, 0x00000000a3400000|100%| O|  |TAMS 0x00000000a3300000, 0x00000000a3300000| Untracked 
|  16|0x00000000a3400000, 0x00000000a3500000, 0x00000000a3500000|100%| O|  |TAMS 0x00000000a3400000, 0x00000000a3400000| Untracked 
|  17|0x00000000a3500000, 0x00000000a3600000, 0x00000000a3600000|100%| O|  |TAMS 0x00000000a3500000, 0x00000000a3500000| Untracked 
|  18|0x00000000a3600000, 0x00000000a3700000, 0x00000000a3700000|100%| O|  |TAMS 0x00000000a3600000, 0x00000000a3600000| Untracked 
|  19|0x00000000a3700000, 0x00000000a3700000, 0x00000000a3800000|  0%| F|  |TAMS 0x00000000a3700000, 0x00000000a3700000| Untracked 
|  20|0x00000000a3800000, 0x00000000a3800000, 0x00000000a3900000|  0%| F|  |TAMS 0x00000000a3800000, 0x00000000a3800000| Untracked 
|  21|0x00000000a3900000, 0x00000000a3900000, 0x00000000a3a00000|  0%| F|  |TAMS 0x00000000a3900000, 0x00000000a3900000| Untracked 
|  22|0x00000000a3a00000, 0x00000000a3a00000, 0x00000000a3b00000|  0%| F|  |TAMS 0x00000000a3a00000, 0x00000000a3a00000| Untracked 
|  23|0x00000000a3b00000, 0x00000000a3b00000, 0x00000000a3c00000|  0%| F|  |TAMS 0x00000000a3b00000, 0x00000000a3b00000| Untracked 
|  24|0x00000000a3c00000, 0x00000000a3d00000, 0x00000000a3d00000|100%| O|  |TAMS 0x00000000a3c00000, 0x00000000a3c00000| Untracked 
|  25|0x00000000a3d00000, 0x00000000a3e00000, 0x00000000a3e00000|100%| O|  |TAMS 0x00000000a3d00000, 0x00000000a3d00000| Untracked 
|  26|0x00000000a3e00000, 0x00000000a3f00000, 0x00000000a3f00000|100%| O|  |TAMS 0x00000000a3e00000, 0x00000000a3e00000| Untracked 
|  27|0x00000000a3f00000, 0x00000000a4000000, 0x00000000a4000000|100%| O|  |TAMS 0x00000000a3f00000, 0x00000000a3f00000| Untracked 
|  28|0x00000000a4000000, 0x00000000a4100000, 0x00000000a4100000|100%| O|  |TAMS 0x00000000a4000000, 0x00000000a4000000| Untracked 
|  29|0x00000000a4100000, 0x00000000a4200000, 0x00000000a4200000|100%| O|  |TAMS 0x00000000a4100000, 0x00000000a4100000| Untracked 
|  30|0x00000000a4200000, 0x00000000a4200000, 0x00000000a4300000|  0%| F|  |TAMS 0x00000000a4200000, 0x00000000a4200000| Untracked 
|  31|0x00000000a4300000, 0x00000000a4300000, 0x00000000a4400000|  0%| F|  |TAMS 0x00000000a4300000, 0x00000000a4300000| Untracked 
|  32|0x00000000a4400000, 0x00000000a4400000, 0x00000000a4500000|  0%| F|  |TAMS 0x00000000a4400000, 0x00000000a4400000| Untracked 
|  33|0x00000000a4500000, 0x00000000a4500000, 0x00000000a4600000|  0%| F|  |TAMS 0x00000000a4500000, 0x00000000a4500000| Untracked 
|  34|0x00000000a4600000, 0x00000000a4600000, 0x00000000a4700000|  0%| F|  |TAMS 0x00000000a4600000, 0x00000000a4600000| Untracked 
|  35|0x00000000a4700000, 0x00000000a47bfae0, 0x00000000a4800000| 74%| S|CS|TAMS 0x00000000a4700000, 0x00000000a4700000| Complete 
|  36|0x00000000a4800000, 0x00000000a4900000, 0x00000000a4900000|100%| S|CS|TAMS 0x00000000a4800000, 0x00000000a4800000| Complete 
|  37|0x00000000a4900000, 0x00000000a4a00000, 0x00000000a4a00000|100%| S|CS|TAMS 0x00000000a4900000, 0x00000000a4900000| Complete 
|  38|0x00000000a4a00000, 0x00000000a4a00000, 0x00000000a4b00000|  0%| F|  |TAMS 0x00000000a4a00000, 0x00000000a4a00000| Untracked 
|  39|0x00000000a4b00000, 0x00000000a4b00000, 0x00000000a4c00000|  0%| F|  |TAMS 0x00000000a4b00000, 0x00000000a4b00000| Untracked 
|  40|0x00000000a4c00000, 0x00000000a4c00000, 0x00000000a4d00000|  0%| F|  |TAMS 0x00000000a4c00000, 0x00000000a4c00000| Untracked 
|  41|0x00000000a4d00000, 0x00000000a4d00000, 0x00000000a4e00000|  0%| F|  |TAMS 0x00000000a4d00000, 0x00000000a4d00000| Untracked 
|  42|0x00000000a4e00000, 0x00000000a4e00000, 0x00000000a4f00000|  0%| F|  |TAMS 0x00000000a4e00000, 0x00000000a4e00000| Untracked 
|  43|0x00000000a4f00000, 0x00000000a4f00000, 0x00000000a5000000|  0%| F|  |TAMS 0x00000000a4f00000, 0x00000000a4f00000| Untracked 
|  44|0x00000000a5000000, 0x00000000a5000000, 0x00000000a5100000|  0%| F|  |TAMS 0x00000000a5000000, 0x00000000a5000000| Untracked 
|  45|0x00000000a5100000, 0x00000000a5100000, 0x00000000a5200000|  0%| F|  |TAMS 0x00000000a5100000, 0x00000000a5100000| Untracked 
|  46|0x00000000a5200000, 0x00000000a5200000, 0x00000000a5300000|  0%| F|  |TAMS 0x00000000a5200000, 0x00000000a5200000| Untracked 
|  47|0x00000000a5300000, 0x00000000a5300000, 0x00000000a5400000|  0%| F|  |TAMS 0x00000000a5300000, 0x00000000a5300000| Untracked 
|  48|0x00000000a5400000, 0x00000000a5400000, 0x00000000a5500000|  0%| F|  |TAMS 0x00000000a5400000, 0x00000000a5400000| Untracked 
|  49|0x00000000a5500000, 0x00000000a5500000, 0x00000000a5600000|  0%| F|  |TAMS 0x00000000a5500000, 0x00000000a5500000| Untracked 
|  50|0x00000000a5600000, 0x00000000a5600000, 0x00000000a5700000|  0%| F|  |TAMS 0x00000000a5600000, 0x00000000a5600000| Untracked 
|  51|0x00000000a5700000, 0x00000000a5700000, 0x00000000a5800000|  0%| F|  |TAMS 0x00000000a5700000, 0x00000000a5700000| Untracked 
|  52|0x00000000a5800000, 0x00000000a5800000, 0x00000000a5900000|  0%| F|  |TAMS 0x00000000a5800000, 0x00000000a5800000| Untracked 
|  53|0x00000000a5900000, 0x00000000a5900000, 0x00000000a5a00000|  0%| F|  |TAMS 0x00000000a5900000, 0x00000000a5900000| Untracked 
|  54|0x00000000a5a00000, 0x00000000a5a00000, 0x00000000a5b00000|  0%| F|  |TAMS 0x00000000a5a00000, 0x00000000a5a00000| Untracked 
|  55|0x00000000a5b00000, 0x00000000a5b00000, 0x00000000a5c00000|  0%| F|  |TAMS 0x00000000a5b00000, 0x00000000a5b00000| Untracked 
|  56|0x00000000a5c00000, 0x00000000a5c00000, 0x00000000a5d00000|  0%| F|  |TAMS 0x00000000a5c00000, 0x00000000a5c00000| Untracked 
|  57|0x00000000a5d00000, 0x00000000a5d00000, 0x00000000a5e00000|  0%| F|  |TAMS 0x00000000a5d00000, 0x00000000a5d00000| Untracked 
|  58|0x00000000a5e00000, 0x00000000a5e00000, 0x00000000a5f00000|  0%| F|  |TAMS 0x00000000a5e00000, 0x00000000a5e00000| Untracked 
|  59|0x00000000a5f00000, 0x00000000a5f00000, 0x00000000a6000000|  0%| F|  |TAMS 0x00000000a5f00000, 0x00000000a5f00000| Untracked 
|  60|0x00000000a6000000, 0x00000000a6000000, 0x00000000a6100000|  0%| F|  |TAMS 0x00000000a6000000, 0x00000000a6000000| Untracked 
|  61|0x00000000a6100000, 0x00000000a6100000, 0x00000000a6200000|  0%| F|  |TAMS 0x00000000a6100000, 0x00000000a6100000| Untracked 
|  62|0x00000000a6200000, 0x00000000a6200000, 0x00000000a6300000|  0%| F|  |TAMS 0x00000000a6200000, 0x00000000a6200000| Untracked 
|  63|0x00000000a6300000, 0x00000000a6300000, 0x00000000a6400000|  0%| F|  |TAMS 0x00000000a6300000, 0x00000000a6300000| Untracked 
|  64|0x00000000a6400000, 0x00000000a6400000, 0x00000000a6500000|  0%| F|  |TAMS 0x00000000a6400000, 0x00000000a6400000| Untracked 
|  65|0x00000000a6500000, 0x00000000a6500000, 0x00000000a6600000|  0%| F|  |TAMS 0x00000000a6500000, 0x00000000a6500000| Untracked 
|  66|0x00000000a6600000, 0x00000000a6600000, 0x00000000a6700000|  0%| F|  |TAMS 0x00000000a6600000, 0x00000000a6600000| Untracked 
|  67|0x00000000a6700000, 0x00000000a6700000, 0x00000000a6800000|  0%| F|  |TAMS 0x00000000a6700000, 0x00000000a6700000| Untracked 
|  68|0x00000000a6800000, 0x00000000a6800000, 0x00000000a6900000|  0%| F|  |TAMS 0x00000000a6800000, 0x00000000a6800000| Untracked 
|  69|0x00000000a6900000, 0x00000000a6900000, 0x00000000a6a00000|  0%| F|  |TAMS 0x00000000a6900000, 0x00000000a6900000| Untracked 
|  70|0x00000000a6a00000, 0x00000000a6a00000, 0x00000000a6b00000|  0%| F|  |TAMS 0x00000000a6a00000, 0x00000000a6a00000| Untracked 
|  71|0x00000000a6b00000, 0x00000000a6b00000, 0x00000000a6c00000|  0%| F|  |TAMS 0x00000000a6b00000, 0x00000000a6b00000| Untracked 
|  72|0x00000000a6c00000, 0x00000000a6c00000, 0x00000000a6d00000|  0%| F|  |TAMS 0x00000000a6c00000, 0x00000000a6c00000| Untracked 
|  73|0x00000000a6d00000, 0x00000000a6d00000, 0x00000000a6e00000|  0%| F|  |TAMS 0x00000000a6d00000, 0x00000000a6d00000| Untracked 
|  74|0x00000000a6e00000, 0x00000000a6e00000, 0x00000000a6f00000|  0%| F|  |TAMS 0x00000000a6e00000, 0x00000000a6e00000| Untracked 
|  75|0x00000000a6f00000, 0x00000000a6f00000, 0x00000000a7000000|  0%| F|  |TAMS 0x00000000a6f00000, 0x00000000a6f00000| Untracked 
|  76|0x00000000a7000000, 0x00000000a7000000, 0x00000000a7100000|  0%| F|  |TAMS 0x00000000a7000000, 0x00000000a7000000| Untracked 
|  77|0x00000000a7100000, 0x00000000a7100000, 0x00000000a7200000|  0%| F|  |TAMS 0x00000000a7100000, 0x00000000a7100000| Untracked 
|  78|0x00000000a7200000, 0x00000000a7200000, 0x00000000a7300000|  0%| F|  |TAMS 0x00000000a7200000, 0x00000000a7200000| Untracked 
|  79|0x00000000a7300000, 0x00000000a7300000, 0x00000000a7400000|  0%| F|  |TAMS 0x00000000a7300000, 0x00000000a7300000| Untracked 
|  80|0x00000000a7400000, 0x00000000a7400000, 0x00000000a7500000|  0%| F|  |TAMS 0x00000000a7400000, 0x00000000a7400000| Untracked 
|  81|0x00000000a7500000, 0x00000000a7500000, 0x00000000a7600000|  0%| F|  |TAMS 0x00000000a7500000, 0x00000000a7500000| Untracked 
|  82|0x00000000a7600000, 0x00000000a7600000, 0x00000000a7700000|  0%| F|  |TAMS 0x00000000a7600000, 0x00000000a7600000| Untracked 
|  83|0x00000000a7700000, 0x00000000a7700000, 0x00000000a7800000|  0%| F|  |TAMS 0x00000000a7700000, 0x00000000a7700000| Untracked 
|  84|0x00000000a7800000, 0x00000000a7800000, 0x00000000a7900000|  0%| F|  |TAMS 0x00000000a7800000, 0x00000000a7800000| Untracked 
|  85|0x00000000a7900000, 0x00000000a7900000, 0x00000000a7a00000|  0%| F|  |TAMS 0x00000000a7900000, 0x00000000a7900000| Untracked 
|  86|0x00000000a7a00000, 0x00000000a7a00000, 0x00000000a7b00000|  0%| F|  |TAMS 0x00000000a7a00000, 0x00000000a7a00000| Untracked 
|  87|0x00000000a7b00000, 0x00000000a7b00000, 0x00000000a7c00000|  0%| F|  |TAMS 0x00000000a7b00000, 0x00000000a7b00000| Untracked 
|  88|0x00000000a7c00000, 0x00000000a7c00000, 0x00000000a7d00000|  0%| F|  |TAMS 0x00000000a7c00000, 0x00000000a7c00000| Untracked 
|  89|0x00000000a7d00000, 0x00000000a7d00000, 0x00000000a7e00000|  0%| F|  |TAMS 0x00000000a7d00000, 0x00000000a7d00000| Untracked 
|  90|0x00000000a7e00000, 0x00000000a7e00000, 0x00000000a7f00000|  0%| F|  |TAMS 0x00000000a7e00000, 0x00000000a7e00000| Untracked 
|  91|0x00000000a7f00000, 0x00000000a7f00000, 0x00000000a8000000|  0%| F|  |TAMS 0x00000000a7f00000, 0x00000000a7f00000| Untracked 
|  92|0x00000000a8000000, 0x00000000a8000000, 0x00000000a8100000|  0%| F|  |TAMS 0x00000000a8000000, 0x00000000a8000000| Untracked 
|  93|0x00000000a8100000, 0x00000000a8100000, 0x00000000a8200000|  0%| F|  |TAMS 0x00000000a8100000, 0x00000000a8100000| Untracked 
|  94|0x00000000a8200000, 0x00000000a8200000, 0x00000000a8300000|  0%| F|  |TAMS 0x00000000a8200000, 0x00000000a8200000| Untracked 
|  95|0x00000000a8300000, 0x00000000a8300000, 0x00000000a8400000|  0%| F|  |TAMS 0x00000000a8300000, 0x00000000a8300000| Untracked 
|  96|0x00000000a8400000, 0x00000000a8400000, 0x00000000a8500000|  0%| F|  |TAMS 0x00000000a8400000, 0x00000000a8400000| Untracked 
|  97|0x00000000a8500000, 0x00000000a8500000, 0x00000000a8600000|  0%| F|  |TAMS 0x00000000a8500000, 0x00000000a8500000| Untracked 
|  98|0x00000000a8600000, 0x00000000a8600000, 0x00000000a8700000|  0%| F|  |TAMS 0x00000000a8600000, 0x00000000a8600000| Untracked 
|  99|0x00000000a8700000, 0x00000000a8700000, 0x00000000a8800000|  0%| F|  |TAMS 0x00000000a8700000, 0x00000000a8700000| Untracked 
| 100|0x00000000a8800000, 0x00000000a8800000, 0x00000000a8900000|  0%| F|  |TAMS 0x00000000a8800000, 0x00000000a8800000| Untracked 
| 101|0x00000000a8900000, 0x00000000a8900000, 0x00000000a8a00000|  0%| F|  |TAMS 0x00000000a8900000, 0x00000000a8900000| Untracked 
| 102|0x00000000a8a00000, 0x00000000a8a00000, 0x00000000a8b00000|  0%| F|  |TAMS 0x00000000a8a00000, 0x00000000a8a00000| Untracked 
| 103|0x00000000a8b00000, 0x00000000a8b00000, 0x00000000a8c00000|  0%| F|  |TAMS 0x00000000a8b00000, 0x00000000a8b00000| Untracked 
| 104|0x00000000a8c00000, 0x00000000a8c00000, 0x00000000a8d00000|  0%| F|  |TAMS 0x00000000a8c00000, 0x00000000a8c00000| Untracked 
| 105|0x00000000a8d00000, 0x00000000a8d00000, 0x00000000a8e00000|  0%| F|  |TAMS 0x00000000a8d00000, 0x00000000a8d00000| Untracked 
| 106|0x00000000a8e00000, 0x00000000a8e00000, 0x00000000a8f00000|  0%| F|  |TAMS 0x00000000a8e00000, 0x00000000a8e00000| Untracked 
| 107|0x00000000a8f00000, 0x00000000a8f00000, 0x00000000a9000000|  0%| F|  |TAMS 0x00000000a8f00000, 0x00000000a8f00000| Untracked 
| 108|0x00000000a9000000, 0x00000000a9000000, 0x00000000a9100000|  0%| F|  |TAMS 0x00000000a9000000, 0x00000000a9000000| Untracked 
| 109|0x00000000a9100000, 0x00000000a9100000, 0x00000000a9200000|  0%| F|  |TAMS 0x00000000a9100000, 0x00000000a9100000| Untracked 
| 110|0x00000000a9200000, 0x00000000a9200000, 0x00000000a9300000|  0%| F|  |TAMS 0x00000000a9200000, 0x00000000a9200000| Untracked 
| 111|0x00000000a9300000, 0x00000000a9300000, 0x00000000a9400000|  0%| F|  |TAMS 0x00000000a9300000, 0x00000000a9300000| Untracked 
| 112|0x00000000a9400000, 0x00000000a9400000, 0x00000000a9500000|  0%| F|  |TAMS 0x00000000a9400000, 0x00000000a9400000| Untracked 
| 113|0x00000000a9500000, 0x00000000a9500000, 0x00000000a9600000|  0%| F|  |TAMS 0x00000000a9500000, 0x00000000a9500000| Untracked 
| 114|0x00000000a9600000, 0x00000000a9600000, 0x00000000a9700000|  0%| F|  |TAMS 0x00000000a9600000, 0x00000000a9600000| Untracked 
| 115|0x00000000a9700000, 0x00000000a9700000, 0x00000000a9800000|  0%| F|  |TAMS 0x00000000a9700000, 0x00000000a9700000| Untracked 
| 116|0x00000000a9800000, 0x00000000a9800000, 0x00000000a9900000|  0%| F|  |TAMS 0x00000000a9800000, 0x00000000a9800000| Untracked 
| 117|0x00000000a9900000, 0x00000000a9900000, 0x00000000a9a00000|  0%| F|  |TAMS 0x00000000a9900000, 0x00000000a9900000| Untracked 
| 118|0x00000000a9a00000, 0x00000000a9a00000, 0x00000000a9b00000|  0%| F|  |TAMS 0x00000000a9a00000, 0x00000000a9a00000| Untracked 
| 119|0x00000000a9b00000, 0x00000000a9b00000, 0x00000000a9c00000|  0%| F|  |TAMS 0x00000000a9b00000, 0x00000000a9b00000| Untracked 
| 120|0x00000000a9c00000, 0x00000000a9c00000, 0x00000000a9d00000|  0%| F|  |TAMS 0x00000000a9c00000, 0x00000000a9c00000| Untracked 
| 121|0x00000000a9d00000, 0x00000000a9d00000, 0x00000000a9e00000|  0%| F|  |TAMS 0x00000000a9d00000, 0x00000000a9d00000| Untracked 
| 122|0x00000000a9e00000, 0x00000000a9e00000, 0x00000000a9f00000|  0%| F|  |TAMS 0x00000000a9e00000, 0x00000000a9e00000| Untracked 
| 123|0x00000000a9f00000, 0x00000000a9f00000, 0x00000000aa000000|  0%| F|  |TAMS 0x00000000a9f00000, 0x00000000a9f00000| Untracked 
| 124|0x00000000aa000000, 0x00000000aa000000, 0x00000000aa100000|  0%| F|  |TAMS 0x00000000aa000000, 0x00000000aa000000| Untracked 
| 125|0x00000000aa100000, 0x00000000aa100000, 0x00000000aa200000|  0%| F|  |TAMS 0x00000000aa100000, 0x00000000aa100000| Untracked 
| 126|0x00000000aa200000, 0x00000000aa200000, 0x00000000aa300000|  0%| F|  |TAMS 0x00000000aa200000, 0x00000000aa200000| Untracked 
| 127|0x00000000aa300000, 0x00000000aa38ca20, 0x00000000aa400000| 54%| E|  |TAMS 0x00000000aa300000, 0x00000000aa300000| Complete 
| 128|0x00000000aa400000, 0x00000000aa4f11f0, 0x00000000aa500000| 94%| E|  |TAMS 0x00000000aa400000, 0x00000000aa400000| Complete 
| 129|0x00000000aa500000, 0x00000000aa600000, 0x00000000aa600000|100%| E|CS|TAMS 0x00000000aa500000, 0x00000000aa500000| Complete 
| 130|0x00000000aa600000, 0x00000000aa700000, 0x00000000aa700000|100%| E|CS|TAMS 0x00000000aa600000, 0x00000000aa600000| Complete 

Card table byte_map: [0x0000029efee30000,0x0000029eff120000] _byte_map_base: 0x0000029efe91e000

Marking Bits (Prev, Next): (CMBitMap*) 0x0000029efe58f810, (CMBitMap*) 0x0000029efe58f7d0
 Prev Bits: [0x0000029e97fe0000, 0x0000029e99750000)
 Next Bits: [0x0000029e96870000, 0x0000029e97fe0000)

Polling page: 0x0000029efc4b0000

Metaspace:

Usage:
  Non-class:     26.75 MB used.
      Class:      3.83 MB used.
       Both:     30.58 MB used.

Virtual space:
  Non-class space:       64.00 MB reserved,      26.88 MB ( 42%) committed,  1 nodes.
      Class space:        1.00 GB reserved,       3.94 MB ( <1%) committed,  1 nodes.
             Both:        1.06 GB reserved,      30.81 MB (  3%) committed. 

Chunk freelists:
   Non-Class:  240.00 KB
       Class:  80.00 KB
        Both:  320.00 KB

MaxMetaspaceSize: unlimited
CompressedClassSpaceSize: 1.00 GB
Initial GC threshold: 21.00 MB
Current GC threshold: 35.25 MB
CDS: on
MetaspaceReclaimPolicy: balanced
 - commit_granule_bytes: 65536.
 - commit_granule_words: 8192.
 - virtual_space_node_default_size: 8388608.
 - enlarge_chunks_in_place: 1.
 - new_chunks_are_fully_committed: 0.
 - uncommit_free_chunks: 1.
 - use_allocation_guard: 0.


Internal statistics:

num_allocs_failed_limit: 3.
num_arena_births: 222.
num_arena_deaths: 0.
num_vsnodes_births: 2.
num_vsnodes_deaths: 0.
num_space_committed: 492.
num_space_uncommitted: 0.
num_chunks_returned_to_freelist: 3.
num_chunks_taken_from_freelist: 1264.
num_chunk_merges: 3.
num_chunk_splits: 1032.
num_chunks_enlarged: 916.
num_inconsistent_stats: 0.

CodeHeap 'non-profiled nmethods': size=120000Kb used=1078Kb max_used=1078Kb free=118921Kb
 bounds [0x0000029e8f340000, 0x0000029e8f5b0000, 0x0000029e96870000]
CodeHeap 'profiled nmethods': size=120000Kb used=5134Kb max_used=5134Kb free=114865Kb
 bounds [0x0000029e87e10000, 0x0000029e88320000, 0x0000029e8f340000]
CodeHeap 'non-nmethods': size=5760Kb used=1269Kb max_used=1288Kb free=4491Kb
 bounds [0x0000029e87870000, 0x0000029e87ae0000, 0x0000029e87e10000]
 total_blobs=3272 nmethods=2697 adapters=487
 compilation: enabled
              stopped_count=0, restarted_count=0
 full_count=0

Compilation events (20 events):
Event: 17.896 Thread 0x0000029e9b8b7070 2714       3       kotlin.collections.ArraysKt___ArraysKt::toList (52 bytes)
Event: 17.898 Thread 0x0000029e9b8b7070 nmethod 2714 0x0000029e8830a810 code [0x0000029e8830ac20, 0x0000029e8830c638]
Event: 17.898 Thread 0x0000029e9b8b7070 2715       3       java.lang.Class::annotationData (44 bytes)
Event: 17.898 Thread 0x0000029e9b8b7070 nmethod 2715 0x0000029e8830cf10 code [0x0000029e8830d0e0, 0x0000029e8830d3d8]
Event: 17.898 Thread 0x0000029e9b8b7070 2716       3       java.lang.reflect.Constructor::<init> (50 bytes)
Event: 17.898 Thread 0x0000029e9b8b7070 nmethod 2716 0x0000029e8830d510 code [0x0000029e8830d6e0, 0x0000029e8830db58]
Event: 17.916 Thread 0x0000029e9b8b3f90 2717       4       java.util.LinkedHashMap::valuesToArray (38 bytes)
Event: 17.921 Thread 0x0000029e9b8b3f90 nmethod 2717 0x0000029e8f44d410 code [0x0000029e8f44d5a0, 0x0000029e8f44d998]
Event: 17.980 Thread 0x0000029e9b8b7070 2718   !   3       java.nio.ByteBuffer::wrap (21 bytes)
Event: 17.980 Thread 0x0000029e9b8b7070 nmethod 2718 0x0000029e8830dc90 code [0x0000029e8830de40, 0x0000029e8830e0d8]
Event: 17.983 Thread 0x0000029e9b8b7070 2719       3       kotlin.reflect.jvm.internal.pcollections.IntTree::rebalanced (449 bytes)
Event: 17.984 Thread 0x0000029e9b8b7070 nmethod 2719 0x0000029e8830e210 code [0x0000029e8830e500, 0x0000029e8830f3e8]
Event: 17.984 Thread 0x0000029e9b8b7070 2720       3       java.lang.Class::privateGetDeclaredConstructors (79 bytes)
Event: 17.984 Thread 0x0000029e9b8b7070 nmethod 2720 0x0000029e8830fb10 code [0x0000029e8830fd00, 0x0000029e88310248]
Event: 17.985 Thread 0x0000029e9b8b7070 2721       3       org.jetbrains.kotlin.container.ComponentStorage::collectAdhocComponents (190 bytes)
Event: 17.986 Thread 0x0000029e9b8b7070 nmethod 2721 0x0000029e88310410 code [0x0000029e88310700, 0x0000029e88311c58]
Event: 17.992 Thread 0x0000029e9b8b7070 2722       3       sun.reflect.annotation.AnnotationInvocationHandler::<init> (71 bytes)
Event: 17.993 Thread 0x0000029e9b8b7070 nmethod 2722 0x0000029e88312210 code [0x0000029e883124a0, 0x0000029e88312f18]
Event: 17.993 Thread 0x0000029e9b8b7070 2723       3       java.lang.reflect.Proxy::newProxyInstance (35 bytes)
Event: 17.993 Thread 0x0000029e9b8b7070 nmethod 2723 0x0000029e88313310 code [0x0000029e88313500, 0x0000029e883138c8]

GC Heap History (12 events):
Event: 2.689 GC heap before
{Heap before GC invocations=0 (full 0):
 garbage-first heap   total 96256K, used 27648K [0x00000000a2400000, 0x0000000100000000)
  region size 1024K, 23 young (23552K), 0 survivors (0K)
 Metaspace       used 6547K, committed 6720K, reserved 1114112K
  class space    used 645K, committed 768K, reserved 1048576K
}
Event: 2.725 GC heap after
{Heap after GC invocations=1 (full 0):
 garbage-first heap   total 96256K, used 6944K [0x00000000a2400000, 0x0000000100000000)
  region size 1024K, 3 young (3072K), 3 survivors (3072K)
 Metaspace       used 6547K, committed 6720K, reserved 1114112K
  class space    used 645K, committed 768K, reserved 1048576K
}
Event: 5.308 GC heap before
{Heap before GC invocations=1 (full 0):
 garbage-first heap   total 96256K, used 39712K [0x00000000a2400000, 0x0000000100000000)
  region size 1024K, 35 young (35840K), 3 survivors (3072K)
 Metaspace       used 13269K, committed 13504K, reserved 1114112K
  class space    used 1500K, committed 1600K, reserved 1048576K
}
Event: 5.332 GC heap after
{Heap after GC invocations=2 (full 0):
 garbage-first heap   total 96256K, used 10369K [0x00000000a2400000, 0x0000000100000000)
  region size 1024K, 4 young (4096K), 4 survivors (4096K)
 Metaspace       used 13269K, committed 13504K, reserved 1114112K
  class space    used 1500K, committed 1600K, reserved 1048576K
}
Event: 11.835 GC heap before
{Heap before GC invocations=2 (full 0):
 garbage-first heap   total 96256K, used 43137K [0x00000000a2400000, 0x0000000100000000)
  region size 1024K, 33 young (33792K), 4 survivors (4096K)
 Metaspace       used 21225K, committed 21504K, reserved 1114112K
  class space    used 2739K, committed 2880K, reserved 1048576K
}
Event: 11.855 GC heap after
{Heap after GC invocations=3 (full 0):
 garbage-first heap   total 96256K, used 17004K [0x00000000a2400000, 0x0000000100000000)
  region size 1024K, 6 young (6144K), 6 survivors (6144K)
 Metaspace       used 21225K, committed 21504K, reserved 1114112K
  class space    used 2739K, committed 2880K, reserved 1048576K
}
Event: 16.238 GC heap before
{Heap before GC invocations=4 (full 0):
 garbage-first heap   total 61440K, used 49772K [0x00000000a2400000, 0x0000000100000000)
  region size 1024K, 36 young (36864K), 6 survivors (6144K)
 Metaspace       used 26208K, committed 26432K, reserved 1114112K
  class space    used 3479K, committed 3584K, reserved 1048576K
}
Event: 16.328 GC heap after
{Heap after GC invocations=5 (full 0):
 garbage-first heap   total 61440K, used 24165K [0x00000000a2400000, 0x0000000100000000)
  region size 1024K, 5 young (5120K), 5 survivors (5120K)
 Metaspace       used 26208K, committed 26432K, reserved 1114112K
  class space    used 3479K, committed 3584K, reserved 1048576K
}
Event: 16.389 GC heap before
{Heap before GC invocations=5 (full 0):
 garbage-first heap   total 61440K, used 25189K [0x00000000a2400000, 0x0000000100000000)
  region size 1024K, 6 young (6144K), 5 survivors (5120K)
 Metaspace       used 26305K, committed 26624K, reserved 1114112K
  class space    used 3486K, committed 3648K, reserved 1048576K
}
Event: 16.465 GC heap after
{Heap after GC invocations=6 (full 0):
 garbage-first heap   total 61440K, used 25593K [0x00000000a2400000, 0x0000000100000000)
  region size 1024K, 1 young (1024K), 1 survivors (1024K)
 Metaspace       used 26305K, committed 26624K, reserved 1114112K
  class space    used 3486K, committed 3648K, reserved 1048576K
}
Event: 17.875 GC heap before
{Heap before GC invocations=6 (full 0):
 garbage-first heap   total 61440K, used 46073K [0x00000000a2400000, 0x0000000100000000)
  region size 1024K, 22 young (22528K), 1 survivors (1024K)
 Metaspace       used 30468K, committed 30720K, reserved 1114112K
  class space    used 3870K, committed 3968K, reserved 1048576K
}
Event: 17.887 GC heap after
{Heap after GC invocations=7 (full 0):
 garbage-first heap   total 134144K, used 25342K [0x00000000a2400000, 0x0000000100000000)
  region size 1024K, 3 young (3072K), 3 survivors (3072K)
 Metaspace       used 30468K, committed 30720K, reserved 1114112K
  class space    used 3870K, committed 3968K, reserved 1048576K
}

Deoptimization events (20 events):
Event: 17.915 Thread 0x0000029efe53d560 Uncommon trap: trap_request=0xffffffde fr.pc=0x0000029e8f419054 relative=0x00000000000012b4
Event: 17.915 Thread 0x0000029efe53d560 Uncommon trap: reason=class_check action=maybe_recompile pc=0x0000029e8f419054 method=java.util.HashMap.putVal(ILjava/lang/Object;Ljava/lang/Object;ZZ)Ljava/lang/Object; @ 203 c2
Event: 17.915 Thread 0x0000029efe53d560 DEOPT PACKING pc=0x0000029e8f419054 sp=0x000000a20f6fd8b0
Event: 17.915 Thread 0x0000029efe53d560 DEOPT UNPACKING pc=0x0000029e878c23a3 sp=0x000000a20f6fd768 mode 2
Event: 17.928 Thread 0x0000029efe53d560 Uncommon trap: trap_request=0xffffffd6 fr.pc=0x0000029e8f44d900 relative=0x0000000000000360
Event: 17.928 Thread 0x0000029efe53d560 Uncommon trap: reason=array_check action=maybe_recompile pc=0x0000029e8f44d900 method=java.util.LinkedHashMap.valuesToArray([Ljava/lang/Object;)[Ljava/lang/Object; @ 25 c2
Event: 17.928 Thread 0x0000029efe53d560 DEOPT PACKING pc=0x0000029e8f44d900 sp=0x000000a20f6fd440
Event: 17.928 Thread 0x0000029efe53d560 DEOPT UNPACKING pc=0x0000029e878c23a3 sp=0x000000a20f6fd3e8 mode 2
Event: 17.928 Thread 0x0000029efe53d560 Uncommon trap: trap_request=0xffffffd6 fr.pc=0x0000029e8f44d900 relative=0x0000000000000360
Event: 17.928 Thread 0x0000029efe53d560 Uncommon trap: reason=array_check action=maybe_recompile pc=0x0000029e8f44d900 method=java.util.LinkedHashMap.valuesToArray([Ljava/lang/Object;)[Ljava/lang/Object; @ 25 c2
Event: 17.928 Thread 0x0000029efe53d560 DEOPT PACKING pc=0x0000029e8f44d900 sp=0x000000a20f6fd440
Event: 17.928 Thread 0x0000029efe53d560 DEOPT UNPACKING pc=0x0000029e878c23a3 sp=0x000000a20f6fd3e8 mode 2
Event: 17.928 Thread 0x0000029efe53d560 Uncommon trap: trap_request=0xffffffd6 fr.pc=0x0000029e8f44d900 relative=0x0000000000000360
Event: 17.928 Thread 0x0000029efe53d560 Uncommon trap: reason=array_check action=maybe_recompile pc=0x0000029e8f44d900 method=java.util.LinkedHashMap.valuesToArray([Ljava/lang/Object;)[Ljava/lang/Object; @ 25 c2
Event: 17.928 Thread 0x0000029efe53d560 DEOPT PACKING pc=0x0000029e8f44d900 sp=0x000000a20f6fd440
Event: 17.928 Thread 0x0000029efe53d560 DEOPT UNPACKING pc=0x0000029e878c23a3 sp=0x000000a20f6fd3e8 mode 2
Event: 17.936 Thread 0x0000029efe53d560 Uncommon trap: trap_request=0xffffffd6 fr.pc=0x0000029e8f44d900 relative=0x0000000000000360
Event: 17.936 Thread 0x0000029efe53d560 Uncommon trap: reason=array_check action=maybe_recompile pc=0x0000029e8f44d900 method=java.util.LinkedHashMap.valuesToArray([Ljava/lang/Object;)[Ljava/lang/Object; @ 25 c2
Event: 17.936 Thread 0x0000029efe53d560 DEOPT PACKING pc=0x0000029e8f44d900 sp=0x000000a20f6fd370
Event: 17.937 Thread 0x0000029efe53d560 DEOPT UNPACKING pc=0x0000029e878c23a3 sp=0x000000a20f6fd318 mode 2

Classes loaded (20 events):
Event: 17.264 Loading class sun/reflect/generics/repository/ConstructorRepository
Event: 17.264 Loading class sun/reflect/generics/repository/ConstructorRepository done
Event: 17.264 Loading class sun/reflect/generics/tree/BottomSignature
Event: 17.264 Loading class sun/reflect/generics/tree/BottomSignature done
Event: 17.264 Loading class sun/reflect/generics/tree/Wildcard
Event: 17.265 Loading class sun/reflect/generics/tree/Wildcard done
Event: 17.268 Loading class sun/reflect/generics/tree/VoidDescriptor
Event: 17.269 Loading class sun/reflect/generics/tree/VoidDescriptor done
Event: 17.269 Loading class sun/reflect/generics/tree/MethodTypeSignature
Event: 17.269 Loading class sun/reflect/generics/tree/MethodTypeSignature done
Event: 17.269 Loading class sun/reflect/generics/reflectiveObjects/WildcardTypeImpl
Event: 17.269 Loading class java/lang/reflect/WildcardType
Event: 17.269 Loading class java/lang/reflect/WildcardType done
Event: 17.269 Loading class sun/reflect/generics/reflectiveObjects/WildcardTypeImpl done
Event: 17.514 Loading class java/lang/TypeNotPresentException
Event: 17.514 Loading class java/lang/TypeNotPresentException done
Event: 17.662 Loading class sun/reflect/generics/scope/MethodScope
Event: 17.662 Loading class sun/reflect/generics/scope/MethodScope done
Event: 17.662 Loading class sun/reflect/generics/repository/MethodRepository
Event: 17.662 Loading class sun/reflect/generics/repository/MethodRepository done

Classes unloaded (0 events):
No events

Classes redefined (0 events):
No events

Internal exceptions (20 events):
Event: 3.593 Thread 0x0000029efe53d560 Exception <a 'java/lang/NoSuchMethodError'{0x00000000a6e89780}: 'int java.lang.invoke.DelegatingMethodHandle$Holder.reinvoke_L(java.lang.Object, java.lang.Object, java.lang.Object, long, java.lang.Object, java.lang.Object)'> (0x00000000a6e89780) 
thrown [s\open\src\hotspot\share\interpreter\linkResolver.cpp, line 766]
Event: 3.595 Thread 0x0000029efe53d560 Exception <a 'java/lang/NoSuchMethodError'{0x00000000a6e98300}: 'void java.lang.invoke.DelegatingMethodHandle$Holder.reinvoke_L(java.lang.Object, java.lang.Object, java.lang.Object, long, java.lang.Object)'> (0x00000000a6e98300) 
thrown [s\open\src\hotspot\share\interpreter\linkResolver.cpp, line 766]
Event: 3.597 Thread 0x0000029efe53d560 Exception <a 'java/lang/NoSuchMethodError'{0x00000000a6e9ff38}: 'java.lang.Object java.lang.invoke.DirectMethodHandle$Holder.invokeSpecial(java.lang.Object, java.lang.Object, java.lang.Object, java.lang.Object, long)'> (0x00000000a6e9ff38) 
thrown [s\open\src\hotspot\share\interpreter\linkResolver.cpp, line 766]
Event: 3.605 Thread 0x0000029efe53d560 Exception <a 'java/lang/NoSuchMethodError'{0x00000000a6eb8530}: 'long java.lang.invoke.Invokers$Holder.invoke_MT(java.lang.Object, java.lang.Object, java.lang.Object, java.lang.Object)'> (0x00000000a6eb8530) 
thrown [s\open\src\hotspot\share\interpreter\linkResolver.cpp, line 766]
Event: 3.608 Thread 0x0000029efe53d560 Exception <a 'java/lang/NoSuchMethodError'{0x00000000a6ec0830}: 'int java.lang.invoke.DirectMethodHandle$Holder.invokeSpecial(java.lang.Object, java.lang.Object, java.lang.Object, java.lang.Object)'> (0x00000000a6ec0830) 
thrown [s\open\src\hotspot\share\interpreter\linkResolver.cpp, line 766]
Event: 3.609 Thread 0x0000029efe53d560 Exception <a 'java/lang/NoSuchMethodError'{0x00000000a6ec3e98}: 'int java.lang.invoke.Invokers$Holder.invoke_MT(java.lang.Object, java.lang.Object, java.lang.Object, java.lang.Object)'> (0x00000000a6ec3e98) 
thrown [s\open\src\hotspot\share\interpreter\linkResolver.cpp, line 766]
Event: 3.613 Thread 0x0000029efe53d560 Exception <a 'java/lang/NoSuchMethodError'{0x00000000a6ed3cc8}: 'int java.lang.invoke.DelegatingMethodHandle$Holder.reinvoke_L(java.lang.Object, java.lang.Object, java.lang.Object, long, int)'> (0x00000000a6ed3cc8) 
thrown [s\open\src\hotspot\share\interpreter\linkResolver.cpp, line 766]
Event: 5.017 Thread 0x0000029efe53d560 Exception <a 'java/lang/NoSuchMethodError'{0x00000000a61eff40}: 'java.lang.Object java.lang.invoke.DirectMethodHandle$Holder.invokeStaticInit(java.lang.Object, int)'> (0x00000000a61eff40) 
thrown [s\open\src\hotspot\share\interpreter\linkResolver.cpp, line 766]
Event: 5.224 Thread 0x0000029efe53d560 Exception <a 'java/lang/NoSuchMethodError'{0x00000000a607c010}: 'void java.lang.invoke.DirectMethodHandle$Holder.invokeStatic(java.lang.Object, java.lang.Object)'> (0x00000000a607c010) 
thrown [s\open\src\hotspot\share\interpreter\linkResolver.cpp, line 766]
Event: 5.285 Thread 0x0000029efe53d560 Exception <a 'java/lang/NoSuchMethodError'{0x00000000a5fb49a0}: 'long java.lang.invoke.DirectMethodHandle$Holder.invokeStatic(java.lang.Object)'> (0x00000000a5fb49a0) 
thrown [s\open\src\hotspot\share\interpreter\linkResolver.cpp, line 766]
Event: 5.286 Thread 0x0000029efe53d560 Exception <a 'java/lang/NoSuchMethodError'{0x00000000a5fb8040}: 'long java.lang.invoke.DirectMethodHandle$Holder.invokeStaticInit(java.lang.Object)'> (0x00000000a5fb8040) 
thrown [s\open\src\hotspot\share\interpreter\linkResolver.cpp, line 766]
Event: 5.806 Thread 0x0000029efe53d560 Exception <a 'java/lang/NoSuchMethodError'{0x00000000a7ee6db0}: 'int java.lang.invoke.DirectMethodHandle$Holder.invokeStaticInit(java.lang.Object, java.lang.Object, java.lang.Object)'> (0x00000000a7ee6db0) 
thrown [s\open\src\hotspot\share\interpreter\linkResolver.cpp, line 766]
Event: 5.829 Thread 0x0000029efe53d560 Exception <a 'java/lang/NoSuchMethodError'{0x00000000a7d0f190}: 'int java.lang.invoke.DirectMethodHandle$Holder.invokeStaticInit(java.lang.Object, java.lang.Object)'> (0x00000000a7d0f190) 
thrown [s\open\src\hotspot\share\interpreter\linkResolver.cpp, line 766]
Event: 8.115 Thread 0x0000029efe53d560 Exception <a 'java/lang/NoSuchMethodError'{0x00000000a72c3400}: 'void java.lang.invoke.DirectMethodHandle$Holder.invokeStatic(java.lang.Object, java.lang.Object, java.lang.Object, java.lang.Object)'> (0x00000000a72c3400) 
thrown [s\open\src\hotspot\share\interpreter\linkResolver.cpp, line 766]
Event: 9.261 Thread 0x0000029efe53d560 Exception <a 'java/lang/NoSuchMethodError'{0x00000000a6e67bf8}: 'void java.lang.invoke.DirectMethodHandle$Holder.invokeStaticInit(java.lang.Object, java.lang.Object)'> (0x00000000a6e67bf8) 
thrown [s\open\src\hotspot\share\interpreter\linkResolver.cpp, line 766]
Event: 10.785 Thread 0x0000029efe53d560 Exception <a 'java/lang/NoSuchMethodError'{0x00000000a6b57a50}: 'void java.lang.invoke.Invokers$Holder.invokeExact_MT(java.lang.Object, int, java.lang.Object)'> (0x00000000a6b57a50) 
thrown [s\open\src\hotspot\share\interpreter\linkResolver.cpp, line 766]
Event: 10.977 Thread 0x0000029efe53d560 Exception <a 'java/lang/NoSuchMethodError'{0x00000000a6a8a4e0}: 'void java.lang.invoke.DirectMethodHandle$Holder.invokeVirtual(java.lang.Object, java.lang.Object)'> (0x00000000a6a8a4e0) 
thrown [s\open\src\hotspot\share\interpreter\linkResolver.cpp, line 766]
Event: 11.105 Thread 0x0000029efe53d560 Exception <a 'java/lang/NoSuchMethodError'{0x00000000a69139b0}: 'int java.lang.invoke.DirectMethodHandle$Holder.invokeVirtual(java.lang.Object, java.lang.Object)'> (0x00000000a69139b0) 
thrown [s\open\src\hotspot\share\interpreter\linkResolver.cpp, line 766]
Event: 11.253 Thread 0x0000029efe53d560 Exception <a 'java/lang/NoSuchMethodError'{0x00000000a69b88d8}: 'java.lang.Object java.lang.invoke.Invokers$Holder.invokeExact_MT(java.lang.Object, java.lang.Object, java.lang.Object, java.lang.Object, java.lang.Object, java.lang.Object)'> (0x00000000a69b88d8) 
thrown [s\open\src\hotspot\share\interpreter\linkResolver.cpp, line 766]
Event: 16.384 Thread 0x0000029efe53d560 Exception <a 'java/lang/NoSuchMethodError'{0x00000000a81e96a8}: 'java.lang.Object java.lang.invoke.DirectMethodHandle$Holder.invokeVirtual(java.lang.Object, java.lang.Object, java.lang.Object)'> (0x00000000a81e96a8) 
thrown [s\open\src\hotspot\share\interpreter\linkResolver.cpp, line 766]

VM Operations (20 events):
Event: 11.890 Executing VM operation: G1Concurrent
Event: 11.892 Executing VM operation: G1Concurrent done
Event: 12.899 Executing VM operation: Cleanup
Event: 12.899 Executing VM operation: Cleanup done
Event: 13.913 Executing VM operation: Cleanup
Event: 13.913 Executing VM operation: Cleanup done
Event: 14.924 Executing VM operation: Cleanup
Event: 14.955 Executing VM operation: Cleanup done
Event: 15.956 Executing VM operation: Cleanup
Event: 15.957 Executing VM operation: Cleanup done
Event: 16.237 Executing VM operation: G1CollectForAllocation
Event: 16.328 Executing VM operation: G1CollectForAllocation done
Event: 16.387 Executing VM operation: G1CollectForAllocation
Event: 16.466 Executing VM operation: G1CollectForAllocation done
Event: 17.480 Executing VM operation: Cleanup
Event: 17.483 Executing VM operation: Cleanup done
Event: 17.758 Executing VM operation: HandshakeAllThreads
Event: 17.758 Executing VM operation: HandshakeAllThreads done
Event: 17.874 Executing VM operation: G1CollectForAllocation
Event: 17.888 Executing VM operation: G1CollectForAllocation done

Events (19 events):
Event: 0.021 Loaded shared library C:\Program Files\Java\jdk-18.0.1.1\bin\java.dll
Event: 0.073 Loaded shared library C:\Program Files\Java\jdk-18.0.1.1\bin\jsvml.dll
Event: 0.074 Thread 0x0000029efe53d560 Thread added: 0x0000029efe53d560
Event: 0.078 Thread 0x0000029e9b895b70 Thread added: 0x0000029e9b895b70
Event: 0.078 Thread 0x0000029e9b896f70 Thread added: 0x0000029e9b896f70
Event: 0.114 Thread 0x0000029e9b8ab390 Thread added: 0x0000029e9b8ab390
Event: 0.114 Thread 0x0000029e9b8b1060 Thread added: 0x0000029e9b8b1060
Event: 0.114 Thread 0x0000029e9b8b1a00 Thread added: 0x0000029e9b8b1a00
Event: 0.114 Thread 0x0000029e9b8b23a0 Thread added: 0x0000029e9b8b23a0
Event: 0.114 Thread 0x0000029e9b8b3f90 Thread added: 0x0000029e9b8b3f90
Event: 0.114 Thread 0x0000029e9b8b7070 Thread added: 0x0000029e9b8b7070
Event: 0.114 Thread 0x0000029e9b8bf990 Thread added: 0x0000029e9b8bf990
Event: 0.284 Thread 0x0000029e9fc96150 Thread added: 0x0000029e9fc96150
Event: 0.287 Thread 0x0000029e9fc9de70 Thread added: 0x0000029e9fc9de70
Event: 0.290 Loaded shared library C:\Program Files\Java\jdk-18.0.1.1\bin\net.dll
Event: 0.292 Loaded shared library C:\Program Files\Java\jdk-18.0.1.1\bin\nio.dll
Event: 0.460 Loaded shared library C:\Program Files\Java\jdk-18.0.1.1\bin\zip.dll
Event: 0.529 Loaded shared library C:\Program Files\Java\jdk-18.0.1.1\bin\jimage.dll
Event: 3.811 Loaded shared library C:\Program Files\Java\jdk-18.0.1.1\bin\verify.dll


Dynamic libraries:
0x00007ff6445a0000 - 0x00007ff6445b0000 	C:\Program Files\Java\jdk-18.0.1.1\bin\java.exe
0x00007ffe9f5f0000 - 0x00007ffe9f807000 	C:\WINDOWS\SYSTEM32\ntdll.dll
0x00007ffe9d6f0000 - 0x00007ffe9d7b4000 	C:\WINDOWS\System32\KERNEL32.DLL
0x00007ffe9cc80000 - 0x00007ffe9d026000 	C:\WINDOWS\System32\KERNELBASE.dll
0x00007ffe9ca40000 - 0x00007ffe9cb51000 	C:\WINDOWS\System32\ucrtbase.dll
0x00007ffe47db0000 - 0x00007ffe47dc8000 	C:\Program Files\Java\jdk-18.0.1.1\bin\jli.dll
0x00007ffdd3680000 - 0x00007ffdd369a000 	C:\Program Files\Java\jdk-18.0.1.1\bin\VCRUNTIME140.dll
0x00007ffe9d910000 - 0x00007ffe9d9c3000 	C:\WINDOWS\System32\ADVAPI32.dll
0x00007ffe9e420000 - 0x00007ffe9e4c7000 	C:\WINDOWS\System32\msvcrt.dll
0x00007ffe9d7c0000 - 0x00007ffe9d868000 	C:\WINDOWS\System32\sechost.dll
0x00007ffe9cc50000 - 0x00007ffe9cc78000 	C:\WINDOWS\System32\bcrypt.dll
0x00007ffe9e2f0000 - 0x00007ffe9e407000 	C:\WINDOWS\System32\RPCRT4.dll
0x00007ffe9f0f0000 - 0x00007ffe9f29e000 	C:\WINDOWS\System32\USER32.dll
0x00007ffe8cdb0000 - 0x00007ffe8d043000 	C:\WINDOWS\WinSxS\amd64_microsoft.windows.common-controls_6595b64144ccf1df_6.0.22621.2506_none_270c5ae97388e100\COMCTL32.dll
0x00007ffe9cc20000 - 0x00007ffe9cc46000 	C:\WINDOWS\System32\win32u.dll
0x00007ffe9e1c0000 - 0x00007ffe9e1e9000 	C:\WINDOWS\System32\GDI32.dll
0x00007ffe9d220000 - 0x00007ffe9d338000 	C:\WINDOWS\System32\gdi32full.dll
0x00007ffe9c9a0000 - 0x00007ffe9ca3a000 	C:\WINDOWS\System32\msvcp_win.dll
0x00007ffe95610000 - 0x00007ffe9561a000 	C:\WINDOWS\SYSTEM32\VERSION.dll
0x00007ffe9da20000 - 0x00007ffe9da51000 	C:\WINDOWS\System32\IMM32.DLL
0x00007ffe45f90000 - 0x00007ffe45f9c000 	C:\Program Files\Java\jdk-18.0.1.1\bin\vcruntime140_1.dll
0x00007ffdcbe80000 - 0x00007ffdcbf0d000 	C:\Program Files\Java\jdk-18.0.1.1\bin\msvcp140.dll
0x00007ffdcb1d0000 - 0x00007ffdcbde0000 	C:\Program Files\Java\jdk-18.0.1.1\bin\server\jvm.dll
0x00007ffe9da60000 - 0x00007ffe9da68000 	C:\WINDOWS\System32\PSAPI.DLL
0x00007ffe95b90000 - 0x00007ffe95bc4000 	C:\WINDOWS\SYSTEM32\WINMM.dll
0x00007ffe71780000 - 0x00007ffe71789000 	C:\WINDOWS\SYSTEM32\WSOCK32.dll
0x00007ffe9e270000 - 0x00007ffe9e2e1000 	C:\WINDOWS\System32\WS2_32.dll
0x00007ffe9b960000 - 0x00007ffe9b978000 	C:\WINDOWS\SYSTEM32\kernel.appcore.dll
0x00007ffdf9b10000 - 0x00007ffdf9b1a000 	C:\Program Files\Java\jdk-18.0.1.1\bin\jimage.dll
0x00007ffe9a4e0000 - 0x00007ffe9a713000 	C:\WINDOWS\SYSTEM32\DBGHELP.DLL
0x00007ffe9d360000 - 0x00007ffe9d6e9000 	C:\WINDOWS\System32\combase.dll
0x00007ffe9dfc0000 - 0x00007ffe9e097000 	C:\WINDOWS\System32\OLEAUT32.dll
0x00007ffe79120000 - 0x00007ffe79152000 	C:\WINDOWS\SYSTEM32\dbgcore.DLL
0x00007ffe9d1a0000 - 0x00007ffe9d21a000 	C:\WINDOWS\System32\bcryptPrimitives.dll
0x00007ffdd32f0000 - 0x00007ffdd3315000 	C:\Program Files\Java\jdk-18.0.1.1\bin\java.dll
0x00007ffdcb0f0000 - 0x00007ffdcb1c6000 	C:\Program Files\Java\jdk-18.0.1.1\bin\jsvml.dll
0x00007ffe9e890000 - 0x00007ffe9f0ea000 	C:\WINDOWS\System32\SHELL32.dll
0x00007ffe9a880000 - 0x00007ffe9b176000 	C:\WINDOWS\SYSTEM32\windows.storage.dll
0x00007ffe9a740000 - 0x00007ffe9a87e000 	C:\WINDOWS\SYSTEM32\wintypes.dll
0x00007ffe9e540000 - 0x00007ffe9e633000 	C:\WINDOWS\System32\SHCORE.dll
0x00007ffe9def0000 - 0x00007ffe9df4e000 	C:\WINDOWS\System32\shlwapi.dll
0x00007ffe9c860000 - 0x00007ffe9c886000 	C:\WINDOWS\SYSTEM32\profapi.dll
0x00007ffdd28c0000 - 0x00007ffdd28d3000 	C:\Program Files\Java\jdk-18.0.1.1\bin\net.dll
0x00007ffe964a0000 - 0x00007ffe965d7000 	C:\WINDOWS\SYSTEM32\WINHTTP.dll
0x00007ffe9bde0000 - 0x00007ffe9be49000 	C:\WINDOWS\system32\mswsock.dll
0x00007ffdd0ec0000 - 0x00007ffdd0ed6000 	C:\Program Files\Java\jdk-18.0.1.1\bin\nio.dll
0x00007ffdcbe60000 - 0x00007ffdcbe78000 	C:\Program Files\Java\jdk-18.0.1.1\bin\zip.dll
0x00007ffdd0eb0000 - 0x00007ffdd0ec0000 	C:\Program Files\Java\jdk-18.0.1.1\bin\verify.dll

dbghelp: loaded successfully - version: 4.0.5 - missing functions: none
symbol engine: initialized successfully - sym options: 0x614 - pdb path: .;C:\Program Files\Java\jdk-18.0.1.1\bin;C:\WINDOWS\SYSTEM32;C:\WINDOWS\WinSxS\amd64_microsoft.windows.common-controls_6595b64144ccf1df_6.0.22621.2506_none_270c5ae97388e100;C:\Program Files\Java\jdk-18.0.1.1\bin\server

VM Arguments:
java_command: org.jetbrains.kotlin.cli.jvm.K2JVMCompiler @C:\Users\lenovo\Preventhi\node_modules\expo-notifications\android\build\20240204_17081500904999419658.compiler.options
java_class_path (initial): C:\Users\lenovo\.gradle\caches\modules-2\files-2.1\org.jetbrains.kotlin\kotlin-compiler-embeddable\1.8.10\b0757fd774344d54ce93f5ad6c30ba1c1731c8ff\kotlin-compiler-embeddable-1.8.10.jar;C:\Users\lenovo\.gradle\caches\modules-2\files-2.1\org.jetbrains.kotlin\kotlin-stdlib\1.8.10\6d5560a229477df9406943d5feda5618e98eb64c\kotlin-stdlib-1.8.10.jar;C:\Users\lenovo\.gradle\caches\modules-2\files-2.1\org.jetbrains.kotlin\kotlin-script-runtime\1.8.10\b13ea9c7e46d589139e56086a878763290e20bd5\kotlin-script-runtime-1.8.10.jar;C:\Users\lenovo\.gradle\caches\modules-2\files-2.1\org.jetbrains.kotlin\kotlin-reflect\1.6.10\1cbe9c92c12a94eea200d23c2bbaedaf3daf5132\kotlin-reflect-1.6.10.jar;C:\Users\lenovo\.gradle\caches\modules-2\files-2.1\org.jetbrains.kotlin\kotlin-daemon-embeddable\1.8.10\ad8541d9bc1cf9e52c3204161247910c2cf601d4\kotlin-daemon-embeddable-1.8.10.jar;C:\Users\lenovo\.gradle\caches\modules-2\files-2.1\org.jetbrains.intellij.deps\trove4j\1.0.20200330\3afb14d5f9ceb459d724e907a21145e8ff394f02\trove4j-1.0.20200330.jar;C:\Users\lenovo\.gradle\caches\modules-2\files-2.1\net.java.dev.jna\jna\5.6.0\330f2244e9030119ab3030fc3fededc86713d9cc\jna-5.6.0.jar;C:\Users\lenovo\.gradle\caches\modules-2\files-2.1\org.jetbrains.kotlin\kotlin-stdlib-common\1.8.10\a61b182458550492c12aee66157d7b524a63a5ec\kotlin-stdlib-common-1.8.10.jar;C:\Users\lenovo\.gradle\caches\modules-2\files-2.1\org.jetbrains\annotations\13.0\919f0dfe192fb4e063e7dacadee7f8bb9a2672a9\annotations-13.0.jar
Launcher Type: SUN_STANDARD

[Global flags]
     intx CICompilerCount                          = 4                                         {product} {ergonomic}
     uint ConcGCThreads                            = 3                                         {product} {ergonomic}
     uint G1ConcRefinementThreads                  = 10                                        {product} {ergonomic}
   size_t G1HeapRegionSize                         = 1048576                                   {product} {ergonomic}
    uintx GCDrainStackTargetSize                   = 64                                        {product} {ergonomic}
   size_t InitialHeapSize                          = 98566144                                  {product} {ergonomic}
   size_t MarkStackSize                            = 4194304                                   {product} {ergonomic}
   size_t MaxHeapSize                              = 1572864000                                {product} {ergonomic}
   size_t MaxNewSize                               = 943718400                                 {product} {ergonomic}
   size_t MinHeapDeltaBytes                        = 1048576                                   {product} {ergonomic}
   size_t MinHeapSize                              = 8388608                                   {product} {ergonomic}
    uintx NonNMethodCodeHeapSize                   = 5839372                                {pd product} {ergonomic}
    uintx NonProfiledCodeHeapSize                  = 122909434                              {pd product} {ergonomic}
    uintx ProfiledCodeHeapSize                     = 122909434                              {pd product} {ergonomic}
    uintx ReservedCodeCacheSize                    = 251658240                              {pd product} {ergonomic}
     bool SegmentedCodeCache                       = true                                      {product} {ergonomic}
   size_t SoftMaxHeapSize                          = 1572864000                             {manageable} {ergonomic}
     bool UseCompressedClassPointers               = true                           {product lp64_product} {ergonomic}
     bool UseCompressedOops                        = true                           {product lp64_product} {ergonomic}
     bool UseG1GC                                  = true                                      {product} {ergonomic}
     bool UseLargePagesIndividualAllocation        = false                                  {pd product} {ergonomic}

Logging:
Log output configuration:
 #0: stdout all=warning uptime,level,tags foldmultilines=false
 #1: stderr all=off uptime,level,tags foldmultilines=false

Environment Variables:
CLASSPATH=C:\Users\lenovo\Preventhi\android\\gradle\wrapper\gradle-wrapper.jar
PATH=C:\Users\lenovo\Preventhi\node_modules\.bin;C:\Users\lenovo\Preventhi\node_modules\.bin;C:\Users\lenovo\node_modules\.bin;C:\Users\node_modules\.bin;C:\node_modules\.bin;C:\Users\lenovo\AppData\Roaming\npm\node_modules\npm\node_modules\@npmcli\run-script\lib\node-gyp-bin;C:\Users\lenovo\bin;C:\Program Files\Git\mingw64\bin;C:\Program Files\Git\usr\local\bin;C:\Program Files\Git\usr\bin;C:\Program Files\Git\usr\bin;C:\Program Files\Git\mingw64\bin;C:\Program Files\Git\usr\bin;C:\Users\lenovo\bin;C:\Python311\Scripts;C:\Python311;C:\Program Files\Common Files\Oracle\Java\javapath;C:\Windows\system32;C:\Windows;C:\Windows\System32\Wbem;C:\Windows\System32\WindowsPowerShell\v1.0;C:\Windows\System32\OpenSSH;C:\Program Files (x86)\NVIDIA Corporation\PhysX\Common;C:\Program Files\Java\jdk-18.0.1.1\bin;C:\Program Files\NVIDIA Corporation\NVIDIA NvDLISR;C:\Program Files (x86)\SMLNJ\bin;C:\WINDOWS\system32;C:\WINDOWS;C:\WINDOWS\System32\Wbem;C:\WINDOWS\System32\WindowsPowerShell\v1.0;C:\WINDOWS\System32\OpenSSH;C:\Program Files\nodejs;C:\ProgramData\chocolatey\bin;C:\Program Files\Git\cmd;C:\Users\lenovo\AppData\Local\Android\Sdk\platform-tools;C:\Users\lenovo\AppData\Local\Microsoft\WindowsApps;C:\Users\lenovo\AppData\Local\Programs\Microsoft VS Code\bin;C:\Users\lenovo\AppData\Roaming\npm;C:\Program Files\Git\usr\bin\vendor_perl;C:\Program Files\Git\usr\bin\core_perl
USERNAME=lenovo
SHELL=C:\Program Files\Git\usr\bin\bash.exe
DISPLAY=needs-to-be-defined
LANG=en_US.UTF-8
OS=Windows_NT
PROCESSOR_IDENTIFIER=AMD64 Family 25 Model 80 Stepping 0, AuthenticAMD



---------------  S Y S T E M  ---------------

OS:
 Windows 11 , 64 bit Build 22621 (10.0.22621.2506)
OS uptime: 0 days 0:06 hours

CPU: total 12 (initial active 12) (12 cores per cpu, 2 threads per core) family 25 model 80 stepping 0 microcode 0x0, cx8, cmov, fxsr, ht, mmx, 3dnowpref, sse, sse2, sse3, ssse3, sse4a, sse4.1, sse4.2, popcnt, lzcnt, tsc, tscinvbit, avx, avx2, aes, erms, clmul, bmi1, bmi2, adx, sha, fma, vzeroupper, clflush, clflushopt

Memory: 4k page, system-wide physical 5996M (85M free)
TotalPageFile size 24428M (AvailPageFile size 0M)
current process WorkingSet (physical memory assigned to process): 110M, peak: 114M
current process commit charge ("private bytes"): 276M, peak: 276M

vm_info: Java HotSpot(TM) 64-Bit Server VM (18.0.1.1+2-6) for windows-amd64 JRE (18.0.1.1+2-6), built on Apr 25 2022 21:53:15 by "mach5one" with MS VC++ 16.8 / 16.9 (VS2019)

END.
