#
# There is insufficient memory for the Java Runtime Environment to continue.
# Native memory allocation (malloc) failed to allocate 443536 bytes for Chunk::new
# Possible reasons:
#   The system is out of physical RAM or swap space
#   The process is running with CompressedOops enabled, and the Java Heap may be blocking the growth of the native heap
# Possible solutions:
#   Reduce memory load on the system
#   Increase physical memory or swap space
#   Check if swap backing store is full
#   Decrease Java heap size (-Xmx/-Xms)
#   Decrease number of Java threads
#   Decrease Java thread stack sizes (-Xss)
#   Set larger code cache with -XX:ReservedCodeCacheSize=
#   JVM is running with Unscaled Compressed Oops mode in which the Java heap is
#     placed in the first 4GB address space. The Java Heap base address is the
#     maximum limit for the native heap growth. Please use -XX:HeapBaseMinAddress
#     to set the Java Heap base and to place the Java Heap above 4GB virtual address.
# This output file may be truncated or incomplete.
#
#  Out of Memory Error (arena.cpp:184), pid=24328, tid=24064
#
# JRE version: Java(TM) SE Runtime Environment (18.0.1.1+2) (build 18.0.1.1+2-6)
# Java VM: Java HotSpot(TM) 64-Bit Server VM (18.0.1.1+2-6, mixed mode, sharing, tiered, compressed oops, compressed class ptrs, g1 gc, windows-amd64)
# No core dump will be written. Minidumps are not enabled by default on client versions of Windows
#

---------------  S U M M A R Y ------------

Command Line: org.jetbrains.kotlin.cli.jvm.K2JVMCompiler @C:\Users\lenovo\Preventhi\node_modules\expo-dev-menu\android\build\20240204_18209317793774095339.compiler.options

Host: AMD Ryzen 5 5600H with Radeon Graphics         , 12 cores, 5G,  Windows 11 , 64 bit Build 22621 (10.0.22621.2506)
Time: Sun Feb  4 19:54:33 2024 Malay Peninsula Standard Time elapsed time: 18.059741 seconds (0d 0h 0m 18s)

---------------  T H R E A D  ---------------

Current thread (0x000001a1ce0d72a0):  JavaThread "C2 CompilerThread0" daemon [_thread_in_native, id=24064, stack(0x00000004ecf00000,0x00000004ed000000)]


Current CompileTask:
C2:  18059 2725       4       java.lang.PublicMethods::merge (81 bytes)

Stack: [0x00000004ecf00000,0x00000004ed000000]
Native frames: (J=compiled Java code, j=interpreted, Vv=VM code, C=native code)
V  [jvm.dll+0x69887a]
V  [jvm.dll+0x7f38bd]
V  [jvm.dll+0x7f51ce]
V  [jvm.dll+0x7f5883]
V  [jvm.dll+0x25ca3f]
V  [jvm.dll+0xb8c2f]
V  [jvm.dll+0xb8fa5]
V  [jvm.dll+0x385a31]
V  [jvm.dll+0x34f811]
V  [jvm.dll+0x34ecaa]
V  [jvm.dll+0x22fc21]
V  [jvm.dll+0x22eff1]
V  [jvm.dll+0x1b9cfc]
V  [jvm.dll+0x23e8ca]
V  [jvm.dll+0x23cbb5]
V  [jvm.dll+0x7a5fb1]
V  [jvm.dll+0x7a03ea]
V  [jvm.dll+0x697725]
C  [ucrtbase.dll+0x29363]
C  [KERNEL32.DLL+0x1257d]
C  [ntdll.dll+0x5aa58]


---------------  P R O C E S S  ---------------

Threads class SMR info:
_java_thread_list=0x000001a1d2469a50, length=12, elements={
0x000001a1b0e811c0, 0x000001a1ce0bbe60, 0x000001a1ce0bcac0, 0x000001a1ce0d2ab0,
0x000001a1ce0d4370, 0x000001a1ce0d4d10, 0x000001a1ce0d56b0, 0x000001a1ce0d72a0,
0x000001a1ce0d7b90, 0x000001a1ce0e04c0, 0x000001a1d249b000, 0x000001a1d24a2f80
}

Java Threads: ( => current thread )
  0x000001a1b0e811c0 JavaThread "main" [_thread_in_vm, id=7852, stack(0x00000004ec200000,0x00000004ec300000)]
  0x000001a1ce0bbe60 JavaThread "Reference Handler" daemon [_thread_blocked, id=24520, stack(0x00000004ec900000,0x00000004eca00000)]
  0x000001a1ce0bcac0 JavaThread "Finalizer" daemon [_thread_blocked, id=15408, stack(0x00000004eca00000,0x00000004ecb00000)]
  0x000001a1ce0d2ab0 JavaThread "Signal Dispatcher" daemon [_thread_blocked, id=23772, stack(0x00000004ecb00000,0x00000004ecc00000)]
  0x000001a1ce0d4370 JavaThread "Attach Listener" daemon [_thread_blocked, id=23800, stack(0x00000004ecc00000,0x00000004ecd00000)]
  0x000001a1ce0d4d10 JavaThread "Service Thread" daemon [_thread_blocked, id=10504, stack(0x00000004ecd00000,0x00000004ece00000)]
  0x000001a1ce0d56b0 JavaThread "Monitor Deflation Thread" daemon [_thread_blocked, id=13160, stack(0x00000004ece00000,0x00000004ecf00000)]
=>0x000001a1ce0d72a0 JavaThread "C2 CompilerThread0" daemon [_thread_in_native, id=24064, stack(0x00000004ecf00000,0x00000004ed000000)]
  0x000001a1ce0d7b90 JavaThread "C1 CompilerThread0" daemon [_thread_blocked, id=23620, stack(0x00000004ed000000,0x00000004ed100000)]
  0x000001a1ce0e04c0 JavaThread "Sweeper thread" daemon [_thread_blocked, id=24504, stack(0x00000004ed100000,0x00000004ed200000)]
  0x000001a1d249b000 JavaThread "Notification Thread" daemon [_thread_blocked, id=24900, stack(0x00000004ed200000,0x00000004ed300000)]
  0x000001a1d24a2f80 JavaThread "Common-Cleaner" daemon [_thread_blocked, id=24932, stack(0x00000004ed400000,0x00000004ed500000)]

Other Threads:
  0x000001a1b0efedd0 VMThread "VM Thread" [stack: 0x00000004ec800000,0x00000004ec900000] [id=8836]
  0x000001a1d24a2900 WatcherThread "VM Periodic Task Thread" [stack: 0x00000004ed300000,0x00000004ed400000] [id=24912]
  0x000001a1b0ed05f0 WorkerThread "GC Thread#0" [stack: 0x00000004ec300000,0x00000004ec400000] [id=8408]
  0x000001a1d2818730 WorkerThread "GC Thread#1" [stack: 0x00000004ed500000,0x00000004ed600000] [id=25348]
  0x000001a1d2989bc0 WorkerThread "GC Thread#2" [stack: 0x00000004ed600000,0x00000004ed700000] [id=25436]
  0x000001a1d299c660 WorkerThread "GC Thread#3" [stack: 0x00000004ed700000,0x00000004ed800000] [id=25440]
  0x000001a1d299c900 WorkerThread "GC Thread#4" [stack: 0x00000004ed800000,0x00000004ed900000] [id=25444]
  0x000001a1d299cba0 WorkerThread "GC Thread#5" [stack: 0x00000004ed900000,0x00000004eda00000] [id=25448]
  0x000001a1d2cf62e0 WorkerThread "GC Thread#6" [stack: 0x00000004eda00000,0x00000004edb00000] [id=24072]
  0x000001a1d2bf1060 WorkerThread "GC Thread#7" [stack: 0x00000004edb00000,0x00000004edc00000] [id=25276]
  0x000001a1d2d637a0 WorkerThread "GC Thread#8" [stack: 0x00000004edc00000,0x00000004edd00000] [id=12004]
  0x000001a1d2d40000 WorkerThread "GC Thread#9" [stack: 0x00000004edd00000,0x00000004ede00000] [id=15328]
  0x000001a1b0edcfa0 ConcurrentGCThread "G1 Main Marker" [stack: 0x00000004ec400000,0x00000004ec500000] [id=14620]
  0x000001a1b0edd890 WorkerThread "G1 Conc#0" [stack: 0x00000004ec500000,0x00000004ec600000] [id=21688]
  0x000001a1d2a90740 WorkerThread "G1 Conc#1" [stack: 0x00000004ede00000,0x00000004edf00000] [id=15404]
  0x000001a1d2f42020 WorkerThread "G1 Conc#2" [stack: 0x00000004edf00000,0x00000004ee000000] [id=25508]
  0x000001a1b0f2daa0 ConcurrentGCThread "G1 Refine#0" [stack: 0x00000004ec600000,0x00000004ec700000] [id=24140]
  0x000001a1b0f2e3b0 ConcurrentGCThread "G1 Service" [stack: 0x00000004ec700000,0x00000004ec800000] [id=3160]

Threads with active compile tasks:
C2 CompilerThread0    18099 2725       4       java.lang.PublicMethods::merge (81 bytes)

VM state: not at safepoint (normal execution)

VM Mutex/Monitor currently owned by a thread: None

Heap address: 0x00000000a2400000, size: 1500 MB, Compressed Oops mode: 32-bit

CDS archive(s) mapped at: [0x0000000800000000-0x0000000800ba0000-0x0000000800ba0000), size 12189696, SharedBaseAddress: 0x0000000800000000, ArchiveRelocationMode: 0.
Compressed class space mapped at: 0x0000000800c00000-0x0000000840c00000, reserved size: 1073741824
Narrow klass base: 0x0000000800000000, Narrow klass shift: 0, Narrow klass range: 0x100000000

GC Precious Log:
 CardTable entry size: 512
 Card Set container configuration: InlinePtr #cards 5 size 8 Array Of Cards #cards 12 size 40 Howl #buckets 4 coarsen threshold 1843 Howl Bitmap #cards 512 size 80 coarsen threshold 460 Card regions per heap region 1 cards per card region 2048
 CPUs: 12 total, 12 available
 Memory: 5996M
 Large Page Support: Disabled
 NUMA Support: Disabled
 Compressed Oops: Enabled (32-bit)
 Heap Region Size: 1M
 Heap Min Capacity: 8M
 Heap Initial Capacity: 94M
 Heap Max Capacity: 1500M
 Pre-touch: Disabled
 Parallel Workers: 10
 Concurrent Workers: 3
 Concurrent Refinement Workers: 10
 Periodic GC: Disabled

Heap:
 garbage-first heap   total 109568K, used 32504K [0x00000000a2400000, 0x0000000100000000)
  region size 1024K, 11 young (11264K), 3 survivors (3072K)
 Metaspace       used 31666K, committed 31936K, reserved 1114112K
  class space    used 3945K, committed 4096K, reserved 1048576K

Heap Regions: E=young(eden), S=young(survivor), O=old, HS=humongous(starts), HC=humongous(continues), CS=collection set, F=free, OA=open archive, CA=closed archive, TAMS=top-at-mark-start (previous, next)
|   0|0x00000000a2400000, 0x00000000a2500000, 0x00000000a2500000|100%|HS|  |TAMS 0x00000000a2500000, 0x00000000a2400000| Complete 
|   1|0x00000000a2500000, 0x00000000a2600000, 0x00000000a2600000|100%|HC|  |TAMS 0x00000000a2600000, 0x00000000a2500000| Complete 
|   2|0x00000000a2600000, 0x00000000a2700000, 0x00000000a2700000|100%|HC|  |TAMS 0x00000000a2700000, 0x00000000a2600000| Complete 
|   3|0x00000000a2700000, 0x00000000a2800000, 0x00000000a2800000|100%|HC|  |TAMS 0x00000000a2800000, 0x00000000a2700000| Complete 
|   4|0x00000000a2800000, 0x00000000a2900000, 0x00000000a2900000|100%| O|  |TAMS 0x00000000a2900000, 0x00000000a2800000| Untracked 
|   5|0x00000000a2900000, 0x00000000a2a00000, 0x00000000a2a00000|100%| O|  |TAMS 0x00000000a2a00000, 0x00000000a2900000| Untracked 
|   6|0x00000000a2a00000, 0x00000000a2a00000, 0x00000000a2b00000|  0%| F|  |TAMS 0x00000000a2a00000, 0x00000000a2a00000| Untracked 
|   7|0x00000000a2b00000, 0x00000000a2c00000, 0x00000000a2c00000|100%|HS|  |TAMS 0x00000000a2c00000, 0x00000000a2b00000| Complete 
|   8|0x00000000a2c00000, 0x00000000a2d00000, 0x00000000a2d00000|100%|HC|  |TAMS 0x00000000a2d00000, 0x00000000a2c00000| Complete 
|   9|0x00000000a2d00000, 0x00000000a2e00000, 0x00000000a2e00000|100%|HC|  |TAMS 0x00000000a2e00000, 0x00000000a2d00000| Complete 
|  10|0x00000000a2e00000, 0x00000000a2f00000, 0x00000000a2f00000|100%|HC|  |TAMS 0x00000000a2f00000, 0x00000000a2e00000| Complete 
|  11|0x00000000a2f00000, 0x00000000a2f00000, 0x00000000a3000000|  0%| F|  |TAMS 0x00000000a2f00000, 0x00000000a2f00000| Untracked 
|  12|0x00000000a3000000, 0x00000000a3000000, 0x00000000a3100000|  0%| F|  |TAMS 0x00000000a3000000, 0x00000000a3000000| Untracked 
|  13|0x00000000a3100000, 0x00000000a3200000, 0x00000000a3200000|100%| O|  |TAMS 0x00000000a3100000, 0x00000000a3100000| Untracked 
|  14|0x00000000a3200000, 0x00000000a3300000, 0x00000000a3300000|100%| O|  |TAMS 0x00000000a3200000, 0x00000000a3200000| Untracked 
|  15|0x00000000a3300000, 0x00000000a3400000, 0x00000000a3400000|100%| O|  |TAMS 0x00000000a3300000, 0x00000000a3300000| Untracked 
|  16|0x00000000a3400000, 0x00000000a3500000, 0x00000000a3500000|100%| O|  |TAMS 0x00000000a3400000, 0x00000000a3400000| Untracked 
|  17|0x00000000a3500000, 0x00000000a3600000, 0x00000000a3600000|100%| O|  |TAMS 0x00000000a3500000, 0x00000000a3500000| Untracked 
|  18|0x00000000a3600000, 0x00000000a3700000, 0x00000000a3700000|100%| O|  |TAMS 0x00000000a3600000, 0x00000000a3600000| Untracked 
|  19|0x00000000a3700000, 0x00000000a3700000, 0x00000000a3800000|  0%| F|  |TAMS 0x00000000a3700000, 0x00000000a3700000| Untracked 
|  20|0x00000000a3800000, 0x00000000a3800000, 0x00000000a3900000|  0%| F|  |TAMS 0x00000000a3800000, 0x00000000a3800000| Untracked 
|  21|0x00000000a3900000, 0x00000000a3900000, 0x00000000a3a00000|  0%| F|  |TAMS 0x00000000a3900000, 0x00000000a3900000| Untracked 
|  22|0x00000000a3a00000, 0x00000000a3a00000, 0x00000000a3b00000|  0%| F|  |TAMS 0x00000000a3a00000, 0x00000000a3a00000| Untracked 
|  23|0x00000000a3b00000, 0x00000000a3b00000, 0x00000000a3c00000|  0%| F|  |TAMS 0x00000000a3b00000, 0x00000000a3b00000| Untracked 
|  24|0x00000000a3c00000, 0x00000000a3d00000, 0x00000000a3d00000|100%| O|  |TAMS 0x00000000a3c00000, 0x00000000a3c00000| Untracked 
|  25|0x00000000a3d00000, 0x00000000a3e00000, 0x00000000a3e00000|100%| O|  |TAMS 0x00000000a3d00000, 0x00000000a3d00000| Untracked 
|  26|0x00000000a3e00000, 0x00000000a3f00000, 0x00000000a3f00000|100%| O|  |TAMS 0x00000000a3e00000, 0x00000000a3e00000| Untracked 
|  27|0x00000000a3f00000, 0x00000000a4000000, 0x00000000a4000000|100%| O|  |TAMS 0x00000000a3f00000, 0x00000000a3f00000| Untracked 
|  28|0x00000000a4000000, 0x00000000a4100000, 0x00000000a4100000|100%| O|  |TAMS 0x00000000a4000000, 0x00000000a4000000| Untracked 
|  29|0x00000000a4100000, 0x00000000a41d8200, 0x00000000a4200000| 84%| O|  |TAMS 0x00000000a4100000, 0x00000000a4100000| Untracked 
|  30|0x00000000a4200000, 0x00000000a4200000, 0x00000000a4300000|  0%| F|  |TAMS 0x00000000a4200000, 0x00000000a4200000| Untracked 
|  31|0x00000000a4300000, 0x00000000a4300000, 0x00000000a4400000|  0%| F|  |TAMS 0x00000000a4300000, 0x00000000a4300000| Untracked 
|  32|0x00000000a4400000, 0x00000000a4400000, 0x00000000a4500000|  0%| F|  |TAMS 0x00000000a4400000, 0x00000000a4400000| Untracked 
|  33|0x00000000a4500000, 0x00000000a4500000, 0x00000000a4600000|  0%| F|  |TAMS 0x00000000a4500000, 0x00000000a4500000| Untracked 
|  34|0x00000000a4600000, 0x00000000a4600000, 0x00000000a4700000|  0%| F|  |TAMS 0x00000000a4600000, 0x00000000a4600000| Untracked 
|  35|0x00000000a4700000, 0x00000000a47e5fd0, 0x00000000a4800000| 89%| S|CS|TAMS 0x00000000a4700000, 0x00000000a4700000| Complete 
|  36|0x00000000a4800000, 0x00000000a4900000, 0x00000000a4900000|100%| S|CS|TAMS 0x00000000a4800000, 0x00000000a4800000| Complete 
|  37|0x00000000a4900000, 0x00000000a4a00000, 0x00000000a4a00000|100%| S|CS|TAMS 0x00000000a4900000, 0x00000000a4900000| Complete 
|  38|0x00000000a4a00000, 0x00000000a4a00000, 0x00000000a4b00000|  0%| F|  |TAMS 0x00000000a4a00000, 0x00000000a4a00000| Untracked 
|  39|0x00000000a4b00000, 0x00000000a4b00000, 0x00000000a4c00000|  0%| F|  |TAMS 0x00000000a4b00000, 0x00000000a4b00000| Untracked 
|  40|0x00000000a4c00000, 0x00000000a4c00000, 0x00000000a4d00000|  0%| F|  |TAMS 0x00000000a4c00000, 0x00000000a4c00000| Untracked 
|  41|0x00000000a4d00000, 0x00000000a4d00000, 0x00000000a4e00000|  0%| F|  |TAMS 0x00000000a4d00000, 0x00000000a4d00000| Untracked 
|  42|0x00000000a4e00000, 0x00000000a4e00000, 0x00000000a4f00000|  0%| F|  |TAMS 0x00000000a4e00000, 0x00000000a4e00000| Untracked 
|  43|0x00000000a4f00000, 0x00000000a4f00000, 0x00000000a5000000|  0%| F|  |TAMS 0x00000000a4f00000, 0x00000000a4f00000| Untracked 
|  44|0x00000000a5000000, 0x00000000a5000000, 0x00000000a5100000|  0%| F|  |TAMS 0x00000000a5000000, 0x00000000a5000000| Untracked 
|  45|0x00000000a5100000, 0x00000000a5100000, 0x00000000a5200000|  0%| F|  |TAMS 0x00000000a5100000, 0x00000000a5100000| Untracked 
|  46|0x00000000a5200000, 0x00000000a5200000, 0x00000000a5300000|  0%| F|  |TAMS 0x00000000a5200000, 0x00000000a5200000| Untracked 
|  47|0x00000000a5300000, 0x00000000a5300000, 0x00000000a5400000|  0%| F|  |TAMS 0x00000000a5300000, 0x00000000a5300000| Untracked 
|  48|0x00000000a5400000, 0x00000000a5400000, 0x00000000a5500000|  0%| F|  |TAMS 0x00000000a5400000, 0x00000000a5400000| Untracked 
|  49|0x00000000a5500000, 0x00000000a5500000, 0x00000000a5600000|  0%| F|  |TAMS 0x00000000a5500000, 0x00000000a5500000| Untracked 
|  50|0x00000000a5600000, 0x00000000a5600000, 0x00000000a5700000|  0%| F|  |TAMS 0x00000000a5600000, 0x00000000a5600000| Untracked 
|  51|0x00000000a5700000, 0x00000000a5700000, 0x00000000a5800000|  0%| F|  |TAMS 0x00000000a5700000, 0x00000000a5700000| Untracked 
|  52|0x00000000a5800000, 0x00000000a5800000, 0x00000000a5900000|  0%| F|  |TAMS 0x00000000a5800000, 0x00000000a5800000| Untracked 
|  53|0x00000000a5900000, 0x00000000a5900000, 0x00000000a5a00000|  0%| F|  |TAMS 0x00000000a5900000, 0x00000000a5900000| Untracked 
|  54|0x00000000a5a00000, 0x00000000a5a00000, 0x00000000a5b00000|  0%| F|  |TAMS 0x00000000a5a00000, 0x00000000a5a00000| Untracked 
|  55|0x00000000a5b00000, 0x00000000a5b00000, 0x00000000a5c00000|  0%| F|  |TAMS 0x00000000a5b00000, 0x00000000a5b00000| Untracked 
|  56|0x00000000a5c00000, 0x00000000a5c00000, 0x00000000a5d00000|  0%| F|  |TAMS 0x00000000a5c00000, 0x00000000a5c00000| Untracked 
|  57|0x00000000a5d00000, 0x00000000a5d00000, 0x00000000a5e00000|  0%| F|  |TAMS 0x00000000a5d00000, 0x00000000a5d00000| Untracked 
|  58|0x00000000a5e00000, 0x00000000a5e00000, 0x00000000a5f00000|  0%| F|  |TAMS 0x00000000a5e00000, 0x00000000a5e00000| Untracked 
|  59|0x00000000a5f00000, 0x00000000a5f00000, 0x00000000a6000000|  0%| F|  |TAMS 0x00000000a5f00000, 0x00000000a5f00000| Untracked 
|  60|0x00000000a6000000, 0x00000000a6000000, 0x00000000a6100000|  0%| F|  |TAMS 0x00000000a6000000, 0x00000000a6000000| Untracked 
|  61|0x00000000a6100000, 0x00000000a6100000, 0x00000000a6200000|  0%| F|  |TAMS 0x00000000a6100000, 0x00000000a6100000| Untracked 
|  62|0x00000000a6200000, 0x00000000a6200000, 0x00000000a6300000|  0%| F|  |TAMS 0x00000000a6200000, 0x00000000a6200000| Untracked 
|  63|0x00000000a6300000, 0x00000000a6300000, 0x00000000a6400000|  0%| F|  |TAMS 0x00000000a6300000, 0x00000000a6300000| Untracked 
|  64|0x00000000a6400000, 0x00000000a6400000, 0x00000000a6500000|  0%| F|  |TAMS 0x00000000a6400000, 0x00000000a6400000| Untracked 
|  65|0x00000000a6500000, 0x00000000a6500000, 0x00000000a6600000|  0%| F|  |TAMS 0x00000000a6500000, 0x00000000a6500000| Untracked 
|  66|0x00000000a6600000, 0x00000000a6600000, 0x00000000a6700000|  0%| F|  |TAMS 0x00000000a6600000, 0x00000000a6600000| Untracked 
|  67|0x00000000a6700000, 0x00000000a6700000, 0x00000000a6800000|  0%| F|  |TAMS 0x00000000a6700000, 0x00000000a6700000| Untracked 
|  68|0x00000000a6800000, 0x00000000a6800000, 0x00000000a6900000|  0%| F|  |TAMS 0x00000000a6800000, 0x00000000a6800000| Untracked 
|  69|0x00000000a6900000, 0x00000000a6900000, 0x00000000a6a00000|  0%| F|  |TAMS 0x00000000a6900000, 0x00000000a6900000| Untracked 
|  70|0x00000000a6a00000, 0x00000000a6a00000, 0x00000000a6b00000|  0%| F|  |TAMS 0x00000000a6a00000, 0x00000000a6a00000| Untracked 
|  71|0x00000000a6b00000, 0x00000000a6b00000, 0x00000000a6c00000|  0%| F|  |TAMS 0x00000000a6b00000, 0x00000000a6b00000| Untracked 
|  72|0x00000000a6c00000, 0x00000000a6c00000, 0x00000000a6d00000|  0%| F|  |TAMS 0x00000000a6c00000, 0x00000000a6c00000| Untracked 
|  73|0x00000000a6d00000, 0x00000000a6d00000, 0x00000000a6e00000|  0%| F|  |TAMS 0x00000000a6d00000, 0x00000000a6d00000| Untracked 
|  74|0x00000000a6e00000, 0x00000000a6e00000, 0x00000000a6f00000|  0%| F|  |TAMS 0x00000000a6e00000, 0x00000000a6e00000| Untracked 
|  75|0x00000000a6f00000, 0x00000000a6f00000, 0x00000000a7000000|  0%| F|  |TAMS 0x00000000a6f00000, 0x00000000a6f00000| Untracked 
|  76|0x00000000a7000000, 0x00000000a7000000, 0x00000000a7100000|  0%| F|  |TAMS 0x00000000a7000000, 0x00000000a7000000| Untracked 
|  77|0x00000000a7100000, 0x00000000a7100000, 0x00000000a7200000|  0%| F|  |TAMS 0x00000000a7100000, 0x00000000a7100000| Untracked 
|  78|0x00000000a7200000, 0x00000000a7200000, 0x00000000a7300000|  0%| F|  |TAMS 0x00000000a7200000, 0x00000000a7200000| Untracked 
|  79|0x00000000a7300000, 0x00000000a7300000, 0x00000000a7400000|  0%| F|  |TAMS 0x00000000a7300000, 0x00000000a7300000| Untracked 
|  80|0x00000000a7400000, 0x00000000a7400000, 0x00000000a7500000|  0%| F|  |TAMS 0x00000000a7400000, 0x00000000a7400000| Untracked 
|  81|0x00000000a7500000, 0x00000000a7500000, 0x00000000a7600000|  0%| F|  |TAMS 0x00000000a7500000, 0x00000000a7500000| Untracked 
|  82|0x00000000a7600000, 0x00000000a7600000, 0x00000000a7700000|  0%| F|  |TAMS 0x00000000a7600000, 0x00000000a7600000| Untracked 
|  83|0x00000000a7700000, 0x00000000a7700000, 0x00000000a7800000|  0%| F|  |TAMS 0x00000000a7700000, 0x00000000a7700000| Untracked 
|  84|0x00000000a7800000, 0x00000000a7800000, 0x00000000a7900000|  0%| F|  |TAMS 0x00000000a7800000, 0x00000000a7800000| Untracked 
|  85|0x00000000a7900000, 0x00000000a7900000, 0x00000000a7a00000|  0%| F|  |TAMS 0x00000000a7900000, 0x00000000a7900000| Untracked 
|  86|0x00000000a7a00000, 0x00000000a7a00000, 0x00000000a7b00000|  0%| F|  |TAMS 0x00000000a7a00000, 0x00000000a7a00000| Untracked 
|  87|0x00000000a7b00000, 0x00000000a7b00000, 0x00000000a7c00000|  0%| F|  |TAMS 0x00000000a7b00000, 0x00000000a7b00000| Untracked 
|  88|0x00000000a7c00000, 0x00000000a7c00000, 0x00000000a7d00000|  0%| F|  |TAMS 0x00000000a7c00000, 0x00000000a7c00000| Untracked 
|  89|0x00000000a7d00000, 0x00000000a7d00000, 0x00000000a7e00000|  0%| F|  |TAMS 0x00000000a7d00000, 0x00000000a7d00000| Untracked 
|  90|0x00000000a7e00000, 0x00000000a7e00000, 0x00000000a7f00000|  0%| F|  |TAMS 0x00000000a7e00000, 0x00000000a7e00000| Untracked 
|  91|0x00000000a7f00000, 0x00000000a7f00000, 0x00000000a8000000|  0%| F|  |TAMS 0x00000000a7f00000, 0x00000000a7f00000| Untracked 
|  92|0x00000000a8000000, 0x00000000a8000000, 0x00000000a8100000|  0%| F|  |TAMS 0x00000000a8000000, 0x00000000a8000000| Untracked 
|  93|0x00000000a8100000, 0x00000000a8100000, 0x00000000a8200000|  0%| F|  |TAMS 0x00000000a8100000, 0x00000000a8100000| Untracked 
|  94|0x00000000a8200000, 0x00000000a8200000, 0x00000000a8300000|  0%| F|  |TAMS 0x00000000a8200000, 0x00000000a8200000| Untracked 
|  95|0x00000000a8300000, 0x00000000a8300000, 0x00000000a8400000|  0%| F|  |TAMS 0x00000000a8300000, 0x00000000a8300000| Untracked 
|  96|0x00000000a8400000, 0x00000000a8400000, 0x00000000a8500000|  0%| F|  |TAMS 0x00000000a8400000, 0x00000000a8400000| Untracked 
|  97|0x00000000a8500000, 0x00000000a8500000, 0x00000000a8600000|  0%| F|  |TAMS 0x00000000a8500000, 0x00000000a8500000| Untracked 
|  98|0x00000000a8600000, 0x00000000a8600000, 0x00000000a8700000|  0%| F|  |TAMS 0x00000000a8600000, 0x00000000a8600000| Untracked 
|  99|0x00000000a8700000, 0x00000000a87c9be8, 0x00000000a8800000| 78%| E|  |TAMS 0x00000000a8700000, 0x00000000a8700000| Complete 
| 100|0x00000000a8800000, 0x00000000a8900000, 0x00000000a8900000|100%| E|CS|TAMS 0x00000000a8800000, 0x00000000a8800000| Complete 
| 101|0x00000000a8900000, 0x00000000a8a00000, 0x00000000a8a00000|100%| E|CS|TAMS 0x00000000a8900000, 0x00000000a8900000| Complete 
| 102|0x00000000a8a00000, 0x00000000a8b00000, 0x00000000a8b00000|100%| E|CS|TAMS 0x00000000a8a00000, 0x00000000a8a00000| Complete 
| 103|0x00000000a8b00000, 0x00000000a8c00000, 0x00000000a8c00000|100%| E|CS|TAMS 0x00000000a8b00000, 0x00000000a8b00000| Complete 
| 104|0x00000000a8c00000, 0x00000000a8d00000, 0x00000000a8d00000|100%| E|CS|TAMS 0x00000000a8c00000, 0x00000000a8c00000| Complete 
| 105|0x00000000a8d00000, 0x00000000a8e00000, 0x00000000a8e00000|100%| E|CS|TAMS 0x00000000a8d00000, 0x00000000a8d00000| Complete 
| 106|0x00000000a8e00000, 0x00000000a8f00000, 0x00000000a8f00000|100%| E|CS|TAMS 0x00000000a8e00000, 0x00000000a8e00000| Complete 

Card table byte_map: [0x000001a1c8000000,0x000001a1c82f0000] _byte_map_base: 0x000001a1c7aee000

Marking Bits (Prev, Next): (CMBitMap*) 0x000001a1b0ed0b30, (CMBitMap*) 0x000001a1b0ed0af0
 Prev Bits: [0x000001a1c9d50000, 0x000001a1cb4c0000)
 Next Bits: [0x000001a1c85e0000, 0x000001a1c9d50000)

Polling page: 0x000001a1b0630000

Metaspace:

Usage:
  Non-class:     27.07 MB used.
      Class:      3.85 MB used.
       Both:     30.93 MB used.

Virtual space:
  Non-class space:       64.00 MB reserved,      27.19 MB ( 42%) committed,  1 nodes.
      Class space:        1.00 GB reserved,       4.00 MB ( <1%) committed,  1 nodes.
             Both:        1.06 GB reserved,      31.19 MB (  3%) committed. 

Chunk freelists:
   Non-Class:  3.94 MB
       Class:  43.00 KB
        Both:  3.99 MB

MaxMetaspaceSize: unlimited
CompressedClassSpaceSize: 1.00 GB
Initial GC threshold: 21.00 MB
Current GC threshold: 35.25 MB
CDS: on
MetaspaceReclaimPolicy: balanced
 - commit_granule_bytes: 65536.
 - commit_granule_words: 8192.
 - virtual_space_node_default_size: 8388608.
 - enlarge_chunks_in_place: 1.
 - new_chunks_are_fully_committed: 0.
 - uncommit_free_chunks: 1.
 - use_allocation_guard: 0.


Internal statistics:

num_allocs_failed_limit: 3.
num_arena_births: 234.
num_arena_deaths: 0.
num_vsnodes_births: 2.
num_vsnodes_deaths: 0.
num_space_committed: 498.
num_space_uncommitted: 0.
num_chunks_returned_to_freelist: 3.
num_chunks_taken_from_freelist: 1279.
num_chunk_merges: 3.
num_chunk_splits: 1040.
num_chunks_enlarged: 935.
num_inconsistent_stats: 0.

CodeHeap 'non-profiled nmethods': size=120000Kb used=1111Kb max_used=1111Kb free=118888Kb
 bounds [0x000001a1c0270000, 0x000001a1c04e0000, 0x000001a1c77a0000]
CodeHeap 'profiled nmethods': size=120000Kb used=5121Kb max_used=5121Kb free=114878Kb
 bounds [0x000001a1b8d40000, 0x000001a1b9250000, 0x000001a1c0270000]
CodeHeap 'non-nmethods': size=5760Kb used=1270Kb max_used=1308Kb free=4489Kb
 bounds [0x000001a1b87a0000, 0x000001a1b8a10000, 0x000001a1b8d40000]
 total_blobs=3313 nmethods=2737 adapters=488
 compilation: enabled
              stopped_count=0, restarted_count=0
 full_count=0

Compilation events (20 events):
Event: 17.875 Thread 0x000001a1ce0d7b90 2717       3       kotlin.reflect.jvm.internal.pcollections.IntTree::rebalanced (449 bytes)
Event: 17.876 Thread 0x000001a1ce0d7b90 nmethod 2717 0x000001a1b921ea90 code [0x000001a1b921ed80, 0x000001a1b921fc68]
Event: 17.879 Thread 0x000001a1ce0d72a0 nmethod 2715 0x000001a1c0384b10 code [0x000001a1c0384ca0, 0x000001a1c0384f98]
Event: 17.879 Thread 0x000001a1ce0d7b90 2718       3       org.jetbrains.kotlin.container.CacheKt::getConstructorInfo (258 bytes)
Event: 17.888 Thread 0x000001a1ce0d7b90 nmethod 2718 0x000001a1b9220390 code [0x000001a1b9220c00, 0x000001a1b9226338]
Event: 17.893 Thread 0x000001a1ce0d7b90 2720       3       kotlin.collections.CollectionsKt__MutableCollectionsKt::addAll (56 bytes)
Event: 17.894 Thread 0x000001a1ce0d7b90 nmethod 2720 0x000001a1b9227f90 code [0x000001a1b9228260, 0x000001a1b9229138]
Event: 17.894 Thread 0x000001a1ce0d7b90 2719       3       org.jetbrains.kotlin.container.CacheKt::getRegistrations (115 bytes)
Event: 17.895 Thread 0x000001a1ce0d7b90 nmethod 2719 0x000001a1b9229610 code [0x000001a1b92298a0, 0x000001a1b922a328]
Event: 17.897 Thread 0x000001a1ce0d7b90 2721       3       java.util.ArrayList::fastRemove (44 bytes)
Event: 17.897 Thread 0x000001a1ce0d7b90 nmethod 2721 0x000001a1b922a690 code [0x000001a1b922a840, 0x000001a1b922ac48]
Event: 17.919 Thread 0x000001a1ce0d7b90 2722       1       sun.reflect.generics.repository.AbstractRepository::getFactory (5 bytes)
Event: 17.919 Thread 0x000001a1ce0d7b90 nmethod 2722 0x000001a1c0385090 code [0x000001a1c0385220, 0x000001a1c03852f8]
Event: 17.919 Thread 0x000001a1ce0d7b90 2723       3       org.jetbrains.kotlin.container.CacheKt::getSetterInfos (154 bytes)
Event: 17.924 Thread 0x000001a1ce0d7b90 nmethod 2723 0x000001a1b922ad90 code [0x000001a1b922b4e0, 0x000001a1b922f2e8]
Event: 17.926 Thread 0x000001a1ce0d7b90 2724       3       java.lang.reflect.Constructor::<init> (50 bytes)
Event: 17.926 Thread 0x000001a1ce0d7b90 nmethod 2724 0x000001a1b9230890 code [0x000001a1b9230a60, 0x000001a1b9230ed8]
Event: 17.926 Thread 0x000001a1ce0d72a0 2725       4       java.lang.PublicMethods::merge (81 bytes)
Event: 17.940 Thread 0x000001a1ce0d7b90 2726       3       jdk.internal.reflect.Reflection::filter (165 bytes)
Event: 17.942 Thread 0x000001a1ce0d7b90 nmethod 2726 0x000001a1b9231010 code [0x000001a1b92312a0, 0x000001a1b92320d8]

GC Heap History (12 events):
Event: 2.696 GC heap before
{Heap before GC invocations=0 (full 0):
 garbage-first heap   total 96256K, used 27648K [0x00000000a2400000, 0x0000000100000000)
  region size 1024K, 23 young (23552K), 0 survivors (0K)
 Metaspace       used 6553K, committed 6720K, reserved 1114112K
  class space    used 645K, committed 768K, reserved 1048576K
}
Event: 2.743 GC heap after
{Heap after GC invocations=1 (full 0):
 garbage-first heap   total 96256K, used 6944K [0x00000000a2400000, 0x0000000100000000)
  region size 1024K, 3 young (3072K), 3 survivors (3072K)
 Metaspace       used 6553K, committed 6720K, reserved 1114112K
  class space    used 645K, committed 768K, reserved 1048576K
}
Event: 5.342 GC heap before
{Heap before GC invocations=1 (full 0):
 garbage-first heap   total 96256K, used 38688K [0x00000000a2400000, 0x0000000100000000)
  region size 1024K, 34 young (34816K), 3 survivors (3072K)
 Metaspace       used 13453K, committed 13696K, reserved 1114112K
  class space    used 1527K, committed 1600K, reserved 1048576K
}
Event: 5.364 GC heap after
{Heap after GC invocations=2 (full 0):
 garbage-first heap   total 96256K, used 10330K [0x00000000a2400000, 0x0000000100000000)
  region size 1024K, 4 young (4096K), 4 survivors (4096K)
 Metaspace       used 13453K, committed 13696K, reserved 1114112K
  class space    used 1527K, committed 1600K, reserved 1048576K
}
Event: 11.923 GC heap before
{Heap before GC invocations=2 (full 0):
 garbage-first heap   total 96256K, used 42074K [0x00000000a2400000, 0x0000000100000000)
  region size 1024K, 32 young (32768K), 4 survivors (4096K)
 Metaspace       used 21232K, committed 21504K, reserved 1114112K
  class space    used 2739K, committed 2880K, reserved 1048576K
}
Event: 11.942 GC heap after
{Heap after GC invocations=3 (full 0):
 garbage-first heap   total 96256K, used 16962K [0x00000000a2400000, 0x0000000100000000)
  region size 1024K, 6 young (6144K), 6 survivors (6144K)
 Metaspace       used 21232K, committed 21504K, reserved 1114112K
  class space    used 2739K, committed 2880K, reserved 1048576K
}
Event: 15.889 GC heap before
{Heap before GC invocations=4 (full 0):
 garbage-first heap   total 61440K, used 49730K [0x00000000a2400000, 0x0000000100000000)
  region size 1024K, 36 young (36864K), 6 survivors (6144K)
 Metaspace       used 25813K, committed 26048K, reserved 1114112K
  class space    used 3415K, committed 3520K, reserved 1048576K
}
Event: 15.937 GC heap after
{Heap after GC invocations=5 (full 0):
 garbage-first heap   total 61440K, used 24196K [0x00000000a2400000, 0x0000000100000000)
  region size 1024K, 5 young (5120K), 5 survivors (5120K)
 Metaspace       used 25813K, committed 26048K, reserved 1114112K
  class space    used 3415K, committed 3520K, reserved 1048576K
}
Event: 16.055 GC heap before
{Heap before GC invocations=5 (full 0):
 garbage-first heap   total 61440K, used 25220K [0x00000000a2400000, 0x0000000100000000)
  region size 1024K, 6 young (6144K), 5 survivors (5120K)
 Metaspace       used 26131K, committed 26368K, reserved 1114112K
  class space    used 3461K, committed 3584K, reserved 1048576K
}
Event: 16.069 GC heap after
{Heap after GC invocations=6 (full 0):
 garbage-first heap   total 61440K, used 25433K [0x00000000a2400000, 0x0000000100000000)
  region size 1024K, 1 young (1024K), 1 survivors (1024K)
 Metaspace       used 26131K, committed 26368K, reserved 1114112K
  class space    used 3461K, committed 3584K, reserved 1048576K
}
Event: 17.632 GC heap before
{Heap before GC invocations=6 (full 0):
 garbage-first heap   total 61440K, used 45913K [0x00000000a2400000, 0x0000000100000000)
  region size 1024K, 22 young (22528K), 1 survivors (1024K)
 Metaspace       used 29894K, committed 30208K, reserved 1114112K
  class space    used 3832K, committed 3968K, reserved 1048576K
}
Event: 17.645 GC heap after
{Heap after GC invocations=7 (full 0):
 garbage-first heap   total 109568K, used 25336K [0x00000000a2400000, 0x0000000100000000)
  region size 1024K, 3 young (3072K), 3 survivors (3072K)
 Metaspace       used 29894K, committed 30208K, reserved 1114112K
  class space    used 3832K, committed 3968K, reserved 1048576K
}

Deoptimization events (20 events):
Event: 17.501 Thread 0x000001a1b0e811c0 DEOPT PACKING pc=0x000001a1c03829b4 sp=0x00000004ec2fd820
Event: 17.501 Thread 0x000001a1b0e811c0 DEOPT UNPACKING pc=0x000001a1b87f23a3 sp=0x00000004ec2fd7d8 mode 2
Event: 17.657 Thread 0x000001a1b0e811c0 DEOPT PACKING pc=0x000001a1b91f761c sp=0x00000004ec2fd670
Event: 17.658 Thread 0x000001a1b0e811c0 DEOPT UNPACKING pc=0x000001a1b87f2b43 sp=0x00000004ec2fcb40 mode 0
Event: 17.669 Thread 0x000001a1b0e811c0 Uncommon trap: trap_request=0xffffffbe fr.pc=0x000001a1c03841b8 relative=0x0000000000000198
Event: 17.669 Thread 0x000001a1b0e811c0 Uncommon trap: reason=profile_predicate action=maybe_recompile pc=0x000001a1c03841b8 method=java.util.LinkedHashMap.valuesToArray([Ljava/lang/Object;)[Ljava/lang/Object; @ 12 c2
Event: 17.669 Thread 0x000001a1b0e811c0 DEOPT PACKING pc=0x000001a1c03841b8 sp=0x00000004ec2fd5a0
Event: 17.669 Thread 0x000001a1b0e811c0 DEOPT UNPACKING pc=0x000001a1b87f23a3 sp=0x00000004ec2fd558 mode 2
Event: 17.669 Thread 0x000001a1b0e811c0 Uncommon trap: trap_request=0xffffffbe fr.pc=0x000001a1c03841b8 relative=0x0000000000000198
Event: 17.669 Thread 0x000001a1b0e811c0 Uncommon trap: reason=profile_predicate action=maybe_recompile pc=0x000001a1c03841b8 method=java.util.LinkedHashMap.valuesToArray([Ljava/lang/Object;)[Ljava/lang/Object; @ 12 c2
Event: 17.669 Thread 0x000001a1b0e811c0 DEOPT PACKING pc=0x000001a1c03841b8 sp=0x00000004ec2fd5a0
Event: 17.669 Thread 0x000001a1b0e811c0 DEOPT UNPACKING pc=0x000001a1b87f23a3 sp=0x00000004ec2fd558 mode 2
Event: 17.669 Thread 0x000001a1b0e811c0 Uncommon trap: trap_request=0xffffffbe fr.pc=0x000001a1c03841b8 relative=0x0000000000000198
Event: 17.669 Thread 0x000001a1b0e811c0 Uncommon trap: reason=profile_predicate action=maybe_recompile pc=0x000001a1c03841b8 method=java.util.LinkedHashMap.valuesToArray([Ljava/lang/Object;)[Ljava/lang/Object; @ 12 c2
Event: 17.669 Thread 0x000001a1b0e811c0 DEOPT PACKING pc=0x000001a1c03841b8 sp=0x00000004ec2fd5a0
Event: 17.669 Thread 0x000001a1b0e811c0 DEOPT UNPACKING pc=0x000001a1b87f23a3 sp=0x00000004ec2fd558 mode 2
Event: 17.669 Thread 0x000001a1b0e811c0 Uncommon trap: trap_request=0xffffffbe fr.pc=0x000001a1c03841b8 relative=0x0000000000000198
Event: 17.669 Thread 0x000001a1b0e811c0 Uncommon trap: reason=profile_predicate action=maybe_recompile pc=0x000001a1c03841b8 method=java.util.LinkedHashMap.valuesToArray([Ljava/lang/Object;)[Ljava/lang/Object; @ 12 c2
Event: 17.669 Thread 0x000001a1b0e811c0 DEOPT PACKING pc=0x000001a1c03841b8 sp=0x00000004ec2fd5a0
Event: 17.669 Thread 0x000001a1b0e811c0 DEOPT UNPACKING pc=0x000001a1b87f23a3 sp=0x00000004ec2fd558 mode 2

Classes loaded (20 events):
Event: 17.229 Loading class sun/reflect/generics/repository/ConstructorRepository
Event: 17.229 Loading class sun/reflect/generics/repository/ConstructorRepository done
Event: 17.229 Loading class sun/reflect/generics/tree/BottomSignature
Event: 17.229 Loading class sun/reflect/generics/tree/BottomSignature done
Event: 17.229 Loading class sun/reflect/generics/tree/Wildcard
Event: 17.229 Loading class sun/reflect/generics/tree/Wildcard done
Event: 17.229 Loading class sun/reflect/generics/tree/VoidDescriptor
Event: 17.229 Loading class sun/reflect/generics/tree/VoidDescriptor done
Event: 17.229 Loading class sun/reflect/generics/tree/MethodTypeSignature
Event: 17.230 Loading class sun/reflect/generics/tree/MethodTypeSignature done
Event: 17.230 Loading class sun/reflect/generics/reflectiveObjects/WildcardTypeImpl
Event: 17.230 Loading class java/lang/reflect/WildcardType
Event: 17.231 Loading class java/lang/reflect/WildcardType done
Event: 17.231 Loading class sun/reflect/generics/reflectiveObjects/WildcardTypeImpl done
Event: 17.437 Loading class java/lang/TypeNotPresentException
Event: 17.438 Loading class java/lang/TypeNotPresentException done
Event: 17.653 Loading class sun/reflect/generics/scope/MethodScope
Event: 17.653 Loading class sun/reflect/generics/scope/MethodScope done
Event: 17.653 Loading class sun/reflect/generics/repository/MethodRepository
Event: 17.654 Loading class sun/reflect/generics/repository/MethodRepository done

Classes unloaded (0 events):
No events

Classes redefined (0 events):
No events

Internal exceptions (20 events):
Event: 3.702 Thread 0x000001a1b0e811c0 Exception <a 'java/lang/NoSuchMethodError'{0x00000000a70ea3d8}: 'int java.lang.invoke.DelegatingMethodHandle$Holder.reinvoke_L(java.lang.Object, java.lang.Object, java.lang.Object, long, java.lang.Object, java.lang.Object)'> (0x00000000a70ea3d8) 
thrown [s\open\src\hotspot\share\interpreter\linkResolver.cpp, line 766]
Event: 3.703 Thread 0x000001a1b0e811c0 Exception <a 'java/lang/NoSuchMethodError'{0x00000000a70f8f58}: 'void java.lang.invoke.DelegatingMethodHandle$Holder.reinvoke_L(java.lang.Object, java.lang.Object, java.lang.Object, long, java.lang.Object)'> (0x00000000a70f8f58) 
thrown [s\open\src\hotspot\share\interpreter\linkResolver.cpp, line 766]
Event: 3.703 Thread 0x000001a1b0e811c0 Exception <a 'java/lang/NoSuchMethodError'{0x00000000a6f01170}: 'java.lang.Object java.lang.invoke.DirectMethodHandle$Holder.invokeSpecial(java.lang.Object, java.lang.Object, java.lang.Object, java.lang.Object, long)'> (0x00000000a6f01170) 
thrown [s\open\src\hotspot\share\interpreter\linkResolver.cpp, line 766]
Event: 3.705 Thread 0x000001a1b0e811c0 Exception <a 'java/lang/NoSuchMethodError'{0x00000000a6f19768}: 'long java.lang.invoke.Invokers$Holder.invoke_MT(java.lang.Object, java.lang.Object, java.lang.Object, java.lang.Object)'> (0x00000000a6f19768) 
thrown [s\open\src\hotspot\share\interpreter\linkResolver.cpp, line 766]
Event: 3.705 Thread 0x000001a1b0e811c0 Exception <a 'java/lang/NoSuchMethodError'{0x00000000a6f21a68}: 'int java.lang.invoke.DirectMethodHandle$Holder.invokeSpecial(java.lang.Object, java.lang.Object, java.lang.Object, java.lang.Object)'> (0x00000000a6f21a68) 
thrown [s\open\src\hotspot\share\interpreter\linkResolver.cpp, line 766]
Event: 3.705 Thread 0x000001a1b0e811c0 Exception <a 'java/lang/NoSuchMethodError'{0x00000000a6f250d0}: 'int java.lang.invoke.Invokers$Holder.invoke_MT(java.lang.Object, java.lang.Object, java.lang.Object, java.lang.Object)'> (0x00000000a6f250d0) 
thrown [s\open\src\hotspot\share\interpreter\linkResolver.cpp, line 766]
Event: 3.706 Thread 0x000001a1b0e811c0 Exception <a 'java/lang/NoSuchMethodError'{0x00000000a6f34c38}: 'int java.lang.invoke.DelegatingMethodHandle$Holder.reinvoke_L(java.lang.Object, java.lang.Object, java.lang.Object, long, int)'> (0x00000000a6f34c38) 
thrown [s\open\src\hotspot\share\interpreter\linkResolver.cpp, line 766]
Event: 5.021 Thread 0x000001a1b0e811c0 Exception <a 'java/lang/NoSuchMethodError'{0x00000000a624a648}: 'java.lang.Object java.lang.invoke.DirectMethodHandle$Holder.invokeStaticInit(java.lang.Object, int)'> (0x00000000a624a648) 
thrown [s\open\src\hotspot\share\interpreter\linkResolver.cpp, line 766]
Event: 5.225 Thread 0x000001a1b0e811c0 Exception <a 'java/lang/NoSuchMethodError'{0x00000000a62d42d8}: 'void java.lang.invoke.DirectMethodHandle$Holder.invokeStatic(java.lang.Object, java.lang.Object)'> (0x00000000a62d42d8) 
thrown [s\open\src\hotspot\share\interpreter\linkResolver.cpp, line 766]
Event: 5.286 Thread 0x000001a1b0e811c0 Exception <a 'java/lang/NoSuchMethodError'{0x00000000a600d408}: 'long java.lang.invoke.DirectMethodHandle$Holder.invokeStatic(java.lang.Object)'> (0x00000000a600d408) 
thrown [s\open\src\hotspot\share\interpreter\linkResolver.cpp, line 766]
Event: 5.287 Thread 0x000001a1b0e811c0 Exception <a 'java/lang/NoSuchMethodError'{0x00000000a6010aa8}: 'long java.lang.invoke.DirectMethodHandle$Holder.invokeStaticInit(java.lang.Object)'> (0x00000000a6010aa8) 
thrown [s\open\src\hotspot\share\interpreter\linkResolver.cpp, line 766]
Event: 5.810 Thread 0x000001a1b0e811c0 Exception <a 'java/lang/NoSuchMethodError'{0x00000000a7e0e778}: 'int java.lang.invoke.DirectMethodHandle$Holder.invokeStaticInit(java.lang.Object, java.lang.Object, java.lang.Object)'> (0x00000000a7e0e778) 
thrown [s\open\src\hotspot\share\interpreter\linkResolver.cpp, line 766]
Event: 5.819 Thread 0x000001a1b0e811c0 Exception <a 'java/lang/NoSuchMethodError'{0x00000000a7e362d8}: 'int java.lang.invoke.DirectMethodHandle$Holder.invokeStaticInit(java.lang.Object, java.lang.Object)'> (0x00000000a7e362d8) 
thrown [s\open\src\hotspot\share\interpreter\linkResolver.cpp, line 766]
Event: 8.114 Thread 0x000001a1b0e811c0 Exception <a 'java/lang/NoSuchMethodError'{0x00000000a73ea978}: 'void java.lang.invoke.DirectMethodHandle$Holder.invokeStatic(java.lang.Object, java.lang.Object, java.lang.Object, java.lang.Object)'> (0x00000000a73ea978) 
thrown [s\open\src\hotspot\share\interpreter\linkResolver.cpp, line 766]
Event: 9.317 Thread 0x000001a1b0e811c0 Exception <a 'java/lang/NoSuchMethodError'{0x00000000a6f910b0}: 'void java.lang.invoke.DirectMethodHandle$Holder.invokeStaticInit(java.lang.Object, java.lang.Object)'> (0x00000000a6f910b0) 
thrown [s\open\src\hotspot\share\interpreter\linkResolver.cpp, line 766]
Event: 10.836 Thread 0x000001a1b0e811c0 Exception <a 'java/lang/NoSuchMethodError'{0x00000000a6c84d20}: 'void java.lang.invoke.Invokers$Holder.invokeExact_MT(java.lang.Object, int, java.lang.Object)'> (0x00000000a6c84d20) 
thrown [s\open\src\hotspot\share\interpreter\linkResolver.cpp, line 766]
Event: 10.976 Thread 0x000001a1b0e811c0 Exception <a 'java/lang/NoSuchMethodError'{0x00000000a6bb8660}: 'void java.lang.invoke.DirectMethodHandle$Holder.invokeVirtual(java.lang.Object, java.lang.Object)'> (0x00000000a6bb8660) 
thrown [s\open\src\hotspot\share\interpreter\linkResolver.cpp, line 766]
Event: 11.097 Thread 0x000001a1b0e811c0 Exception <a 'java/lang/NoSuchMethodError'{0x00000000a6a42548}: 'int java.lang.invoke.DirectMethodHandle$Holder.invokeVirtual(java.lang.Object, java.lang.Object)'> (0x00000000a6a42548) 
thrown [s\open\src\hotspot\share\interpreter\linkResolver.cpp, line 766]
Event: 11.231 Thread 0x000001a1b0e811c0 Exception <a 'java/lang/NoSuchMethodError'{0x00000000a6ae7470}: 'java.lang.Object java.lang.invoke.Invokers$Holder.invokeExact_MT(java.lang.Object, java.lang.Object, java.lang.Object, java.lang.Object, java.lang.Object, java.lang.Object)'> (0x00000000a6ae7470) 
thrown [s\open\src\hotspot\share\interpreter\linkResolver.cpp, line 766]
Event: 16.150 Thread 0x000001a1b0e811c0 Exception <a 'java/lang/NoSuchMethodError'{0x00000000a6391040}: 'java.lang.Object java.lang.invoke.DirectMethodHandle$Holder.invokeVirtual(java.lang.Object, java.lang.Object, java.lang.Object)'> (0x00000000a6391040) 
thrown [s\open\src\hotspot\share\interpreter\linkResolver.cpp, line 766]

VM Operations (20 events):
Event: 11.958 Executing VM operation: G1Concurrent
Event: 11.964 Executing VM operation: G1Concurrent done
Event: 11.966 Executing VM operation: G1Concurrent
Event: 11.972 Executing VM operation: G1Concurrent done
Event: 12.977 Executing VM operation: Cleanup
Event: 12.986 Executing VM operation: Cleanup done
Event: 13.992 Executing VM operation: Cleanup
Event: 14.008 Executing VM operation: Cleanup done
Event: 15.016 Executing VM operation: Cleanup
Event: 15.016 Executing VM operation: Cleanup done
Event: 15.888 Executing VM operation: G1CollectForAllocation
Event: 15.937 Executing VM operation: G1CollectForAllocation done
Event: 16.054 Executing VM operation: G1CollectForAllocation
Event: 16.069 Executing VM operation: G1CollectForAllocation done
Event: 17.073 Executing VM operation: Cleanup
Event: 17.136 Executing VM operation: Cleanup done
Event: 17.631 Executing VM operation: G1CollectForAllocation
Event: 17.645 Executing VM operation: G1CollectForAllocation done
Event: 17.656 Executing VM operation: HandshakeAllThreads
Event: 17.656 Executing VM operation: HandshakeAllThreads done

Events (19 events):
Event: 0.021 Loaded shared library C:\Program Files\Java\jdk-18.0.1.1\bin\java.dll
Event: 0.086 Loaded shared library C:\Program Files\Java\jdk-18.0.1.1\bin\jsvml.dll
Event: 0.087 Thread 0x000001a1b0e811c0 Thread added: 0x000001a1b0e811c0
Event: 0.094 Thread 0x000001a1ce0bbe60 Thread added: 0x000001a1ce0bbe60
Event: 0.094 Thread 0x000001a1ce0bcac0 Thread added: 0x000001a1ce0bcac0
Event: 0.114 Thread 0x000001a1ce0d2ab0 Thread added: 0x000001a1ce0d2ab0
Event: 0.114 Thread 0x000001a1ce0d4370 Thread added: 0x000001a1ce0d4370
Event: 0.114 Thread 0x000001a1ce0d4d10 Thread added: 0x000001a1ce0d4d10
Event: 0.114 Thread 0x000001a1ce0d56b0 Thread added: 0x000001a1ce0d56b0
Event: 0.114 Thread 0x000001a1ce0d72a0 Thread added: 0x000001a1ce0d72a0
Event: 0.114 Thread 0x000001a1ce0d7b90 Thread added: 0x000001a1ce0d7b90
Event: 0.114 Thread 0x000001a1ce0e04c0 Thread added: 0x000001a1ce0e04c0
Event: 0.284 Thread 0x000001a1d249b000 Thread added: 0x000001a1d249b000
Event: 0.287 Thread 0x000001a1d24a2f80 Thread added: 0x000001a1d24a2f80
Event: 0.290 Loaded shared library C:\Program Files\Java\jdk-18.0.1.1\bin\net.dll
Event: 0.293 Loaded shared library C:\Program Files\Java\jdk-18.0.1.1\bin\nio.dll
Event: 0.467 Loaded shared library C:\Program Files\Java\jdk-18.0.1.1\bin\zip.dll
Event: 0.529 Loaded shared library C:\Program Files\Java\jdk-18.0.1.1\bin\jimage.dll
Event: 3.901 Loaded shared library C:\Program Files\Java\jdk-18.0.1.1\bin\verify.dll


Dynamic libraries:
0x00007ff6445a0000 - 0x00007ff6445b0000 	C:\Program Files\Java\jdk-18.0.1.1\bin\java.exe
0x00007ffe9f5f0000 - 0x00007ffe9f807000 	C:\WINDOWS\SYSTEM32\ntdll.dll
0x00007ffe9d6f0000 - 0x00007ffe9d7b4000 	C:\WINDOWS\System32\KERNEL32.DLL
0x00007ffe9cc80000 - 0x00007ffe9d026000 	C:\WINDOWS\System32\KERNELBASE.dll
0x00007ffe9ca40000 - 0x00007ffe9cb51000 	C:\WINDOWS\System32\ucrtbase.dll
0x00007ffe47db0000 - 0x00007ffe47dc8000 	C:\Program Files\Java\jdk-18.0.1.1\bin\jli.dll
0x00007ffdd3680000 - 0x00007ffdd369a000 	C:\Program Files\Java\jdk-18.0.1.1\bin\VCRUNTIME140.dll
0x00007ffe9d910000 - 0x00007ffe9d9c3000 	C:\WINDOWS\System32\ADVAPI32.dll
0x00007ffe9e420000 - 0x00007ffe9e4c7000 	C:\WINDOWS\System32\msvcrt.dll
0x00007ffe9d7c0000 - 0x00007ffe9d868000 	C:\WINDOWS\System32\sechost.dll
0x00007ffe9cc50000 - 0x00007ffe9cc78000 	C:\WINDOWS\System32\bcrypt.dll
0x00007ffe9e2f0000 - 0x00007ffe9e407000 	C:\WINDOWS\System32\RPCRT4.dll
0x00007ffe9f0f0000 - 0x00007ffe9f29e000 	C:\WINDOWS\System32\USER32.dll
0x00007ffe9cc20000 - 0x00007ffe9cc46000 	C:\WINDOWS\System32\win32u.dll
0x00007ffe9e1c0000 - 0x00007ffe9e1e9000 	C:\WINDOWS\System32\GDI32.dll
0x00007ffe8cdb0000 - 0x00007ffe8d043000 	C:\WINDOWS\WinSxS\amd64_microsoft.windows.common-controls_6595b64144ccf1df_6.0.22621.2506_none_270c5ae97388e100\COMCTL32.dll
0x00007ffe9d220000 - 0x00007ffe9d338000 	C:\WINDOWS\System32\gdi32full.dll
0x00007ffe9c9a0000 - 0x00007ffe9ca3a000 	C:\WINDOWS\System32\msvcp_win.dll
0x00007ffe95610000 - 0x00007ffe9561a000 	C:\WINDOWS\SYSTEM32\VERSION.dll
0x00007ffe9da20000 - 0x00007ffe9da51000 	C:\WINDOWS\System32\IMM32.DLL
0x00007ffe45f90000 - 0x00007ffe45f9c000 	C:\Program Files\Java\jdk-18.0.1.1\bin\vcruntime140_1.dll
0x00007ffdcbe80000 - 0x00007ffdcbf0d000 	C:\Program Files\Java\jdk-18.0.1.1\bin\msvcp140.dll
0x00007ffdcb1d0000 - 0x00007ffdcbde0000 	C:\Program Files\Java\jdk-18.0.1.1\bin\server\jvm.dll
0x00007ffe9da60000 - 0x00007ffe9da68000 	C:\WINDOWS\System32\PSAPI.DLL
0x00007ffe95b90000 - 0x00007ffe95bc4000 	C:\WINDOWS\SYSTEM32\WINMM.dll
0x00007ffe71780000 - 0x00007ffe71789000 	C:\WINDOWS\SYSTEM32\WSOCK32.dll
0x00007ffe9e270000 - 0x00007ffe9e2e1000 	C:\WINDOWS\System32\WS2_32.dll
0x00007ffe9b960000 - 0x00007ffe9b978000 	C:\WINDOWS\SYSTEM32\kernel.appcore.dll
0x00007ffdf9b10000 - 0x00007ffdf9b1a000 	C:\Program Files\Java\jdk-18.0.1.1\bin\jimage.dll
0x00007ffe9a4e0000 - 0x00007ffe9a713000 	C:\WINDOWS\SYSTEM32\DBGHELP.DLL
0x00007ffe9d360000 - 0x00007ffe9d6e9000 	C:\WINDOWS\System32\combase.dll
0x00007ffe9dfc0000 - 0x00007ffe9e097000 	C:\WINDOWS\System32\OLEAUT32.dll
0x00007ffe79120000 - 0x00007ffe79152000 	C:\WINDOWS\SYSTEM32\dbgcore.DLL
0x00007ffe9d1a0000 - 0x00007ffe9d21a000 	C:\WINDOWS\System32\bcryptPrimitives.dll
0x00007ffdd32f0000 - 0x00007ffdd3315000 	C:\Program Files\Java\jdk-18.0.1.1\bin\java.dll
0x00007ffdcb0f0000 - 0x00007ffdcb1c6000 	C:\Program Files\Java\jdk-18.0.1.1\bin\jsvml.dll
0x00007ffe9e890000 - 0x00007ffe9f0ea000 	C:\WINDOWS\System32\SHELL32.dll
0x00007ffe9a880000 - 0x00007ffe9b176000 	C:\WINDOWS\SYSTEM32\windows.storage.dll
0x00007ffe9a740000 - 0x00007ffe9a87e000 	C:\WINDOWS\SYSTEM32\wintypes.dll
0x00007ffe9e540000 - 0x00007ffe9e633000 	C:\WINDOWS\System32\SHCORE.dll
0x00007ffe9def0000 - 0x00007ffe9df4e000 	C:\WINDOWS\System32\shlwapi.dll
0x00007ffe9c860000 - 0x00007ffe9c886000 	C:\WINDOWS\SYSTEM32\profapi.dll
0x00007ffdd28c0000 - 0x00007ffdd28d3000 	C:\Program Files\Java\jdk-18.0.1.1\bin\net.dll
0x00007ffe964a0000 - 0x00007ffe965d7000 	C:\WINDOWS\SYSTEM32\WINHTTP.dll
0x00007ffe9bde0000 - 0x00007ffe9be49000 	C:\WINDOWS\system32\mswsock.dll
0x00007ffdd0ec0000 - 0x00007ffdd0ed6000 	C:\Program Files\Java\jdk-18.0.1.1\bin\nio.dll
0x00007ffdcbe60000 - 0x00007ffdcbe78000 	C:\Program Files\Java\jdk-18.0.1.1\bin\zip.dll
0x00007ffdd0eb0000 - 0x00007ffdd0ec0000 	C:\Program Files\Java\jdk-18.0.1.1\bin\verify.dll

dbghelp: loaded successfully - version: 4.0.5 - missing functions: none
symbol engine: initialized successfully - sym options: 0x614 - pdb path: .;C:\Program Files\Java\jdk-18.0.1.1\bin;C:\WINDOWS\SYSTEM32;C:\WINDOWS\WinSxS\amd64_microsoft.windows.common-controls_6595b64144ccf1df_6.0.22621.2506_none_270c5ae97388e100;C:\Program Files\Java\jdk-18.0.1.1\bin\server

VM Arguments:
java_command: org.jetbrains.kotlin.cli.jvm.K2JVMCompiler @C:\Users\lenovo\Preventhi\node_modules\expo-dev-menu\android\build\20240204_18209317793774095339.compiler.options
java_class_path (initial): C:\Users\lenovo\.gradle\caches\modules-2\files-2.1\org.jetbrains.kotlin\kotlin-compiler-embeddable\1.8.10\b0757fd774344d54ce93f5ad6c30ba1c1731c8ff\kotlin-compiler-embeddable-1.8.10.jar;C:\Users\lenovo\.gradle\caches\modules-2\files-2.1\org.jetbrains.kotlin\kotlin-stdlib\1.8.10\6d5560a229477df9406943d5feda5618e98eb64c\kotlin-stdlib-1.8.10.jar;C:\Users\lenovo\.gradle\caches\modules-2\files-2.1\org.jetbrains.kotlin\kotlin-script-runtime\1.8.10\b13ea9c7e46d589139e56086a878763290e20bd5\kotlin-script-runtime-1.8.10.jar;C:\Users\lenovo\.gradle\caches\modules-2\files-2.1\org.jetbrains.kotlin\kotlin-reflect\1.6.10\1cbe9c92c12a94eea200d23c2bbaedaf3daf5132\kotlin-reflect-1.6.10.jar;C:\Users\lenovo\.gradle\caches\modules-2\files-2.1\org.jetbrains.kotlin\kotlin-daemon-embeddable\1.8.10\ad8541d9bc1cf9e52c3204161247910c2cf601d4\kotlin-daemon-embeddable-1.8.10.jar;C:\Users\lenovo\.gradle\caches\modules-2\files-2.1\org.jetbrains.intellij.deps\trove4j\1.0.20200330\3afb14d5f9ceb459d724e907a21145e8ff394f02\trove4j-1.0.20200330.jar;C:\Users\lenovo\.gradle\caches\modules-2\files-2.1\net.java.dev.jna\jna\5.6.0\330f2244e9030119ab3030fc3fededc86713d9cc\jna-5.6.0.jar;C:\Users\lenovo\.gradle\caches\modules-2\files-2.1\org.jetbrains.kotlin\kotlin-stdlib-common\1.8.10\a61b182458550492c12aee66157d7b524a63a5ec\kotlin-stdlib-common-1.8.10.jar;C:\Users\lenovo\.gradle\caches\modules-2\files-2.1\org.jetbrains\annotations\13.0\919f0dfe192fb4e063e7dacadee7f8bb9a2672a9\annotations-13.0.jar
Launcher Type: SUN_STANDARD

[Global flags]
     intx CICompilerCount                          = 4                                         {product} {ergonomic}
     uint ConcGCThreads                            = 3                                         {product} {ergonomic}
     uint G1ConcRefinementThreads                  = 10                                        {product} {ergonomic}
   size_t G1HeapRegionSize                         = 1048576                                   {product} {ergonomic}
    uintx GCDrainStackTargetSize                   = 64                                        {product} {ergonomic}
   size_t InitialHeapSize                          = 98566144                                  {product} {ergonomic}
   size_t MarkStackSize                            = 4194304                                   {product} {ergonomic}
   size_t MaxHeapSize                              = 1572864000                                {product} {ergonomic}
   size_t MaxNewSize                               = 943718400                                 {product} {ergonomic}
   size_t MinHeapDeltaBytes                        = 1048576                                   {product} {ergonomic}
   size_t MinHeapSize                              = 8388608                                   {product} {ergonomic}
    uintx NonNMethodCodeHeapSize                   = 5839372                                {pd product} {ergonomic}
    uintx NonProfiledCodeHeapSize                  = 122909434                              {pd product} {ergonomic}
    uintx ProfiledCodeHeapSize                     = 122909434                              {pd product} {ergonomic}
    uintx ReservedCodeCacheSize                    = 251658240                              {pd product} {ergonomic}
     bool SegmentedCodeCache                       = true                                      {product} {ergonomic}
   size_t SoftMaxHeapSize                          = 1572864000                             {manageable} {ergonomic}
     bool UseCompressedClassPointers               = true                           {product lp64_product} {ergonomic}
     bool UseCompressedOops                        = true                           {product lp64_product} {ergonomic}
     bool UseG1GC                                  = true                                      {product} {ergonomic}
     bool UseLargePagesIndividualAllocation        = false                                  {pd product} {ergonomic}

Logging:
Log output configuration:
 #0: stdout all=warning uptime,level,tags foldmultilines=false
 #1: stderr all=off uptime,level,tags foldmultilines=false

Environment Variables:
CLASSPATH=C:\Users\lenovo\Preventhi\android\\gradle\wrapper\gradle-wrapper.jar
PATH=C:\Users\lenovo\Preventhi\node_modules\.bin;C:\Users\lenovo\Preventhi\node_modules\.bin;C:\Users\lenovo\node_modules\.bin;C:\Users\node_modules\.bin;C:\node_modules\.bin;C:\Users\lenovo\AppData\Roaming\npm\node_modules\npm\node_modules\@npmcli\run-script\lib\node-gyp-bin;C:\Users\lenovo\bin;C:\Program Files\Git\mingw64\bin;C:\Program Files\Git\usr\local\bin;C:\Program Files\Git\usr\bin;C:\Program Files\Git\usr\bin;C:\Program Files\Git\mingw64\bin;C:\Program Files\Git\usr\bin;C:\Users\lenovo\bin;C:\Python311\Scripts;C:\Python311;C:\Program Files\Common Files\Oracle\Java\javapath;C:\Windows\system32;C:\Windows;C:\Windows\System32\Wbem;C:\Windows\System32\WindowsPowerShell\v1.0;C:\Windows\System32\OpenSSH;C:\Program Files (x86)\NVIDIA Corporation\PhysX\Common;C:\Program Files\Java\jdk-18.0.1.1\bin;C:\Program Files\NVIDIA Corporation\NVIDIA NvDLISR;C:\Program Files (x86)\SMLNJ\bin;C:\WINDOWS\system32;C:\WINDOWS;C:\WINDOWS\System32\Wbem;C:\WINDOWS\System32\WindowsPowerShell\v1.0;C:\WINDOWS\System32\OpenSSH;C:\Program Files\nodejs;C:\ProgramData\chocolatey\bin;C:\Program Files\Git\cmd;C:\Users\lenovo\AppData\Local\Android\Sdk\platform-tools;C:\Users\lenovo\AppData\Local\Microsoft\WindowsApps;C:\Users\lenovo\AppData\Local\Programs\Microsoft VS Code\bin;C:\Users\lenovo\AppData\Roaming\npm;C:\Program Files\Git\usr\bin\vendor_perl;C:\Program Files\Git\usr\bin\core_perl
USERNAME=lenovo
SHELL=C:\Program Files\Git\usr\bin\bash.exe
DISPLAY=needs-to-be-defined
LANG=en_US.UTF-8
OS=Windows_NT
PROCESSOR_IDENTIFIER=AMD64 Family 25 Model 80 Stepping 0, AuthenticAMD



---------------  S Y S T E M  ---------------

OS:
 Windows 11 , 64 bit Build 22621 (10.0.22621.2506)
OS uptime: 0 days 0:06 hours

CPU: total 12 (initial active 12) (12 cores per cpu, 2 threads per core) family 25 model 80 stepping 0 microcode 0x0, cx8, cmov, fxsr, ht, mmx, 3dnowpref, sse, sse2, sse3, ssse3, sse4a, sse4.1, sse4.2, popcnt, lzcnt, tsc, tscinvbit, avx, avx2, aes, erms, clmul, bmi1, bmi2, adx, sha, fma, vzeroupper, clflush, clflushopt

Memory: 4k page, system-wide physical 5996M (98M free)
TotalPageFile size 24428M (AvailPageFile size 0M)
current process WorkingSet (physical memory assigned to process): 103M, peak: 104M
current process commit charge ("private bytes"): 246M, peak: 246M

vm_info: Java HotSpot(TM) 64-Bit Server VM (18.0.1.1+2-6) for windows-amd64 JRE (18.0.1.1+2-6), built on Apr 25 2022 21:53:15 by "mach5one" with MS VC++ 16.8 / 16.9 (VS2019)

END.
